#
# There is insufficient memory for the Java Runtime Environment to continue.
# Native memory allocation (mmap) failed to map 985661440 bytes. Error detail: G1 virtual space
# Possible reasons:
#   The system is out of physical RAM or swap space
#   This process is running with CompressedOops enabled, and the Java Heap may be blocking the growth of the native heap
# Possible solutions:
#   Reduce memory load on the system
#   Increase physical memory or swap space
#   Check if swap backing store is full
#   Decrease Java heap size (-Xmx/-Xms)
#   Decrease number of Java threads
#   Decrease Java thread stack sizes (-Xss)
#   Set larger code cache with -XX:ReservedCodeCacheSize=
#   JVM is running with Zero Based Compressed Oops mode in which the Java heap is
#     placed in the first 32GB address space. The Java Heap base address is the
#     maximum limit for the native heap growth. Please use -XX:HeapBaseMinAddress
#     to set the Java Heap base and to place the Java Heap above 32GB virtual address.
# This output file may be truncated or incomplete.
#
#  Out of Memory Error (os_windows.cpp:3631), pid=9996, tid=5320
#
# JRE version: Java(TM) SE Runtime Environment (22.0.2+9) (build 22.0.2+9-70)
# Java VM: Java HotSpot(TM) 64-Bit Server VM (22.0.2+9-70, mixed mode, sharing, tiered, compressed oops, compressed class ptrs, g1 gc, windows-amd64)
# No core dump will be written. Minidumps are not enabled by default on client versions of Windows
#

---------------  S U M M A R Y ------------

Command Line: -XX:MaxMetaspaceSize=4G -XX:ReservedCodeCacheSize=512m -XX:+HeapDumpOnOutOfMemoryError --add-opens=java.base/java.util=ALL-UNNAMED --add-opens=java.base/java.lang=ALL-UNNAMED --add-opens=java.base/java.lang.invoke=ALL-UNNAMED --add-opens=java.prefs/java.util.prefs=ALL-UNNAMED --add-exports=jdk.compiler/com.sun.tools.javac.api=ALL-UNNAMED --add-exports=jdk.compiler/com.sun.tools.javac.util=ALL-UNNAMED --add-opens=java.base/java.nio.charset=ALL-UNNAMED --add-opens=java.base/java.net=ALL-UNNAMED --add-opens=java.base/java.util.concurrent.atomic=ALL-UNNAMED -Xmx8G -Dfile.encoding=utf8 -Duser.country=US -Duser.language=en -Duser.variant -javaagent:C:\Users\Toshiba\.gradle\wrapper\dists\gradle-8.10.2-all\7iv73wktx1xtkvlq19urqw1wm\gradle-8.10.2\lib\agents\gradle-instrumentation-agent-8.10.2.jar org.gradle.launcher.daemon.bootstrap.GradleDaemon 8.10.2

Host: Intel(R) Core(TM) i5-4310U CPU @ 2.00GHz, 4 cores, 3G,  Windows 10 , 64 bit Build 19041 (10.0.19041.1202)
Time: Mon Mar 31 18:51:19 2025 Pakistan Standard Time elapsed time: 679.256131 seconds (0d 0h 11m 19s)

---------------  T H R E A D  ---------------

Current thread (0x000002987e5efe70):  VMThread "VM Thread"          [id=5320, stack(0x000000fd37e00000,0x000000fd37f00000) (1024K)]

Stack: [0x000000fd37e00000,0x000000fd37f00000]
Native frames: (J=compiled Java code, j=interpreted, Vv=VM code, C=native code)
V  [jvm.dll+0x6e26e9]  (no source info available)
V  [jvm.dll+0x875753]  (no source info available)
V  [jvm.dll+0x877b7e]  (no source info available)
V  [jvm.dll+0x878253]  (no source info available)
V  [jvm.dll+0x27fc86]  (no source info available)
V  [jvm.dll+0x6ded85]  (no source info available)
V  [jvm.dll+0x6d388a]  (no source info available)
V  [jvm.dll+0x358b8a]  (no source info available)
V  [jvm.dll+0x3610b6]  (no source info available)
V  [jvm.dll+0x3b419e]  (no source info available)
V  [jvm.dll+0x3b4448]  (no source info available)
V  [jvm.dll+0x32c5ec]  (no source info available)
V  [jvm.dll+0x32c677]  (no source info available)
V  [jvm.dll+0x37244c]  (no source info available)
V  [jvm.dll+0x370b46]  (no source info available)
V  [jvm.dll+0x32bcd7]  (no source info available)
V  [jvm.dll+0x370304]  (no source info available)
V  [jvm.dll+0x87e0f0]  (no source info available)
V  [jvm.dll+0x87f477]  (no source info available)
V  [jvm.dll+0x87f9f0]  (no source info available)
V  [jvm.dll+0x87fc93]  (no source info available)
V  [jvm.dll+0x81dc0b]  (no source info available)
V  [jvm.dll+0x6e0d85]  (no source info available)
C  [ucrtbase.dll+0x21bb2]  (no source info available)
C  [KERNEL32.DLL+0x17034]  (no source info available)
C  [ntdll.dll+0x52651]  (no source info available)

VM_Operation (0x000000fd3d2fb1e0): G1CollectForAllocation, mode: safepoint, requested by thread 0x00000298915ca760


---------------  P R O C E S S  ---------------

Threads class SMR info:
_java_thread_list=0x0000029867b93e40, length=84, elements={
0x000002986bbdcdb0, 0x000002987e60a130, 0x000002987e60a9a0, 0x000002987e60c050,
0x000002987e60c8c0, 0x000002987e60f2c0, 0x000002987e615950, 0x000002987e619c00,
0x000002987e61a2c0, 0x000002986719e2a0, 0x00000298672a0580, 0x0000029867499590,
0x00000298689f06d0, 0x0000029868b67ba0, 0x0000029868af8da0, 0x0000029868af9410,
0x0000029867d77980, 0x0000029867be28f0, 0x0000029867bdfb00, 0x0000029867be1540,
0x0000029867be0190, 0x0000029867be0820, 0x0000029867bdf470, 0x0000029867be1bd0,
0x0000029867be2260, 0x000002987e8a67d0, 0x000002987e8aa970, 0x000002987e8a9c50,
0x000002987e8aa2e0, 0x000002987e8ab000, 0x000002987e8a4070, 0x000002987e8a7b80,
0x000002987e8a8210, 0x000002987e8a4700, 0x000002987e8a6140, 0x000002987e8a5420,
0x0000029882d31f30, 0x000002988018c720, 0x0000029880190230, 0x000002988018c090,
0x000002988018e7f0, 0x0000029880192300, 0x000002988018d440, 0x000002988018b370,
0x000002988018dad0, 0x00000298802e7fc0, 0x00000298802ece80, 0x00000298802e9370,
0x00000298802e8650, 0x00000298802ec7f0, 0x00000298802e8ce0, 0x00000298802eadb0,
0x00000298802ea720, 0x00000298802e9a00, 0x00000298802ea090, 0x00000298802eb440,
0x00000298802ec160, 0x00000298802edba0, 0x00000298802ee230, 0x00000298802e7930,
0x00000298802eef50, 0x0000029880429ca0, 0x000002988042e4d0, 0x000002988018f510,
0x000002989147a910, 0x000002989147d070, 0x0000029891476770, 0x000002989147d700,
0x0000029891477490, 0x00000298915cc830, 0x00000298915cb480, 0x00000298915ccec0,
0x00000298915cd550, 0x00000298915ca0d0, 0x00000298915c65c0, 0x00000298915c6c50,
0x00000298915cbb10, 0x00000298915c72e0, 0x00000298915c9a40, 0x00000298915c8690,
0x00000298915c8d20, 0x00000298915ca760, 0x00000298915cadf0, 0x00000298915cc1a0
}

Java Threads: ( => current thread )
  0x000002986bbdcdb0 JavaThread "main"                              [_thread_blocked, id=9316, stack(0x000000fd37700000,0x000000fd37800000) (1024K)]
  0x000002987e60a130 JavaThread "Reference Handler"          daemon [_thread_blocked, id=13052, stack(0x000000fd37f00000,0x000000fd38000000) (1024K)]
  0x000002987e60a9a0 JavaThread "Finalizer"                  daemon [_thread_blocked, id=11072, stack(0x000000fd38000000,0x000000fd38100000) (1024K)]
  0x000002987e60c050 JavaThread "Signal Dispatcher"          daemon [_thread_blocked, id=10376, stack(0x000000fd38100000,0x000000fd38200000) (1024K)]
  0x000002987e60c8c0 JavaThread "Attach Listener"            daemon [_thread_blocked, id=228, stack(0x000000fd38200000,0x000000fd38300000) (1024K)]
  0x000002987e60f2c0 JavaThread "Service Thread"             daemon [_thread_blocked, id=7936, stack(0x000000fd38300000,0x000000fd38400000) (1024K)]
  0x000002987e615950 JavaThread "Monitor Deflation Thread"   daemon [_thread_blocked, id=5552, stack(0x000000fd38400000,0x000000fd38500000) (1024K)]
  0x000002987e619c00 JavaThread "C2 CompilerThread0"         daemon [_thread_blocked, id=3048, stack(0x000000fd38500000,0x000000fd38600000) (1024K)]
  0x000002987e61a2c0 JavaThread "C1 CompilerThread0"         daemon [_thread_blocked, id=5992, stack(0x000000fd38600000,0x000000fd38700000) (1024K)]
  0x000002986719e2a0 JavaThread "Common-Cleaner"             daemon [_thread_blocked, id=10756, stack(0x000000fd38700000,0x000000fd38800000) (1024K)]
  0x00000298672a0580 JavaThread "Notification Thread"        daemon [_thread_blocked, id=8128, stack(0x000000fd38800000,0x000000fd38900000) (1024K)]
  0x0000029867499590 JavaThread "Daemon health stats"               [_thread_blocked, id=11800, stack(0x000000fd38c00000,0x000000fd38d00000) (1024K)]
  0x00000298689f06d0 JavaThread "Incoming local TCP Connector on port 49414"        [_thread_in_native, id=12392, stack(0x000000fd38d00000,0x000000fd38e00000) (1024K)]
  0x0000029868b67ba0 JavaThread "Daemon periodic checks"            [_thread_blocked, id=13240, stack(0x000000fd38e00000,0x000000fd38f00000) (1024K)]
  0x0000029868af8da0 JavaThread "Daemon"                            [_thread_blocked, id=6924, stack(0x000000fd38f00000,0x000000fd39000000) (1024K)]
  0x0000029868af9410 JavaThread "Handler for socket connection from /127.0.0.1:49414 to /127.0.0.1:49415"        [_thread_in_native, id=1056, stack(0x000000fd39000000,0x000000fd39100000) (1024K)]
  0x0000029867d77980 JavaThread "Cancel handler"                    [_thread_blocked, id=5680, stack(0x000000fd39100000,0x000000fd39200000) (1024K)]
  0x0000029867be28f0 JavaThread "Daemon worker"                     [_thread_blocked, id=3900, stack(0x000000fd39200000,0x000000fd39300000) (1024K)]
  0x0000029867bdfb00 JavaThread "Asynchronous log dispatcher for DefaultDaemonConnection: socket connection from /127.0.0.1:49414 to /127.0.0.1:49415"        [_thread_blocked, id=4240, stack(0x000000fd39300000,0x000000fd39400000) (1024K)]
  0x0000029867be1540 JavaThread "Stdin handler"                     [_thread_blocked, id=10164, stack(0x000000fd39400000,0x000000fd39500000) (1024K)]
  0x0000029867be0190 JavaThread "Daemon client event forwarder"        [_thread_blocked, id=896, stack(0x000000fd39500000,0x000000fd39600000) (1024K)]
  0x0000029867be0820 JavaThread "Cache worker for journal cache (C:\Users\Toshiba\.gradle\caches\journal-1)"        [_thread_blocked, id=7364, stack(0x000000fd39600000,0x000000fd39700000) (1024K)]
  0x0000029867bdf470 JavaThread "File lock request listener"        [_thread_in_native, id=11736, stack(0x000000fd39700000,0x000000fd39800000) (1024K)]
  0x0000029867be1bd0 JavaThread "Cache worker for file hash cache (C:\Users\Toshiba\.gradle\caches\8.10.2\fileHashes)"        [_thread_blocked, id=12236, stack(0x000000fd39800000,0x000000fd39900000) (1024K)]
  0x0000029867be2260 JavaThread "Cache worker for file hash cache (E:\STUDY A\8th Semester\SMD\21K-4556_Software-For-Mobile-Devices\annimations\android\.gradle\8.10.2\fileHashes)"        [_thread_blocked, id=1848, stack(0x000000fd39900000,0x000000fd39a00000) (1024K)]
  0x000002987e8a67d0 JavaThread "Cache worker for Build Output Cleanup Cache (E:\STUDY A\8th Semester\SMD\21K-4556_Software-For-Mobile-Devices\annimations\android\.gradle\buildOutputCleanup)"        [_thread_blocked, id=6660, stack(0x000000fd39a00000,0x000000fd39b00000) (1024K)]
  0x000002987e8aa970 JavaThread "File watcher server"        daemon [_thread_in_native, id=9932, stack(0x000000fd39b00000,0x000000fd39c00000) (1024K)]
  0x000002987e8a9c50 JavaThread "File watcher consumer"      daemon [_thread_blocked, id=7616, stack(0x000000fd39c00000,0x000000fd39d00000) (1024K)]
  0x000002987e8aa2e0 JavaThread "jar transforms"                    [_thread_blocked, id=3640, stack(0x000000fd39d00000,0x000000fd39e00000) (1024K)]
  0x000002987e8ab000 JavaThread "jar transforms Thread 2"           [_thread_blocked, id=2912, stack(0x000000fd39e00000,0x000000fd39f00000) (1024K)]
  0x000002987e8a4070 JavaThread "jar transforms Thread 3"           [_thread_blocked, id=9268, stack(0x000000fd39f00000,0x000000fd3a000000) (1024K)]
  0x000002987e8a7b80 JavaThread "Cache worker for checksums cache (E:\STUDY A\8th Semester\SMD\21K-4556_Software-For-Mobile-Devices\annimations\android\.gradle\8.10.2\checksums)"        [_thread_blocked, id=13060, stack(0x000000fd3a000000,0x000000fd3a100000) (1024K)]
  0x000002987e8a8210 JavaThread "Cache worker for file content cache (C:\Users\Toshiba\.gradle\caches\8.10.2\fileContent)"        [_thread_blocked, id=3260, stack(0x000000fd3a100000,0x000000fd3a200000) (1024K)]
  0x000002987e8a4700 JavaThread "Cache worker for cache directory md-rule (C:\Users\Toshiba\.gradle\caches\8.10.2\md-rule)"        [_thread_blocked, id=2356, stack(0x000000fd3a200000,0x000000fd3a300000) (1024K)]
  0x000002987e8a6140 JavaThread "Cache worker for cache directory md-supplier (C:\Users\Toshiba\.gradle\caches\8.10.2\md-supplier)"        [_thread_blocked, id=8612, stack(0x000000fd3a300000,0x000000fd3a400000) (1024K)]
  0x000002987e8a5420 JavaThread "jar transforms Thread 4"           [_thread_blocked, id=10724, stack(0x000000fd3a400000,0x000000fd3a500000) (1024K)]
  0x0000029882d31f30 JavaThread "Cache worker for Build Output Cleanup Cache (E:\flutter\packages\flutter_tools\gradle\.gradle\buildOutputCleanup)"        [_thread_blocked, id=6744, stack(0x000000fd37400000,0x000000fd37500000) (1024K)]
  0x000002988018c720 JavaThread "Kotlin DSL Writer"                 [_thread_blocked, id=3700, stack(0x000000fd37500000,0x000000fd37600000) (1024K)]
  0x0000029880190230 JavaThread "Unconstrained build operations"        [_thread_blocked, id=4504, stack(0x000000fd3a600000,0x000000fd3a700000) (1024K)]
  0x000002988018c090 JavaThread "Unconstrained build operations Thread 2"        [_thread_blocked, id=10332, stack(0x000000fd3a700000,0x000000fd3a800000) (1024K)]
  0x000002988018e7f0 JavaThread "Unconstrained build operations Thread 3"        [_thread_blocked, id=13080, stack(0x000000fd3a800000,0x000000fd3a900000) (1024K)]
  0x0000029880192300 JavaThread "Unconstrained build operations Thread 4"        [_thread_blocked, id=1976, stack(0x000000fd3a900000,0x000000fd3aa00000) (1024K)]
  0x000002988018d440 JavaThread "Unconstrained build operations Thread 5"        [_thread_blocked, id=4892, stack(0x000000fd3aa00000,0x000000fd3ab00000) (1024K)]
  0x000002988018b370 JavaThread "Unconstrained build operations Thread 6"        [_thread_blocked, id=12836, stack(0x000000fd3ab00000,0x000000fd3ac00000) (1024K)]
  0x000002988018dad0 JavaThread "Unconstrained build operations Thread 7"        [_thread_blocked, id=4260, stack(0x000000fd3ac00000,0x000000fd3ad00000) (1024K)]
  0x00000298802e7fc0 JavaThread "Unconstrained build operations Thread 8"        [_thread_blocked, id=5028, stack(0x000000fd3ad00000,0x000000fd3ae00000) (1024K)]
  0x00000298802ece80 JavaThread "Unconstrained build operations Thread 9"        [_thread_blocked, id=6664, stack(0x000000fd3ae00000,0x000000fd3af00000) (1024K)]
  0x00000298802e9370 JavaThread "Unconstrained build operations Thread 10"        [_thread_blocked, id=10536, stack(0x000000fd3af00000,0x000000fd3b000000) (1024K)]
  0x00000298802e8650 JavaThread "Unconstrained build operations Thread 11"        [_thread_blocked, id=6236, stack(0x000000fd3b000000,0x000000fd3b100000) (1024K)]
  0x00000298802ec7f0 JavaThread "Unconstrained build operations Thread 12"        [_thread_blocked, id=8868, stack(0x000000fd3b100000,0x000000fd3b200000) (1024K)]
  0x00000298802e8ce0 JavaThread "Unconstrained build operations Thread 13"        [_thread_blocked, id=7960, stack(0x000000fd3b200000,0x000000fd3b300000) (1024K)]
  0x00000298802eadb0 JavaThread "Unconstrained build operations Thread 14"        [_thread_blocked, id=628, stack(0x000000fd3b300000,0x000000fd3b400000) (1024K)]
  0x00000298802ea720 JavaThread "Unconstrained build operations Thread 15"        [_thread_blocked, id=13016, stack(0x000000fd3b400000,0x000000fd3b500000) (1024K)]
  0x00000298802e9a00 JavaThread "Unconstrained build operations Thread 16"        [_thread_blocked, id=3584, stack(0x000000fd3b500000,0x000000fd3b600000) (1024K)]
  0x00000298802ea090 JavaThread "Unconstrained build operations Thread 17"        [_thread_blocked, id=4056, stack(0x000000fd3b600000,0x000000fd3b700000) (1024K)]
  0x00000298802eb440 JavaThread "Unconstrained build operations Thread 18"        [_thread_blocked, id=5352, stack(0x000000fd3b700000,0x000000fd3b800000) (1024K)]
  0x00000298802ec160 JavaThread "Unconstrained build operations Thread 19"        [_thread_blocked, id=3968, stack(0x000000fd37600000,0x000000fd37700000) (1024K)]
  0x00000298802edba0 JavaThread "Unconstrained build operations Thread 20"        [_thread_blocked, id=5260, stack(0x000000fd3a500000,0x000000fd3a600000) (1024K)]
  0x00000298802ee230 JavaThread "Unconstrained build operations Thread 21"        [_thread_blocked, id=12840, stack(0x000000fd3b800000,0x000000fd3b900000) (1024K)]
  0x00000298802e7930 JavaThread "Unconstrained build operations Thread 22"        [_thread_blocked, id=7128, stack(0x000000fd3b900000,0x000000fd3ba00000) (1024K)]
  0x00000298802eef50 JavaThread "Unconstrained build operations Thread 23"        [_thread_blocked, id=456, stack(0x000000fd3ba00000,0x000000fd3bb00000) (1024K)]
  0x0000029880429ca0 JavaThread "Unconstrained build operations Thread 24"        [_thread_blocked, id=12300, stack(0x000000fd3bb00000,0x000000fd3bc00000) (1024K)]
  0x000002988042e4d0 JavaThread "Memory manager"                    [_thread_blocked, id=4444, stack(0x000000fd3bc00000,0x000000fd3bd00000) (1024K)]
  0x000002988018f510 JavaThread "build event listener"              [_thread_blocked, id=6344, stack(0x000000fd3bd00000,0x000000fd3be00000) (1024K)]
  0x000002989147a910 JavaThread "included builds"                   [_thread_blocked, id=7888, stack(0x000000fd3bf00000,0x000000fd3c000000) (1024K)]
  0x000002989147d070 JavaThread "Execution worker"                  [_thread_blocked, id=11720, stack(0x000000fd3c000000,0x000000fd3c100000) (1024K)]
  0x0000029891476770 JavaThread "Execution worker Thread 2"         [_thread_blocked, id=2500, stack(0x000000fd3c100000,0x000000fd3c200000) (1024K)]
  0x000002989147d700 JavaThread "Execution worker Thread 3"         [_thread_blocked, id=11488, stack(0x000000fd3c200000,0x000000fd3c300000) (1024K)]
  0x0000029891477490 JavaThread "Cache worker for execution history cache (E:\flutter\packages\flutter_tools\gradle\.gradle\8.10.2\executionHistory)"        [_thread_blocked, id=424, stack(0x000000fd3c300000,0x000000fd3c400000) (1024K)]
  0x00000298915cc830 JavaThread "Unconstrained build operations Thread 25"        [_thread_blocked, id=7552, stack(0x000000fd3c400000,0x000000fd3c500000) (1024K)]
  0x00000298915cb480 JavaThread "Unconstrained build operations Thread 26"        [_thread_blocked, id=8196, stack(0x000000fd3c500000,0x000000fd3c600000) (1024K)]
  0x00000298915ccec0 JavaThread "Unconstrained build operations Thread 27"        [_thread_blocked, id=9456, stack(0x000000fd3c600000,0x000000fd3c700000) (1024K)]
  0x00000298915cd550 JavaThread "Unconstrained build operations Thread 28"        [_thread_blocked, id=9564, stack(0x000000fd3c700000,0x000000fd3c800000) (1024K)]
  0x00000298915ca0d0 JavaThread "Unconstrained build operations Thread 29"        [_thread_blocked, id=4632, stack(0x000000fd3c800000,0x000000fd3c900000) (1024K)]
  0x00000298915c65c0 JavaThread "Unconstrained build operations Thread 30"        [_thread_blocked, id=13072, stack(0x000000fd3c900000,0x000000fd3ca00000) (1024K)]
  0x00000298915c6c50 JavaThread "Unconstrained build operations Thread 31"        [_thread_blocked, id=11408, stack(0x000000fd3ca00000,0x000000fd3cb00000) (1024K)]
  0x00000298915cbb10 JavaThread "Unconstrained build operations Thread 32"        [_thread_blocked, id=5036, stack(0x000000fd3cb00000,0x000000fd3cc00000) (1024K)]
  0x00000298915c72e0 JavaThread "Unconstrained build operations Thread 33"        [_thread_blocked, id=12492, stack(0x000000fd3cc00000,0x000000fd3cd00000) (1024K)]
  0x00000298915c9a40 JavaThread "Unconstrained build operations Thread 34"        [_thread_blocked, id=10172, stack(0x000000fd3cd00000,0x000000fd3ce00000) (1024K)]
  0x00000298915c8690 JavaThread "Unconstrained build operations Thread 35"        [_thread_blocked, id=10884, stack(0x000000fd3ce00000,0x000000fd3cf00000) (1024K)]
  0x00000298915c8d20 JavaThread "Unconstrained build operations Thread 36"        [_thread_blocked, id=8380, stack(0x000000fd3cf00000,0x000000fd3d000000) (1024K)]
  0x00000298915ca760 JavaThread "Unconstrained build operations Thread 37"        [_thread_blocked, id=8064, stack(0x000000fd3d200000,0x000000fd3d300000) (1024K)]
  0x00000298915cadf0 JavaThread "Unconstrained build operations Thread 38"        [_thread_blocked, id=10528, stack(0x000000fd3d300000,0x000000fd3d400000) (1024K)]
  0x00000298915cc1a0 JavaThread "Unconstrained build operations Thread 39"        [_thread_blocked, id=11740, stack(0x000000fd3d400000,0x000000fd3d500000) (1024K)]
Total: 84

Other Threads:
=>0x000002987e5efe70 VMThread "VM Thread"                           [id=5320, stack(0x000000fd37e00000,0x000000fd37f00000) (1024K)]
  0x000002987e5dc3d0 WatcherThread "VM Periodic Task Thread"        [id=7816, stack(0x000000fd37d00000,0x000000fd37e00000) (1024K)]
  0x000002986bc87350 WorkerThread "GC Thread#0"                     [id=8208, stack(0x000000fd37800000,0x000000fd37900000) (1024K)]
  0x00000298673c5eb0 WorkerThread "GC Thread#1"                     [id=1240, stack(0x000000fd38900000,0x000000fd38a00000) (1024K)]
  0x00000298673cabd0 WorkerThread "GC Thread#2"                     [id=4796, stack(0x000000fd38a00000,0x000000fd38b00000) (1024K)]
  0x0000029867e870b0 WorkerThread "GC Thread#3"                     [id=5332, stack(0x000000fd38b00000,0x000000fd38c00000) (1024K)]
  0x000002986bc981e0 ConcurrentGCThread "G1 Main Marker"            [id=2984, stack(0x000000fd37900000,0x000000fd37a00000) (1024K)]
  0x000002986bc99cf0 WorkerThread "G1 Conc#0"                       [id=8548, stack(0x000000fd37a00000,0x000000fd37b00000) (1024K)]
  0x000002987e49e920 ConcurrentGCThread "G1 Refine#0"               [id=6864, stack(0x000000fd37b00000,0x000000fd37c00000) (1024K)]
  0x000002987e4a0f60 ConcurrentGCThread "G1 Service"                [id=3556, stack(0x000000fd37c00000,0x000000fd37d00000) (1024K)]
Total: 10

Threads with active compile tasks:
C2 CompilerThread0  679473 33615       4       org.jetbrains.kotlin.metadata.ProtoBuf$Class::isInitialized (407 bytes)
Total: 1

VM state: at safepoint (normal execution)

VM Mutex/Monitor currently owned by a thread:  ([mutex/lock_event])
[0x00007ffd0635cb80] Threads_lock - owner thread: 0x000002987e5efe70
[0x00007ffd0635cc80] Heap_lock - owner thread: 0x00000298915ca760

Heap address: 0x0000000600000000, size: 8192 MB, Compressed Oops mode: Zero based, Oop shift amount: 3

CDS archive(s) mapped at: [0x0000029822000000-0x0000029822c60000-0x0000029822c60000), size 12976128, SharedBaseAddress: 0x0000029822000000, ArchiveRelocationMode: 1.
Compressed class space mapped at: 0x0000029823000000-0x0000029863000000, reserved size: 1073741824
Narrow klass base: 0x0000029822000000, Narrow klass shift: 0, Narrow klass range: 0x41000000

GC Precious Log:
 CardTable entry size: 512
 Card Set container configuration: InlinePtr #cards 4 size 8 Array Of Cards #cards 32 size 80 Howl #buckets 8 coarsen threshold 7372 Howl Bitmap #cards 1024 size 144 coarsen threshold 921 Card regions per heap region 1 cards per card region 8192
 CPUs: 4 total, 4 available
 Memory: 4005M
 Large Page Support: Disabled
 NUMA Support: Disabled
 Compressed Oops: Enabled (Zero based)
 Heap Region Size: 4M
 Heap Min Capacity: 8M
 Heap Initial Capacity: 64M
 Heap Max Capacity: 8G
 Pre-touch: Disabled
 Parallel Workers: 4
 Concurrent Workers: 1
 Concurrent Refinement Workers: 4
 Periodic GC: Disabled

Heap:
 garbage-first heap   total reserved 8388608K, committed 638976K, used 223898K [0x0000000600000000, 0x0000000800000000)
  region size 4096K, 4 young (16384K), 4 survivors (16384K)
 Metaspace       used 155336K, committed 157952K, reserved 1245184K
  class space    used 20254K, committed 21504K, reserved 1048576K

Heap Regions: E=young(eden), S=young(survivor), O=old, HS=humongous(starts), HC=humongous(continues), CS=collection set, F=free, TAMS=top-at-mark-start, PB=parsable bottom
|   0|0x0000000600000000, 0x0000000600400000, 0x0000000600400000|100%|HS|  |TAMS 0x0000000600400000| PB 0x0000000600000000| Complete |  0
|   1|0x0000000600400000, 0x0000000600800000, 0x0000000600800000|100%| O|  |TAMS 0x0000000600800000| PB 0x0000000600400000| Untracked |  0
|   2|0x0000000600800000, 0x0000000600c00000, 0x0000000600c00000|100%| O|  |TAMS 0x0000000600c00000| PB 0x0000000600800000| Untracked |  0
|   3|0x0000000600c00000, 0x0000000601000000, 0x0000000601000000|100%| O|  |TAMS 0x0000000601000000| PB 0x0000000600c00000| Untracked |  0
|   4|0x0000000601000000, 0x0000000601400000, 0x0000000601400000|100%| O|  |TAMS 0x0000000601400000| PB 0x0000000601000000| Untracked |  0
|   5|0x0000000601400000, 0x0000000601800000, 0x0000000601800000|100%| O|  |TAMS 0x0000000601800000| PB 0x0000000601400000| Untracked |  0
|   6|0x0000000601800000, 0x0000000601c00000, 0x0000000601c00000|100%| O|  |TAMS 0x0000000601c00000| PB 0x0000000601800000| Untracked |  0
|   7|0x0000000601c00000, 0x0000000602000000, 0x0000000602000000|100%| O|  |TAMS 0x0000000602000000| PB 0x0000000601c00000| Untracked |  0
|   8|0x0000000602000000, 0x0000000602400000, 0x0000000602400000|100%| O|  |TAMS 0x0000000602400000| PB 0x0000000602000000| Untracked |  0
|   9|0x0000000602400000, 0x0000000602800000, 0x0000000602800000|100%| O|  |TAMS 0x0000000602800000| PB 0x0000000602400000| Untracked |  0
|  10|0x0000000602800000, 0x0000000602c00000, 0x0000000602c00000|100%| O|  |TAMS 0x0000000602c00000| PB 0x0000000602800000| Untracked |  0
|  11|0x0000000602c00000, 0x0000000603000000, 0x0000000603000000|100%| O|  |TAMS 0x0000000603000000| PB 0x0000000602c00000| Untracked |  0
|  12|0x0000000603000000, 0x0000000603400000, 0x0000000603400000|100%| O|  |TAMS 0x0000000603400000| PB 0x0000000603000000| Untracked |  0
|  13|0x0000000603400000, 0x0000000603800000, 0x0000000603800000|100%| O|  |TAMS 0x0000000603800000| PB 0x0000000603400000| Untracked |  0
|  14|0x0000000603800000, 0x0000000603c00000, 0x0000000603c00000|100%| O|  |TAMS 0x0000000603c00000| PB 0x0000000603800000| Untracked |  0
|  15|0x0000000603c00000, 0x0000000604000000, 0x0000000604000000|100%| O|  |TAMS 0x0000000604000000| PB 0x0000000603c00000| Untracked |  0
|  16|0x0000000604000000, 0x0000000604400000, 0x0000000604400000|100%| O|  |TAMS 0x0000000604400000| PB 0x0000000604000000| Untracked |  0
|  17|0x0000000604400000, 0x0000000604400000, 0x0000000604800000|  0%| F|  |TAMS 0x0000000604400000| PB 0x0000000604400000| Untracked |  0
|  18|0x0000000604800000, 0x0000000604c00000, 0x0000000604c00000|100%| O|  |TAMS 0x0000000604c00000| PB 0x0000000604800000| Untracked |  0
|  19|0x0000000604c00000, 0x0000000605000000, 0x0000000605000000|100%| O|  |TAMS 0x0000000605000000| PB 0x0000000604c00000| Untracked |  0
|  20|0x0000000605000000, 0x0000000605400000, 0x0000000605400000|100%| O|  |TAMS 0x0000000605400000| PB 0x0000000605000000| Untracked |  0
|  21|0x0000000605400000, 0x0000000605800000, 0x0000000605800000|100%| O|  |TAMS 0x0000000605800000| PB 0x0000000605400000| Untracked |  0
|  22|0x0000000605800000, 0x0000000605c00000, 0x0000000605c00000|100%| O|  |TAMS 0x0000000605c00000| PB 0x0000000605800000| Untracked |  0
|  23|0x0000000605c00000, 0x0000000606000000, 0x0000000606000000|100%| O|  |TAMS 0x0000000606000000| PB 0x0000000605c00000| Untracked |  0
|  24|0x0000000606000000, 0x0000000606400000, 0x0000000606400000|100%| O|  |TAMS 0x0000000606400000| PB 0x0000000606000000| Untracked |  0
|  25|0x0000000606400000, 0x0000000606800000, 0x0000000606800000|100%|HS|  |TAMS 0x0000000606800000| PB 0x0000000606400000| Complete |  0
|  26|0x0000000606800000, 0x0000000606bfdb90, 0x0000000606c00000| 99%| O|  |TAMS 0x0000000606bfdb90| PB 0x0000000606800000| Untracked |  0
|  27|0x0000000606c00000, 0x0000000607000000, 0x0000000607000000|100%| O|  |TAMS 0x0000000607000000| PB 0x0000000606c00000| Untracked |  0
|  28|0x0000000607000000, 0x00000006072f6508, 0x0000000607400000| 74%| O|  |TAMS 0x00000006072f6508| PB 0x0000000607000000| Untracked |  0
|  29|0x0000000607400000, 0x0000000607800000, 0x0000000607800000|100%|HS|  |TAMS 0x0000000607800000| PB 0x0000000607400000| Complete |  0
|  30|0x0000000607800000, 0x0000000607bb2a10, 0x0000000607c00000| 92%| O|  |TAMS 0x0000000607bb2a10| PB 0x0000000607800000| Untracked |  0
|  31|0x0000000607c00000, 0x0000000608000000, 0x0000000608000000|100%| O|  |TAMS 0x0000000608000000| PB 0x0000000607c00000| Untracked |  0
|  32|0x0000000608000000, 0x0000000608400000, 0x0000000608400000|100%| O|  |TAMS 0x0000000608400000| PB 0x0000000608000000| Untracked |  0
|  33|0x0000000608400000, 0x0000000608800000, 0x0000000608800000|100%| O|  |TAMS 0x0000000608800000| PB 0x0000000608400000| Untracked |  0
|  34|0x0000000608800000, 0x0000000608c00000, 0x0000000608c00000|100%| O|  |TAMS 0x0000000608c00000| PB 0x0000000608800000| Untracked |  0
|  35|0x0000000608c00000, 0x0000000609000000, 0x0000000609000000|100%| O|  |TAMS 0x0000000609000000| PB 0x0000000608c00000| Untracked |  0
|  36|0x0000000609000000, 0x0000000609400000, 0x0000000609400000|100%| O|  |TAMS 0x0000000609400000| PB 0x0000000609000000| Untracked |  0
|  37|0x0000000609400000, 0x0000000609800000, 0x0000000609800000|100%|HS|  |TAMS 0x0000000609800000| PB 0x0000000609400000| Complete |  0
|  38|0x0000000609800000, 0x0000000609c00000, 0x0000000609c00000|100%|HC|  |TAMS 0x0000000609c00000| PB 0x0000000609800000| Complete |  0
|  39|0x0000000609c00000, 0x000000060a000000, 0x000000060a000000|100%| O|  |TAMS 0x000000060a000000| PB 0x0000000609c00000| Untracked |  0
|  40|0x000000060a000000, 0x000000060a400000, 0x000000060a400000|100%| O|  |TAMS 0x000000060a400000| PB 0x000000060a000000| Untracked |  0
|  41|0x000000060a400000, 0x000000060a800000, 0x000000060a800000|100%| O|  |TAMS 0x000000060a800000| PB 0x000000060a400000| Untracked |  0
|  42|0x000000060a800000, 0x000000060ac00000, 0x000000060ac00000|100%| O|  |TAMS 0x000000060ac00000| PB 0x000000060a800000| Untracked |  0
|  43|0x000000060ac00000, 0x000000060b000000, 0x000000060b000000|100%| O|  |TAMS 0x000000060b000000| PB 0x000000060ac00000| Untracked |  0
|  44|0x000000060b000000, 0x000000060b400000, 0x000000060b400000|100%| O|  |TAMS 0x000000060b400000| PB 0x000000060b000000| Untracked |  0
|  45|0x000000060b400000, 0x000000060b800000, 0x000000060b800000|100%| O|  |TAMS 0x000000060b800000| PB 0x000000060b400000| Untracked |  0
|  46|0x000000060b800000, 0x000000060b800000, 0x000000060bc00000|  0%| F|  |TAMS 0x000000060b800000| PB 0x000000060b800000| Untracked |  0
|  47|0x000000060bc00000, 0x000000060bc00000, 0x000000060c000000|  0%| F|  |TAMS 0x000000060bc00000| PB 0x000000060bc00000| Untracked |  0
|  48|0x000000060c000000, 0x000000060c000000, 0x000000060c400000|  0%| F|  |TAMS 0x000000060c000000| PB 0x000000060c000000| Untracked |  0
|  49|0x000000060c400000, 0x000000060c400000, 0x000000060c800000|  0%| F|  |TAMS 0x000000060c400000| PB 0x000000060c400000| Untracked |  0
|  50|0x000000060c800000, 0x000000060c800000, 0x000000060cc00000|  0%| F|  |TAMS 0x000000060c800000| PB 0x000000060c800000| Untracked |  0
|  51|0x000000060cc00000, 0x000000060cc00000, 0x000000060d000000|  0%| F|  |TAMS 0x000000060cc00000| PB 0x000000060cc00000| Untracked |  0
|  52|0x000000060d000000, 0x000000060d400000, 0x000000060d400000|100%| S|CS|TAMS 0x000000060d000000| PB 0x000000060d000000| Complete |  0
|  53|0x000000060d400000, 0x000000060d800000, 0x000000060d800000|100%| S|CS|TAMS 0x000000060d400000| PB 0x000000060d400000| Complete |  0
|  54|0x000000060d800000, 0x000000060dc00000, 0x000000060dc00000|100%| S|CS|TAMS 0x000000060d800000| PB 0x000000060d800000| Complete |  0
|  55|0x000000060dc00000, 0x000000060dc00000, 0x000000060e000000|  0%| F|  |TAMS 0x000000060dc00000| PB 0x000000060dc00000| Untracked |  0
|  56|0x000000060e000000, 0x000000060e000000, 0x000000060e400000|  0%| F|  |TAMS 0x000000060e000000| PB 0x000000060e000000| Untracked |  0
|  57|0x000000060e400000, 0x000000060e800000, 0x000000060e800000|100%| O|  |TAMS 0x000000060e800000| PB 0x000000060e400000| Untracked |  0
|  58|0x000000060e800000, 0x000000060ec00000, 0x000000060ec00000|100%| O|  |TAMS 0x000000060ec00000| PB 0x000000060e800000| Untracked |  0
|  59|0x000000060ec00000, 0x000000060f000000, 0x000000060f000000|100%| O|  |TAMS 0x000000060f000000| PB 0x000000060ec00000| Untracked |  0
|  60|0x000000060f000000, 0x000000060f400000, 0x000000060f400000|100%| O|  |TAMS 0x000000060f400000| PB 0x000000060f000000| Untracked |  0
|  61|0x000000060f400000, 0x000000060f400000, 0x000000060f800000|  0%| F|  |TAMS 0x000000060f400000| PB 0x000000060f400000| Untracked |  0
|  62|0x000000060f800000, 0x000000060fc00000, 0x000000060fc00000|100%| S|CS|TAMS 0x000000060f800000| PB 0x000000060f800000| Complete |  0
|  63|0x000000060fc00000, 0x000000060fc00000, 0x0000000610000000|  0%| F|  |TAMS 0x000000060fc00000| PB 0x000000060fc00000| Untracked |  0
|  64|0x0000000610000000, 0x0000000610000000, 0x0000000610400000|  0%| F|  |TAMS 0x0000000610000000| PB 0x0000000610000000| Untracked |  0
|  65|0x0000000610400000, 0x0000000610400000, 0x0000000610800000|  0%| F|  |TAMS 0x0000000610400000| PB 0x0000000610400000| Untracked |  0
|  66|0x0000000610800000, 0x0000000610800000, 0x0000000610c00000|  0%| F|  |TAMS 0x0000000610800000| PB 0x0000000610800000| Untracked |  0
|  67|0x0000000610c00000, 0x0000000610c00000, 0x0000000611000000|  0%| F|  |TAMS 0x0000000610c00000| PB 0x0000000610c00000| Untracked |  0
|  68|0x0000000611000000, 0x0000000611000000, 0x0000000611400000|  0%| F|  |TAMS 0x0000000611000000| PB 0x0000000611000000| Untracked |  0
|  69|0x0000000611400000, 0x0000000611400000, 0x0000000611800000|  0%| F|  |TAMS 0x0000000611400000| PB 0x0000000611400000| Untracked |  0
|  70|0x0000000611800000, 0x0000000611800000, 0x0000000611c00000|  0%| F|  |TAMS 0x0000000611800000| PB 0x0000000611800000| Untracked |  0
|  71|0x0000000611c00000, 0x0000000611c00000, 0x0000000612000000|  0%| F|  |TAMS 0x0000000611c00000| PB 0x0000000611c00000| Untracked |  0
|  72|0x0000000612000000, 0x0000000612000000, 0x0000000612400000|  0%| F|  |TAMS 0x0000000612000000| PB 0x0000000612000000| Untracked |  0
|  73|0x0000000612400000, 0x0000000612400000, 0x0000000612800000|  0%| F|  |TAMS 0x0000000612400000| PB 0x0000000612400000| Untracked |  0
|  74|0x0000000612800000, 0x0000000612800000, 0x0000000612c00000|  0%| F|  |TAMS 0x0000000612800000| PB 0x0000000612800000| Untracked |  0
|  75|0x0000000612c00000, 0x0000000612c00000, 0x0000000613000000|  0%| F|  |TAMS 0x0000000612c00000| PB 0x0000000612c00000| Untracked |  0
|  76|0x0000000613000000, 0x0000000613000000, 0x0000000613400000|  0%| F|  |TAMS 0x0000000613000000| PB 0x0000000613000000| Untracked |  0
|  77|0x0000000613400000, 0x0000000613400000, 0x0000000613800000|  0%| F|  |TAMS 0x0000000613400000| PB 0x0000000613400000| Untracked |  0
|  78|0x0000000613800000, 0x0000000613800000, 0x0000000613c00000|  0%| F|  |TAMS 0x0000000613800000| PB 0x0000000613800000| Untracked |  0
|  79|0x0000000613c00000, 0x0000000613c00000, 0x0000000614000000|  0%| F|  |TAMS 0x0000000613c00000| PB 0x0000000613c00000| Untracked |  0
|  80|0x0000000614000000, 0x0000000614400000, 0x0000000614400000|100%| O|Cr|TAMS 0x0000000614000000| PB 0x0000000614000000| Complete |  2
|  81|0x0000000614400000, 0x0000000614400000, 0x0000000614800000|  0%| F|  |TAMS 0x0000000614400000| PB 0x0000000614400000| Untracked |  0
|  82|0x0000000614800000, 0x0000000614800000, 0x0000000614c00000|  0%| F|  |TAMS 0x0000000614800000| PB 0x0000000614800000| Untracked |  0
|  83|0x0000000614c00000, 0x0000000614c00000, 0x0000000615000000|  0%| F|  |TAMS 0x0000000614c00000| PB 0x0000000614c00000| Untracked |  0
|  84|0x0000000615000000, 0x0000000615000000, 0x0000000615400000|  0%| F|  |TAMS 0x0000000615000000| PB 0x0000000615000000| Untracked |  0
|  85|0x0000000615400000, 0x0000000615400000, 0x0000000615800000|  0%| F|  |TAMS 0x0000000615400000| PB 0x0000000615400000| Untracked |  0
|  86|0x0000000615800000, 0x0000000615800000, 0x0000000615c00000|  0%| F|  |TAMS 0x0000000615800000| PB 0x0000000615800000| Untracked |  0
|  87|0x0000000615c00000, 0x0000000615c00000, 0x0000000616000000|  0%| F|  |TAMS 0x0000000615c00000| PB 0x0000000615c00000| Untracked |  0
|  88|0x0000000616000000, 0x0000000616000000, 0x0000000616400000|  0%| F|  |TAMS 0x0000000616000000| PB 0x0000000616000000| Untracked |  0
|  89|0x0000000616400000, 0x0000000616400000, 0x0000000616800000|  0%| F|  |TAMS 0x0000000616400000| PB 0x0000000616400000| Untracked |  0
|  90|0x0000000616800000, 0x0000000616800000, 0x0000000616c00000|  0%| F|  |TAMS 0x0000000616800000| PB 0x0000000616800000| Untracked |  0
|  91|0x0000000616c00000, 0x0000000616c00000, 0x0000000617000000|  0%| F|  |TAMS 0x0000000616c00000| PB 0x0000000616c00000| Untracked |  0
|  92|0x0000000617000000, 0x0000000617000000, 0x0000000617400000|  0%| F|  |TAMS 0x0000000617000000| PB 0x0000000617000000| Untracked |  0
|  93|0x0000000617400000, 0x0000000617400000, 0x0000000617800000|  0%| F|  |TAMS 0x0000000617400000| PB 0x0000000617400000| Untracked |  0
|  94|0x0000000617800000, 0x0000000617800000, 0x0000000617c00000|  0%| F|  |TAMS 0x0000000617800000| PB 0x0000000617800000| Untracked |  0
|  95|0x0000000617c00000, 0x0000000617c00000, 0x0000000618000000|  0%| F|  |TAMS 0x0000000617c00000| PB 0x0000000617c00000| Untracked |  0
|  96|0x0000000618000000, 0x0000000618000000, 0x0000000618400000|  0%| F|  |TAMS 0x0000000618000000| PB 0x0000000618000000| Untracked |  0
|  97|0x0000000618400000, 0x0000000618400000, 0x0000000618800000|  0%| F|  |TAMS 0x0000000618400000| PB 0x0000000618400000| Untracked |  0
|  98|0x0000000618800000, 0x0000000618800000, 0x0000000618c00000|  0%| F|  |TAMS 0x0000000618800000| PB 0x0000000618800000| Untracked |  0
|  99|0x0000000618c00000, 0x0000000618c00000, 0x0000000619000000|  0%| F|  |TAMS 0x0000000618c00000| PB 0x0000000618c00000| Untracked |  0
| 100|0x0000000619000000, 0x0000000619000000, 0x0000000619400000|  0%| F|  |TAMS 0x0000000619000000| PB 0x0000000619000000| Untracked |  0
| 101|0x0000000619400000, 0x0000000619400000, 0x0000000619800000|  0%| F|  |TAMS 0x0000000619400000| PB 0x0000000619400000| Untracked |  0
| 102|0x0000000619800000, 0x0000000619800000, 0x0000000619c00000|  0%| F|  |TAMS 0x0000000619800000| PB 0x0000000619800000| Untracked |  0
| 103|0x0000000619c00000, 0x0000000619c00000, 0x000000061a000000|  0%| F|  |TAMS 0x0000000619c00000| PB 0x0000000619c00000| Untracked |  0
| 104|0x000000061a000000, 0x000000061a000000, 0x000000061a400000|  0%| F|  |TAMS 0x000000061a000000| PB 0x000000061a000000| Untracked |  0
| 105|0x000000061a400000, 0x000000061a400000, 0x000000061a800000|  0%| F|  |TAMS 0x000000061a400000| PB 0x000000061a400000| Untracked |  0
| 106|0x000000061a800000, 0x000000061a800000, 0x000000061ac00000|  0%| F|  |TAMS 0x000000061a800000| PB 0x000000061a800000| Untracked |  0
| 107|0x000000061ac00000, 0x000000061ac00000, 0x000000061b000000|  0%| F|  |TAMS 0x000000061ac00000| PB 0x000000061ac00000| Untracked |  0
| 108|0x000000061b000000, 0x000000061b000000, 0x000000061b400000|  0%| F|  |TAMS 0x000000061b000000| PB 0x000000061b000000| Untracked |  0
| 109|0x000000061b400000, 0x000000061b400000, 0x000000061b800000|  0%| F|  |TAMS 0x000000061b400000| PB 0x000000061b400000| Untracked |  0
| 110|0x000000061b800000, 0x000000061b800000, 0x000000061bc00000|  0%| F|  |TAMS 0x000000061b800000| PB 0x000000061b800000| Untracked |  0
| 111|0x000000061bc00000, 0x000000061bc00000, 0x000000061c000000|  0%| F|  |TAMS 0x000000061bc00000| PB 0x000000061bc00000| Untracked |  0
| 112|0x000000061c000000, 0x000000061c000000, 0x000000061c400000|  0%| F|  |TAMS 0x000000061c000000| PB 0x000000061c000000| Untracked |  0
| 113|0x000000061c400000, 0x000000061c400000, 0x000000061c800000|  0%| F|  |TAMS 0x000000061c400000| PB 0x000000061c400000| Untracked |  0
| 114|0x000000061c800000, 0x000000061c800000, 0x000000061cc00000|  0%| F|  |TAMS 0x000000061c800000| PB 0x000000061c800000| Untracked |  0
| 115|0x000000061cc00000, 0x000000061cc00000, 0x000000061d000000|  0%| F|  |TAMS 0x000000061cc00000| PB 0x000000061cc00000| Untracked |  0
| 116|0x000000061d000000, 0x000000061d000000, 0x000000061d400000|  0%| F|  |TAMS 0x000000061d000000| PB 0x000000061d000000| Untracked |  0
| 117|0x000000061d400000, 0x000000061d400000, 0x000000061d800000|  0%| F|  |TAMS 0x000000061d400000| PB 0x000000061d400000| Untracked |  0
| 118|0x000000061d800000, 0x000000061d800000, 0x000000061dc00000|  0%| F|  |TAMS 0x000000061d800000| PB 0x000000061d800000| Untracked |  0
| 119|0x000000061dc00000, 0x000000061dc00000, 0x000000061e000000|  0%| F|  |TAMS 0x000000061dc00000| PB 0x000000061dc00000| Untracked |  0
| 120|0x000000061e000000, 0x000000061e000000, 0x000000061e400000|  0%| F|  |TAMS 0x000000061e000000| PB 0x000000061e000000| Untracked |  0
| 121|0x000000061e400000, 0x000000061e400000, 0x000000061e800000|  0%| F|  |TAMS 0x000000061e400000| PB 0x000000061e400000| Untracked |  0
| 122|0x000000061e800000, 0x000000061e800000, 0x000000061ec00000|  0%| F|  |TAMS 0x000000061e800000| PB 0x000000061e800000| Untracked |  0
| 123|0x000000061ec00000, 0x000000061ec00000, 0x000000061f000000|  0%| F|  |TAMS 0x000000061ec00000| PB 0x000000061ec00000| Untracked |  0
| 124|0x000000061f000000, 0x000000061f000000, 0x000000061f400000|  0%| F|  |TAMS 0x000000061f000000| PB 0x000000061f000000| Untracked |  0
| 125|0x000000061f400000, 0x000000061f400000, 0x000000061f800000|  0%| F|  |TAMS 0x000000061f400000| PB 0x000000061f400000| Untracked |  0
| 126|0x000000061f800000, 0x000000061f800000, 0x000000061fc00000|  0%| F|  |TAMS 0x000000061f800000| PB 0x000000061f800000| Untracked |  0
| 127|0x000000061fc00000, 0x000000061fc00000, 0x0000000620000000|  0%| F|  |TAMS 0x000000061fc00000| PB 0x000000061fc00000| Untracked |  0
| 128|0x0000000620000000, 0x0000000620000000, 0x0000000620400000|  0%| F|  |TAMS 0x0000000620000000| PB 0x0000000620000000| Untracked |  0
| 129|0x0000000620400000, 0x0000000620400000, 0x0000000620800000|  0%| F|  |TAMS 0x0000000620400000| PB 0x0000000620400000| Untracked |  0
| 130|0x0000000620800000, 0x0000000620800000, 0x0000000620c00000|  0%| F|  |TAMS 0x0000000620800000| PB 0x0000000620800000| Untracked |  0
| 131|0x0000000620c00000, 0x0000000620c00000, 0x0000000621000000|  0%| F|  |TAMS 0x0000000620c00000| PB 0x0000000620c00000| Untracked |  0
| 132|0x0000000621000000, 0x0000000621000000, 0x0000000621400000|  0%| F|  |TAMS 0x0000000621000000| PB 0x0000000621000000| Untracked |  0
| 133|0x0000000621400000, 0x0000000621400000, 0x0000000621800000|  0%| F|  |TAMS 0x0000000621400000| PB 0x0000000621400000| Untracked |  0
| 134|0x0000000621800000, 0x0000000621800000, 0x0000000621c00000|  0%| F|  |TAMS 0x0000000621800000| PB 0x0000000621800000| Untracked |  0
| 135|0x0000000621c00000, 0x0000000621c00000, 0x0000000622000000|  0%| F|  |TAMS 0x0000000621c00000| PB 0x0000000621c00000| Untracked |  0
| 136|0x0000000622000000, 0x0000000622000000, 0x0000000622400000|  0%| F|  |TAMS 0x0000000622000000| PB 0x0000000622000000| Untracked |  0
| 137|0x0000000622400000, 0x0000000622400000, 0x0000000622800000|  0%| F|  |TAMS 0x0000000622400000| PB 0x0000000622400000| Untracked |  0
| 138|0x0000000622800000, 0x0000000622800000, 0x0000000622c00000|  0%| F|  |TAMS 0x0000000622800000| PB 0x0000000622800000| Untracked |  0
| 139|0x0000000622c00000, 0x0000000622c00000, 0x0000000623000000|  0%| F|  |TAMS 0x0000000622c00000| PB 0x0000000622c00000| Untracked |  0
| 140|0x0000000623000000, 0x0000000623000000, 0x0000000623400000|  0%| F|  |TAMS 0x0000000623000000| PB 0x0000000623000000| Untracked |  0
| 141|0x0000000623400000, 0x0000000623400000, 0x0000000623800000|  0%| F|  |TAMS 0x0000000623400000| PB 0x0000000623400000| Untracked |  0
| 142|0x0000000623800000, 0x0000000623800000, 0x0000000623c00000|  0%| F|  |TAMS 0x0000000623800000| PB 0x0000000623800000| Untracked |  0
| 143|0x0000000623c00000, 0x0000000623c00000, 0x0000000624000000|  0%| F|  |TAMS 0x0000000623c00000| PB 0x0000000623c00000| Untracked |  0
| 144|0x0000000624000000, 0x0000000624000000, 0x0000000624400000|  0%| F|  |TAMS 0x0000000624000000| PB 0x0000000624000000| Untracked |  0
| 145|0x0000000624400000, 0x0000000624400000, 0x0000000624800000|  0%| F|  |TAMS 0x0000000624400000| PB 0x0000000624400000| Untracked |  0
| 146|0x0000000624800000, 0x0000000624800000, 0x0000000624c00000|  0%| F|  |TAMS 0x0000000624800000| PB 0x0000000624800000| Untracked |  0
| 147|0x0000000624c00000, 0x0000000624c00000, 0x0000000625000000|  0%| F|  |TAMS 0x0000000624c00000| PB 0x0000000624c00000| Untracked |  0
| 148|0x0000000625000000, 0x0000000625000000, 0x0000000625400000|  0%| F|  |TAMS 0x0000000625000000| PB 0x0000000625000000| Untracked |  0
| 149|0x0000000625400000, 0x0000000625400000, 0x0000000625800000|  0%| F|  |TAMS 0x0000000625400000| PB 0x0000000625400000| Untracked |  0
| 150|0x0000000625800000, 0x0000000625800000, 0x0000000625c00000|  0%| F|  |TAMS 0x0000000625800000| PB 0x0000000625800000| Untracked |  0
| 151|0x0000000625c00000, 0x0000000625c00000, 0x0000000626000000|  0%| F|  |TAMS 0x0000000625c00000| PB 0x0000000625c00000| Untracked |  0
| 152|0x0000000626000000, 0x0000000626000000, 0x0000000626400000|  0%| F|  |TAMS 0x0000000626000000| PB 0x0000000626000000| Untracked |  0
| 153|0x0000000626400000, 0x0000000626400000, 0x0000000626800000|  0%| F|  |TAMS 0x0000000626400000| PB 0x0000000626400000| Untracked |  0
| 154|0x0000000626800000, 0x0000000626800000, 0x0000000626c00000|  0%| F|  |TAMS 0x0000000626800000| PB 0x0000000626800000| Untracked |  0
|2047|0x00000007ffc00000, 0x0000000800000000, 0x0000000800000000|100%| O|  |TAMS 0x0000000800000000| PB 0x00000007ffc00000| Untracked |  0

Card table byte_map: [0x0000029875050000,0x0000029876050000] _byte_map_base: 0x0000029872050000

Marking Bits: (CMBitMap*) 0x000002986bc87900
 Bits: [0x0000029876050000, 0x000002987e050000)

Polling page: 0x0000029869b90000

Metaspace:

Usage:
  Non-class:    131.92 MB used.
      Class:     19.78 MB used.
       Both:    151.70 MB used.

Virtual space:
  Non-class space:      192.00 MB reserved,     133.25 MB ( 69%) committed,  3 nodes.
      Class space:        1.00 GB reserved,      21.00 MB (  2%) committed,  1 nodes.
             Both:        1.19 GB reserved,     154.25 MB ( 13%) committed. 

Chunk freelists:
   Non-Class:  10.73 MB
       Class:  11.03 MB
        Both:  21.77 MB

MaxMetaspaceSize: 4.00 GB
CompressedClassSpaceSize: 1.00 GB
Initial GC threshold: 21.00 MB
Current GC threshold: 257.00 MB
CDS: on
 - commit_granule_bytes: 65536.
 - commit_granule_words: 8192.
 - virtual_space_node_default_size: 8388608.
 - enlarge_chunks_in_place: 1.
 - use_allocation_guard: 0.


Internal statistics:

num_allocs_failed_limit: 27.
num_arena_births: 4592.
num_arena_deaths: 8.
num_vsnodes_births: 4.
num_vsnodes_deaths: 0.
num_space_committed: 2466.
num_space_uncommitted: 0.
num_chunks_returned_to_freelist: 42.
num_chunks_taken_from_freelist: 10518.
num_chunk_merges: 29.
num_chunk_splits: 7563.
num_chunks_enlarged: 5507.
num_inconsistent_stats: 0.

CodeHeap 'non-profiled nmethods': size=259264Kb used=14300Kb max_used=14300Kb free=244963Kb
 bounds [0x00000298102d0000, 0x00000298110d0000, 0x0000029820000000]
CodeHeap 'profiled nmethods': size=259264Kb used=30967Kb max_used=33248Kb free=228296Kb
 bounds [0x0000029800000000, 0x0000029802080000, 0x000002980fd30000]
CodeHeap 'non-nmethods': size=5760Kb used=3214Kb max_used=3281Kb free=2545Kb
 bounds [0x000002980fd30000, 0x0000029810080000, 0x00000298102d0000]
 total_blobs=17318 nmethods=16095 adapters=1124
 compilation: enabled
              stopped_count=0, restarted_count=0
 full_count=0

Compilation events (20 events):
Event: 678.718 Thread 0x000002987e619c00 nmethod 33606 0x0000029810d56710 code [0x0000029810d568a0, 0x0000029810d56e48]
Event: 678.718 Thread 0x000002987e619c00 33603   !   4       org.jetbrains.kotlin.protobuf.AbstractParser::parsePartialFrom (37 bytes)
Event: 678.726 Thread 0x000002987e619c00 nmethod 33603 0x0000029810a58d10 code [0x0000029810a58ec0, 0x0000029810a59328]
Event: 678.726 Thread 0x000002987e619c00 33604       4       org.jetbrains.kotlin.protobuf.CodedInputStream::<init> (69 bytes)
Event: 678.731 Thread 0x000002987e619c00 nmethod 33604 0x00000298107e3c10 code [0x00000298107e3da0, 0x00000298107e4168]
Event: 678.731 Thread 0x000002987e619c00 33609       4       org.jetbrains.kotlin.load.kotlin.FileBasedKotlinClass$3$1::visitEnd (10 bytes)
Event: 678.748 Thread 0x000002987e619c00 nmethod 33609 0x00000298110c0c90 code [0x00000298110c0ec0, 0x00000298110c1bf0]
Event: 678.749 Thread 0x000002987e619c00 33601       4       org.jetbrains.kotlin.metadata.jvm.JvmProtoBuf$JvmFieldSignature$1::parsePartialFrom (7 bytes)
Event: 678.749 Thread 0x000002987e619c00 nmethod 33601 0x00000298105b4c10 code [0x00000298105b4da0, 0x00000298105b4e50]
Event: 678.755 Thread 0x000002987e619c00 33610       4       org.jetbrains.kotlin.metadata.ProtoBuf$Annotation::isInitialized (73 bytes)
Event: 678.773 Thread 0x000002987e619c00 nmethod 33610 0x00000298110c2090 code [0x00000298110c2320, 0x00000298110c2b08]
Event: 678.780 Thread 0x000002987e619c00 33611       4       org.jetbrains.kotlin.incremental.storage.ClassIdExternalizer::save (57 bytes)
Event: 678.866 Thread 0x000002987e619c00 nmethod 33611 0x00000298110c3290 code [0x00000298110c35e0, 0x00000298110c4ec8]
Event: 678.866 Thread 0x000002987e619c00 33612       4       org.jetbrains.org.objectweb.asm.ClassWriter::toByteArray (1535 bytes)
Event: 678.887 Thread 0x000002987e61a2c0 33617       3       org.jetbrains.kotlin.incremental.classpathDiff.RegularKotlinClassSnapshot::<init> (53 bytes)
Event: 678.889 Thread 0x000002987e61a2c0 nmethod 33617 0x0000029800e32510 code [0x0000029800e327e0, 0x0000029800e336e8]
Event: 678.996 Thread 0x000002987e61a2c0 33620       3       org.jetbrains.kotlin.incremental.ClassNodeSnapshotter::snapshotClassExcludingMembers (193 bytes)
Event: 678.999 Thread 0x000002987e61a2c0 nmethod 33620 0x00000298004a8a10 code [0x00000298004a8d60, 0x00000298004aa460]
Event: 679.110 Thread 0x000002987e619c00 nmethod 33612 0x00000298110c6090 code [0x00000298110c6940, 0x00000298110cb6a8]
Event: 679.111 Thread 0x000002987e619c00 33615       4       org.jetbrains.kotlin.metadata.ProtoBuf$Class::isInitialized (407 bytes)

GC Heap History (20 events):
Event: 591.526 GC heap after
{Heap after GC invocations=109 (full 0):
 garbage-first heap   total reserved 8388608K, committed 520192K, used 164570K [0x0000000600000000, 0x0000000800000000)
  region size 4096K, 4 young (16384K), 4 survivors (16384K)
 Metaspace       used 145432K, committed 147904K, reserved 1179648K
  class space    used 19039K, committed 20224K, reserved 1048576K
}
Event: 594.389 GC heap before
{Heap before GC invocations=109 (full 0):
 garbage-first heap   total reserved 8388608K, committed 520192K, used 459482K [0x0000000600000000, 0x0000000800000000)
  region size 4096K, 76 young (311296K), 4 survivors (16384K)
 Metaspace       used 145432K, committed 147904K, reserved 1179648K
  class space    used 19039K, committed 20224K, reserved 1048576K
}
Event: 594.410 GC heap after
{Heap after GC invocations=110 (full 0):
 garbage-first heap   total reserved 8388608K, committed 520192K, used 164766K [0x0000000600000000, 0x0000000800000000)
  region size 4096K, 4 young (16384K), 4 survivors (16384K)
 Metaspace       used 145432K, committed 147904K, reserved 1179648K
  class space    used 19039K, committed 20224K, reserved 1048576K
}
Event: 597.611 GC heap before
{Heap before GC invocations=111 (full 0):
 garbage-first heap   total reserved 8388608K, committed 520192K, used 459678K [0x0000000600000000, 0x0000000800000000)
  region size 4096K, 76 young (311296K), 4 survivors (16384K)
 Metaspace       used 145433K, committed 147904K, reserved 1179648K
  class space    used 19039K, committed 20224K, reserved 1048576K
}
Event: 597.626 GC heap after
{Heap after GC invocations=112 (full 0):
 garbage-first heap   total reserved 8388608K, committed 520192K, used 162672K [0x0000000600000000, 0x0000000800000000)
  region size 4096K, 3 young (12288K), 3 survivors (12288K)
 Metaspace       used 145433K, committed 147904K, reserved 1179648K
  class space    used 19039K, committed 20224K, reserved 1048576K
}
Event: 634.276 GC heap before
{Heap before GC invocations=112 (full 0):
 garbage-first heap   total reserved 8388608K, committed 520192K, used 461680K [0x0000000600000000, 0x0000000800000000)
  region size 4096K, 76 young (311296K), 3 survivors (12288K)
 Metaspace       used 152181K, committed 154752K, reserved 1245184K
  class space    used 19972K, committed 21184K, reserved 1048576K
}
Event: 634.812 GC heap after
{Heap after GC invocations=113 (full 0):
 garbage-first heap   total reserved 8388608K, committed 520192K, used 166476K [0x0000000600000000, 0x0000000800000000)
  region size 4096K, 7 young (28672K), 7 survivors (28672K)
 Metaspace       used 152181K, committed 154752K, reserved 1245184K
  class space    used 19972K, committed 21184K, reserved 1048576K
}
Event: 648.329 GC heap before
{Heap before GC invocations=113 (full 0):
 garbage-first heap   total reserved 8388608K, committed 520192K, used 207436K [0x0000000600000000, 0x0000000800000000)
  region size 4096K, 18 young (73728K), 7 survivors (28672K)
 Metaspace       used 152245K, committed 154880K, reserved 1245184K
  class space    used 19981K, committed 21248K, reserved 1048576K
}
Event: 648.488 GC heap after
{Heap after GC invocations=114 (full 0):
 garbage-first heap   total reserved 8388608K, committed 626688K, used 167096K [0x0000000600000000, 0x0000000800000000)
  region size 4096K, 4 young (16384K), 4 survivors (16384K)
 Metaspace       used 152245K, committed 154880K, reserved 1245184K
  class space    used 19981K, committed 21248K, reserved 1048576K
}
Event: 658.623 GC heap before
{Heap before GC invocations=115 (full 0):
 garbage-first heap   total reserved 8388608K, committed 589824K, used 507064K [0x0000000600000000, 0x0000000800000000)
  region size 4096K, 86 young (352256K), 4 survivors (16384K)
 Metaspace       used 154263K, committed 156800K, reserved 1245184K
  class space    used 20171K, committed 21376K, reserved 1048576K
}
Event: 659.032 GC heap after
{Heap after GC invocations=116 (full 0):
 garbage-first heap   total reserved 8388608K, committed 589824K, used 204481K [0x0000000600000000, 0x0000000800000000)
  region size 4096K, 11 young (45056K), 11 survivors (45056K)
 Metaspace       used 154263K, committed 156800K, reserved 1245184K
  class space    used 20171K, committed 21376K, reserved 1048576K
}
Event: 659.081 GC heap before
{Heap before GC invocations=116 (full 0):
 garbage-first heap   total reserved 8388608K, committed 589824K, used 208577K [0x0000000600000000, 0x0000000800000000)
  region size 4096K, 12 young (49152K), 11 survivors (45056K)
 Metaspace       used 154263K, committed 156800K, reserved 1245184K
  class space    used 20171K, committed 21376K, reserved 1048576K
}
Event: 659.385 GC heap after
{Heap after GC invocations=117 (full 0):
 garbage-first heap   total reserved 8388608K, committed 589824K, used 209403K [0x0000000600000000, 0x0000000800000000)
  region size 4096K, 2 young (8192K), 2 survivors (8192K)
 Metaspace       used 154263K, committed 156800K, reserved 1245184K
  class space    used 20171K, committed 21376K, reserved 1048576K
}
Event: 668.525 GC heap before
{Heap before GC invocations=117 (full 0):
 garbage-first heap   total reserved 8388608K, committed 589824K, used 528891K [0x0000000600000000, 0x0000000800000000)
  region size 4096K, 81 young (331776K), 2 survivors (8192K)
 Metaspace       used 155273K, committed 157888K, reserved 1245184K
  class space    used 20252K, committed 21504K, reserved 1048576K
}
Event: 668.611 GC heap after
{Heap after GC invocations=118 (full 0):
 garbage-first heap   total reserved 8388608K, committed 589824K, used 208038K [0x0000000600000000, 0x0000000800000000)
  region size 4096K, 2 young (8192K), 2 survivors (8192K)
 Metaspace       used 155273K, committed 157888K, reserved 1245184K
  class space    used 20252K, committed 21504K, reserved 1048576K
}
Event: 674.877 GC heap before
{Heap before GC invocations=119 (full 0):
 garbage-first heap   total reserved 8388608K, committed 589824K, used 490662K [0x0000000600000000, 0x0000000800000000)
  region size 4096K, 72 young (294912K), 2 survivors (8192K)
 Metaspace       used 155309K, committed 157888K, reserved 1245184K
  class space    used 20254K, committed 21504K, reserved 1048576K
}
Event: 674.929 GC heap after
{Heap after GC invocations=120 (full 0):
 garbage-first heap   total reserved 8388608K, committed 589824K, used 210724K [0x0000000600000000, 0x0000000800000000)
  region size 4096K, 2 young (8192K), 2 survivors (8192K)
 Metaspace       used 155309K, committed 157888K, reserved 1245184K
  class space    used 20254K, committed 21504K, reserved 1048576K
}
Event: 677.438 GC heap before
{Heap before GC invocations=120 (full 0):
 garbage-first heap   total reserved 8388608K, committed 589824K, used 530212K [0x0000000600000000, 0x0000000800000000)
  region size 4096K, 81 young (331776K), 2 survivors (8192K)
 Metaspace       used 155331K, committed 157952K, reserved 1245184K
  class space    used 20254K, committed 21504K, reserved 1048576K
}
Event: 677.498 GC heap after
{Heap after GC invocations=121 (full 0):
 garbage-first heap   total reserved 8388608K, committed 589824K, used 214510K [0x0000000600000000, 0x0000000800000000)
  region size 4096K, 3 young (12288K), 3 survivors (12288K)
 Metaspace       used 155331K, committed 157952K, reserved 1245184K
  class space    used 20254K, committed 21504K, reserved 1048576K
}
Event: 679.172 GC heap before
{Heap before GC invocations=121 (full 0):
 garbage-first heap   total reserved 8388608K, committed 589824K, used 542190K [0x0000000600000000, 0x0000000800000000)
  region size 4096K, 83 young (339968K), 3 survivors (12288K)
 Metaspace       used 155336K, committed 157952K, reserved 1245184K
  class space    used 20254K, committed 21504K, reserved 1048576K
}

Dll operation events (15 events):
Event: 0.141 Loaded shared library E:\Program Files\Java\jdk-22\bin\java.dll
Event: 0.193 Loaded shared library E:\Program Files\Java\jdk-22\bin\jsvml.dll
Event: 0.371 Loaded shared library E:\Program Files\Java\jdk-22\bin\zip.dll
Event: 0.382 Loaded shared library E:\Program Files\Java\jdk-22\bin\instrument.dll
Event: 0.498 Loaded shared library E:\Program Files\Java\jdk-22\bin\net.dll
Event: 0.578 Loaded shared library E:\Program Files\Java\jdk-22\bin\nio.dll
Event: 0.582 Loaded shared library E:\Program Files\Java\jdk-22\bin\zip.dll
Event: 1.518 Loaded shared library E:\Program Files\Java\jdk-22\bin\jimage.dll
Event: 1.956 Loaded shared library E:\Program Files\Java\jdk-22\bin\verify.dll
Event: 2.574 Loaded shared library C:\Users\Toshiba\.gradle\native\c067742578af261105cb4f569cf0c3c89f3d7b1fecec35dd04571415982c5e48\windows-amd64\native-platform.dll
Event: 2.618 Loaded shared library C:\Users\Toshiba\.gradle\native\100fb08df4bc3b14c8652ba06237920a3bd2aa13389f12d3474272988ae205f9\windows-amd64\native-platform-file-events.dll
Event: 5.664 Loaded shared library E:\Program Files\Java\jdk-22\bin\management.dll
Event: 5.718 Loaded shared library E:\Program Files\Java\jdk-22\bin\management_ext.dll
Event: 6.401 Loaded shared library E:\Program Files\Java\jdk-22\bin\extnet.dll
Event: 6.960 Loaded shared library E:\Program Files\Java\jdk-22\bin\sunmscapi.dll

Deoptimization events (20 events):
Event: 676.516 Thread 0x000002989147d070 DEOPT PACKING pc=0x0000029811072560 sp=0x000000fd3c0f7a30
Event: 676.516 Thread 0x000002989147d070 DEOPT UNPACKING pc=0x000002980fd846a2 sp=0x000000fd3c0f79c8 mode 2
Event: 676.550 Thread 0x00000298915cc1a0 Uncommon trap: trap_request=0xffffff45 fr.pc=0x00000298103a08e0 relative=0x0000000000000600
Event: 676.553 Thread 0x00000298915cc1a0 Uncommon trap: reason=unstable_if action=reinterpret pc=0x00000298103a08e0 method=java.util.zip.ZipEntry.setExtra0([BZZ)V @ 73 c2
Event: 676.553 Thread 0x00000298915cc1a0 DEOPT PACKING pc=0x00000298103a08e0 sp=0x000000fd3d4fbc70
Event: 676.553 Thread 0x00000298915cc1a0 DEOPT UNPACKING pc=0x000002980fd846a2 sp=0x000000fd3d4fbc08 mode 2
Event: 676.894 Thread 0x00000298915ca760 DEOPT PACKING pc=0x000002980196a966 sp=0x000000fd3d2fb330
Event: 676.894 Thread 0x00000298915ca760 DEOPT UNPACKING pc=0x000002980fd84e42 sp=0x000000fd3d2fa970 mode 0
Event: 677.071 Thread 0x00000298915ca760 DEOPT PACKING pc=0x000002980196a945 sp=0x000000fd3d2fb230
Event: 677.071 Thread 0x00000298915ca760 DEOPT UNPACKING pc=0x000002980fd84e42 sp=0x000000fd3d2fa870 mode 0
Event: 677.563 Thread 0x00000298915ca760 DEOPT PACKING pc=0x000002980196a966 sp=0x000000fd3d2fb2e0
Event: 677.563 Thread 0x00000298915ca760 DEOPT UNPACKING pc=0x000002980fd84e42 sp=0x000000fd3d2fa920 mode 0
Event: 677.680 Thread 0x00000298915ca760 DEOPT PACKING pc=0x000002980196a966 sp=0x000000fd3d2fb2e0
Event: 677.680 Thread 0x00000298915ca760 DEOPT UNPACKING pc=0x000002980fd84e42 sp=0x000000fd3d2fa920 mode 0
Event: 677.761 Thread 0x00000298915ca760 DEOPT PACKING pc=0x000002980196a966 sp=0x000000fd3d2fb330
Event: 677.761 Thread 0x00000298915ca760 DEOPT UNPACKING pc=0x000002980fd84e42 sp=0x000000fd3d2fa970 mode 0
Event: 677.866 Thread 0x00000298915cadf0 DEOPT PACKING pc=0x0000029800c3c491 sp=0x000000fd3d3fbe40
Event: 677.866 Thread 0x00000298915cadf0 DEOPT UNPACKING pc=0x000002980fd84e42 sp=0x000000fd3d3fb288 mode 0
Event: 677.967 Thread 0x00000298915cadf0 DEOPT PACKING pc=0x000002980196a945 sp=0x000000fd3d3faf50
Event: 677.969 Thread 0x00000298915cadf0 DEOPT UNPACKING pc=0x000002980fd84e42 sp=0x000000fd3d3fa590 mode 0

Classes loaded (20 events):
Event: 613.354 Loading class sun/security/ssl/SSLEngineOutputRecord
Event: 613.355 Loading class sun/security/ssl/SSLEngineOutputRecord done
Event: 613.361 Loading class sun/security/ssl/SSLEngineOutputRecord$HandshakeFragment
Event: 613.362 Loading class sun/security/ssl/SSLEngineOutputRecord$HandshakeFragment done
Event: 613.362 Loading class sun/security/ssl/SSLEngineOutputRecord$HandshakeMemo
Event: 613.362 Loading class sun/security/ssl/SSLEngineOutputRecord$RecordMemo
Event: 613.362 Loading class sun/security/ssl/SSLEngineOutputRecord$RecordMemo done
Event: 613.362 Loading class sun/security/ssl/SSLEngineOutputRecord$HandshakeMemo done
Event: 613.509 Loading class sun/security/ssl/PreSharedKeyExtension$SHPreSharedKeySpec
Event: 613.509 Loading class sun/security/ssl/PreSharedKeyExtension$SHPreSharedKeySpec done
Event: 620.040 Loading class sun/reflect/annotation/AnnotationInvocationHandler$1
Event: 620.055 Loading class sun/reflect/annotation/AnnotationInvocationHandler$1 done
Event: 620.870 Loading class java/util/TreeMap$KeySpliterator
Event: 620.872 Loading class java/util/TreeMap$TreeMapSpliterator
Event: 620.872 Loading class java/util/TreeMap$TreeMapSpliterator done
Event: 620.872 Loading class java/util/TreeMap$KeySpliterator done
Event: 621.238 Loading class java/util/stream/ReduceOps$6
Event: 621.239 Loading class java/util/stream/ReduceOps$6 done
Event: 621.239 Loading class java/util/stream/ReduceOps$5ReducingSink
Event: 621.239 Loading class java/util/stream/ReduceOps$5ReducingSink done

Classes unloaded (15 events):
Event: 53.866 Thread 0x000002987e5efe70 Unloading class 0x0000029823736800 '_BuildScript_'
Event: 53.867 Thread 0x000002987e5efe70 Unloading class 0x000002982372c918 '_BuildScript_$_run_closure1$_closure2'
Event: 53.867 Thread 0x000002987e5efe70 Unloading class 0x000002982372c530 '_BuildScript_$_run_closure1'
Event: 53.867 Thread 0x000002987e5efe70 Unloading class 0x000002982372c000 '_BuildScript_'
Event: 53.867 Thread 0x000002987e5efe70 Unloading class 0x000002982372a000 '_BuildScript_$_run_closure1$_closure2'
Event: 53.867 Thread 0x000002987e5efe70 Unloading class 0x0000029823729918 '_BuildScript_$_run_closure1'
Event: 53.867 Thread 0x000002987e5efe70 Unloading class 0x00000298237293e8 '_BuildScript_'
Event: 53.867 Thread 0x000002987e5efe70 Unloading class 0x0000029823729000 'ProtobufPatchPlugin$_apply_closure1$_closure2$_closure3$_closure4'
Event: 53.867 Thread 0x000002987e5efe70 Unloading class 0x0000029823728a98 'ProtobufPatchPlugin$_apply_closure1$_closure2$_closure3'
Event: 53.867 Thread 0x000002987e5efe70 Unloading class 0x00000298237286b0 'ProtobufPatchPlugin$_apply_closure1$_closure2'
Event: 53.867 Thread 0x000002987e5efe70 Unloading class 0x00000298237282c8 'ProtobufPatchPlugin$_apply_closure1'
Event: 53.867 Thread 0x000002987e5efe70 Unloading class 0x0000029823728000 'ProtobufPatchPlugin'
Event: 53.867 Thread 0x000002987e5efe70 Unloading class 0x00000298236943e8 '_BuildScript_$_run_closure1$_closure2'
Event: 53.867 Thread 0x000002987e5efe70 Unloading class 0x0000029823694000 '_BuildScript_$_run_closure1'
Event: 53.867 Thread 0x000002987e5efe70 Unloading class 0x000002982368c000 '_BuildScript_'

Classes redefined (0 events):
No events

Internal exceptions (20 events):
Event: 610.691 Thread 0x0000029867be28f0 Implicit null exception at 0x000002981034609e to 0x0000029810346410
Event: 613.780 Thread 0x0000029867be0190 Exception <a 'java/lang/NoSuchMethodError'{0x0000000611e99678}: static Lorg/gradle/internal/build/event/types/NotFoundFileDownloadSuccessResult;.<clinit>()V> (0x0000000611e99678) 
thrown [s\open\src\hotspot\share\prims\jni.cpp, line 1111]
Event: 614.887 Thread 0x0000029867be28f0 Exception <a 'java/lang/NoSuchMethodError'{0x0000000611f33448}: 'void java.lang.invoke.DirectMethodHandle$Holder.invokeStatic(java.lang.Object, java.lang.Object, java.lang.Object, java.lang.Object, java.lang.Object, java.lang.Object, java.lang.Object, java.lang.Object)'> (0x0000000611f33448) 
thrown [s\open\src\hotspot\share\interpreter\linkResolver.cpp, line 774]
Event: 619.245 Thread 0x0000029867be28f0 Exception <a 'java/lang/NoSuchMethodError'{0x00000006112e1800}: 'java.lang.Object java.lang.invoke.DirectMethodHandle$Holder.newInvokeSpecial(java.lang.Object, java.lang.Object, java.lang.Object, java.lang.Object, java.lang.Object, java.lang.Object, int)'> (0x00000006112e1800) 
thrown [s\open\src\hotspot\share\interpreter\linkResolver.cpp, line 774]
Event: 619.255 Thread 0x0000029867be28f0 Exception <a 'java/lang/NoSuchMethodError'{0x00000006112e6fb8}: 'java.lang.Object java.lang.invoke.DirectMethodHandle$Holder.invokeSpecial(java.lang.Object, java.lang.Object, java.lang.Object, java.lang.Object, java.lang.Object, java.lang.Object, java.lang.Object, int)'> (0x00000006112e6fb8) 
thrown [s\open\src\hotspot\share\interpreter\linkResolver.cpp, line 774]
Event: 619.256 Thread 0x0000029867be28f0 Exception <a 'java/lang/NoSuchMethodError'{0x00000006112ec0f8}: 'java.lang.Object java.lang.invoke.Invokers$Holder.linkToTargetMethod(java.lang.Object, java.lang.Object, java.lang.Object, java.lang.Object, java.lang.Object, int, java.lang.Object)'> (0x00000006112ec0f8) 
thrown [s\open\src\hotspot\share\interpreter\linkResolver.cpp, line 774]
Event: 620.605 Thread 0x000002989147a910 Exception <a 'java/lang/NoSuchMethodError'{0x0000000610435758}: 'java.lang.Object java.lang.invoke.DirectMethodHandle$Holder.newInvokeSpecial(java.lang.Object, java.lang.Object, int, java.lang.Object, java.lang.Object)'> (0x0000000610435758) 
thrown [s\open\src\hotspot\share\interpreter\linkResolver.cpp, line 774]
Event: 620.849 Thread 0x000002989147d070 Exception <a 'java/lang/NoSuchMethodError'{0x0000000610615b78}: 'java.lang.Object java.lang.invoke.DirectMethodHandle$Holder.invokeVirtual(java.lang.Object, java.lang.Object, java.lang.Object, java.lang.Object, java.lang.Object, java.lang.Object, java.lang.Object, java.lang.Object, java.lang.Object, java.lang.Object, java.lang.Object, java.lang.Object, java.lang.Object, java.lang.Object, java.lang.Object, java.lang.Object, java.lang.Object, java.lang.Object, java.lang.Object)'> (0x0000000610615b78) 
thrown
Event: 620.891 Thread 0x0000029867be0190 Exception <a 'java/lang/NoSuchMethodError'{0x000000061038b7e0}: static Lorg/gradle/internal/build/event/types/DefaultTaskStartedProgressEvent;.<clinit>()V> (0x000000061038b7e0) 
thrown [s\open\src\hotspot\share\prims\jni.cpp, line 1111]
Event: 620.893 Thread 0x0000029867be0190 Exception <a 'java/lang/NoSuchMethodError'{0x00000006103935f0}: static Lorg/gradle/internal/build/event/types/DefaultTaskDescriptor;.<clinit>()V> (0x00000006103935f0) 
thrown [s\open\src\hotspot\share\prims\jni.cpp, line 1111]
Event: 621.035 Thread 0x0000029867be0190 Exception <a 'java/lang/NoSuchMethodError'{0x000000060fdafb60}: static Lorg/gradle/internal/build/event/types/DefaultTaskFinishedProgressEvent;.<clinit>()V> (0x000000060fdafb60) 
thrown [s\open\src\hotspot\share\prims\jni.cpp, line 1111]
Event: 621.036 Thread 0x0000029867be0190 Exception <a 'java/lang/NoSuchMethodError'{0x000000060fdbf300}: static Lorg/gradle/internal/build/event/types/DefaultTaskSuccessResult;.<clinit>()V> (0x000000060fdbf300) 
thrown [s\open\src\hotspot\share\prims\jni.cpp, line 1111]
Event: 621.037 Thread 0x0000029867be0190 Exception <a 'java/lang/NoSuchMethodError'{0x000000060fdc0a38}: static Lorg/gradle/internal/build/event/types/AbstractTaskResult;.<clinit>()V> (0x000000060fdc0a38) 
thrown [s\open\src\hotspot\share\prims\jni.cpp, line 1111]
Event: 621.042 Thread 0x0000029867be0190 Exception <a 'java/lang/NoSuchMethodError'{0x000000060fdd2af8}: static [Ljava/lang/Object;.<clinit>()V> (0x000000060fdd2af8) 
thrown [s\open\src\hotspot\share\prims\jni.cpp, line 1111]
Event: 621.071 Thread 0x000002989147d070 Exception <a 'java/lang/NoSuchMethodError'{0x000000060fc33b20}: 'void java.lang.invoke.DirectMethodHandle$Holder.invokeSpecial(java.lang.Object, java.lang.Object, java.lang.Object, java.lang.Object, int, java.lang.Object, java.lang.Object)'> (0x000000060fc33b20) 
thrown [s\open\src\hotspot\share\interpreter\linkResolver.cpp, line 774]
Event: 621.310 Thread 0x000002989147d070 Exception <a 'java/lang/NoSuchMethodError'{0x000000060fd08f58}: 'int java.lang.invoke.DirectMethodHandle$Holder.invokeSpecial(java.lang.Object, java.lang.Object, java.lang.Object, java.lang.Object, java.lang.Object)'> (0x000000060fd08f58) 
thrown [s\open\src\hotspot\share\interpreter\linkResolver.cpp, line 774]
Event: 651.447 Thread 0x00000298915ca760 Implicit null exception at 0x0000029810af58a8 to 0x0000029810af84dc
Event: 651.448 Thread 0x00000298915ca760 Implicit null exception at 0x000002981098b73d to 0x000002981098bbac
Event: 653.449 Thread 0x00000298915cadf0 Implicit null exception at 0x0000029810bd676b to 0x0000029810bd74ec
Event: 653.450 Thread 0x00000298915cadf0 Implicit null exception at 0x00000298108595ba to 0x0000029810859a84

ZGC Phase Switch (0 events):
No events

VM Operations (20 events):
Event: 670.704 Executing VM operation: Cleanup done
Event: 671.153 Executing VM operation: G1PauseRemark
Event: 671.561 Executing VM operation: G1PauseRemark done
Event: 671.913 Executing VM operation: G1PauseCleanup
Event: 671.935 Executing VM operation: G1PauseCleanup done
Event: 672.938 Executing VM operation: Cleanup
Event: 672.987 Executing VM operation: Cleanup done
Event: 673.990 Executing VM operation: Cleanup
Event: 674.022 Executing VM operation: Cleanup done
Event: 674.863 Executing VM operation: G1CollectForAllocation (G1 Evacuation Pause)
Event: 674.929 Executing VM operation: G1CollectForAllocation (G1 Evacuation Pause) done
Event: 675.931 Executing VM operation: Cleanup
Event: 675.931 Executing VM operation: Cleanup done
Event: 676.946 Executing VM operation: Cleanup
Event: 676.959 Executing VM operation: Cleanup done
Event: 677.438 Executing VM operation: G1CollectForAllocation (G1 Evacuation Pause)
Event: 677.498 Executing VM operation: G1CollectForAllocation (G1 Evacuation Pause) done
Event: 678.511 Executing VM operation: Cleanup
Event: 678.542 Executing VM operation: Cleanup done
Event: 679.147 Executing VM operation: G1CollectForAllocation (G1 Evacuation Pause)

Memory protections (0 events):
No events

Nmethod flushes (20 events):
Event: 671.556 Thread 0x000002987e5efe70 flushing  nmethod 0x0000029801e23e90
Event: 671.556 Thread 0x000002987e5efe70 flushing  nmethod 0x0000029801e4ff90
Event: 671.556 Thread 0x000002987e5efe70 flushing  nmethod 0x0000029801e50410
Event: 671.556 Thread 0x000002987e5efe70 flushing  nmethod 0x0000029801e50b10
Event: 671.556 Thread 0x000002987e5efe70 flushing  nmethod 0x0000029801e50e90
Event: 671.556 Thread 0x000002987e5efe70 flushing  nmethod 0x0000029801e51a10
Event: 671.556 Thread 0x000002987e5efe70 flushing  nmethod 0x0000029801e72990
Event: 671.556 Thread 0x000002987e5efe70 flushing  nmethod 0x0000029801e73290
Event: 671.556 Thread 0x000002987e5efe70 flushing  nmethod 0x0000029801e74510
Event: 671.556 Thread 0x000002987e5efe70 flushing  nmethod 0x0000029801e74990
Event: 671.556 Thread 0x000002987e5efe70 flushing  nmethod 0x0000029801e83e10
Event: 671.556 Thread 0x000002987e5efe70 flushing  nmethod 0x0000029801e84290
Event: 671.556 Thread 0x000002987e5efe70 flushing  nmethod 0x0000029801ecb810
Event: 671.556 Thread 0x000002987e5efe70 flushing  nmethod 0x0000029801f1fd10
Event: 671.556 Thread 0x000002987e5efe70 flushing  nmethod 0x0000029801f65a10
Event: 671.556 Thread 0x000002987e5efe70 flushing  nmethod 0x0000029801f72590
Event: 671.556 Thread 0x000002987e5efe70 flushing  nmethod 0x0000029801f95e10
Event: 671.556 Thread 0x000002987e5efe70 flushing  nmethod 0x0000029801fc2a90
Event: 671.556 Thread 0x000002987e5efe70 flushing  nmethod 0x0000029801fc8b10
Event: 671.556 Thread 0x000002987e5efe70 flushing  nmethod 0x0000029801ff6310

Events (20 events):
Event: 620.611 Thread 0x000002989147a910 Thread added: 0x0000029891476770
Event: 620.612 Thread 0x000002989147a910 Thread added: 0x000002989147d700
Event: 620.758 Thread 0x000002989147d070 Thread added: 0x0000029891477490
Event: 623.235 Thread 0x000002989147d070 Thread added: 0x00000298915cc830
Event: 623.235 Thread 0x000002989147d070 Thread added: 0x00000298915cb480
Event: 623.235 Thread 0x000002989147d070 Thread added: 0x00000298915ccec0
Event: 624.665 Thread 0x000002989147d070 Thread added: 0x00000298915cd550
Event: 624.665 Thread 0x000002989147d070 Thread added: 0x00000298915ca0d0
Event: 624.666 Thread 0x000002989147d070 Thread added: 0x00000298915c65c0
Event: 627.218 Thread 0x000002989147d070 Thread added: 0x00000298915c6c50
Event: 627.218 Thread 0x000002989147d070 Thread added: 0x00000298915cbb10
Event: 627.218 Thread 0x000002989147d070 Thread added: 0x00000298915c72e0
Event: 630.387 Thread 0x000002989147d070 Thread added: 0x00000298915c9a40
Event: 630.388 Thread 0x000002989147d070 Thread added: 0x00000298915c8690
Event: 630.388 Thread 0x000002989147d070 Thread added: 0x00000298915c8d20
Event: 648.198 Thread 0x000002989147d070 Thread added: 0x00000298915ca760
Event: 648.200 Thread 0x000002989147d070 Thread added: 0x00000298915cadf0
Event: 648.201 Thread 0x000002989147d070 Thread added: 0x00000298915cc1a0
Event: 663.111 Thread 0x000002987e61a2c0 Thread added: 0x000002989097f230
Event: 664.224 Thread 0x000002989097f230 Thread exited: 0x000002989097f230


Dynamic libraries:
0x00007ff635d70000 - 0x00007ff635d80000 	E:\Program Files\Java\jdk-22\bin\java.exe
0x00007ffd5e110000 - 0x00007ffd5e305000 	C:\Windows\SYSTEM32\ntdll.dll
0x00007ffd5daa0000 - 0x00007ffd5db5e000 	C:\Windows\System32\KERNEL32.DLL
0x00007ffd5ba20000 - 0x00007ffd5bce9000 	C:\Windows\System32\KERNELBASE.dll
0x00007ffd5b890000 - 0x00007ffd5b990000 	C:\Windows\System32\ucrtbase.dll
0x00007ffd477d0000 - 0x00007ffd477eb000 	E:\Program Files\Java\jdk-22\bin\VCRUNTIME140.dll
0x00007ffd48890000 - 0x00007ffd488a7000 	E:\Program Files\Java\jdk-22\bin\jli.dll
0x00007ffd5c810000 - 0x00007ffd5c9b1000 	C:\Windows\System32\USER32.dll
0x00007ffd5b830000 - 0x00007ffd5b852000 	C:\Windows\System32\win32u.dll
0x00007ffd5d540000 - 0x00007ffd5d56b000 	C:\Windows\System32\GDI32.dll
0x00007ffd4c100000 - 0x00007ffd4c39a000 	C:\Windows\WinSxS\amd64_microsoft.windows.common-controls_6595b64144ccf1df_6.0.19041.1110_none_60b5254171f9507e\COMCTL32.dll
0x00007ffd5c000000 - 0x00007ffd5c10b000 	C:\Windows\System32\gdi32full.dll
0x00007ffd5bf60000 - 0x00007ffd5bffd000 	C:\Windows\System32\msvcp_win.dll
0x00007ffd5c470000 - 0x00007ffd5c50e000 	C:\Windows\System32\msvcrt.dll
0x00007ffd5c270000 - 0x00007ffd5c2a0000 	C:\Windows\System32\IMM32.DLL
0x00007ffd4d870000 - 0x00007ffd4d87c000 	E:\Program Files\Java\jdk-22\bin\vcruntime140_1.dll
0x00007ffd45240000 - 0x00007ffd452ce000 	E:\Program Files\Java\jdk-22\bin\msvcp140.dll
0x00007ffd056f0000 - 0x00007ffd06439000 	E:\Program Files\Java\jdk-22\bin\server\jvm.dll
0x00007ffd5c2a0000 - 0x00007ffd5c34c000 	C:\Windows\System32\ADVAPI32.dll
0x00007ffd5c770000 - 0x00007ffd5c80b000 	C:\Windows\System32\sechost.dll
0x00007ffd5d570000 - 0x00007ffd5d69a000 	C:\Windows\System32\RPCRT4.dll
0x00007ffd5d290000 - 0x00007ffd5d2fb000 	C:\Windows\System32\WS2_32.dll
0x00007ffd5adf0000 - 0x00007ffd5ae3b000 	C:\Windows\SYSTEM32\POWRPROF.dll
0x00007ffd40100000 - 0x00007ffd40127000 	C:\Windows\SYSTEM32\WINMM.dll
0x00007ffd4dc80000 - 0x00007ffd4dc8a000 	C:\Windows\SYSTEM32\VERSION.dll
0x00007ffd5ac60000 - 0x00007ffd5ac72000 	C:\Windows\SYSTEM32\UMPDC.dll
0x00007ffd59730000 - 0x00007ffd59742000 	C:\Windows\SYSTEM32\kernel.appcore.dll
0x00007ffd477c0000 - 0x00007ffd477ca000 	E:\Program Files\Java\jdk-22\bin\jimage.dll
0x00007ffd4a620000 - 0x00007ffd4a804000 	C:\Windows\SYSTEM32\DBGHELP.DLL
0x00007ffd48e00000 - 0x00007ffd48e2c000 	C:\Windows\SYSTEM32\dbgcore.DLL
0x00007ffd5b990000 - 0x00007ffd5ba13000 	C:\Windows\System32\bcryptPrimitives.dll
0x00007ffd47790000 - 0x00007ffd4779f000 	E:\Program Files\Java\jdk-22\bin\instrument.dll
0x00007ffd47770000 - 0x00007ffd4778e000 	E:\Program Files\Java\jdk-22\bin\java.dll
0x00007ffd5ca20000 - 0x00007ffd5d15f000 	C:\Windows\System32\SHELL32.dll
0x00007ffd5d410000 - 0x00007ffd5d53a000 	C:\Windows\System32\ole32.dll
0x00007ffd5d720000 - 0x00007ffd5da75000 	C:\Windows\System32\combase.dll
0x00007ffd59930000 - 0x00007ffd5a0c0000 	C:\Windows\SYSTEM32\windows.storage.dll
0x00007ffd5b280000 - 0x00007ffd5b2ac000 	C:\Windows\SYSTEM32\Wldp.dll
0x00007ffd5c160000 - 0x00007ffd5c20d000 	C:\Windows\System32\SHCORE.dll
0x00007ffd5c9c0000 - 0x00007ffd5ca15000 	C:\Windows\System32\shlwapi.dll
0x00007ffd5b770000 - 0x00007ffd5b78f000 	C:\Windows\SYSTEM32\profapi.dll
0x00007ffd0a9f0000 - 0x00007ffd0aac7000 	E:\Program Files\Java\jdk-22\bin\jsvml.dll
0x00007ffd45ff0000 - 0x00007ffd46007000 	E:\Program Files\Java\jdk-22\bin\zip.dll
0x00007ffd45fe0000 - 0x00007ffd45ff0000 	E:\Program Files\Java\jdk-22\bin\net.dll
0x00007ffd5afe0000 - 0x00007ffd5b04a000 	C:\Windows\system32\mswsock.dll
0x00007ffd45540000 - 0x00007ffd45556000 	E:\Program Files\Java\jdk-22\bin\nio.dll
0x00007ffd45f20000 - 0x00007ffd45f30000 	E:\Program Files\Java\jdk-22\bin\verify.dll
0x00007ffd45fb0000 - 0x00007ffd45fd7000 	C:\Users\Toshiba\.gradle\native\c067742578af261105cb4f569cf0c3c89f3d7b1fecec35dd04571415982c5e48\windows-amd64\native-platform.dll
0x00007ffd0a360000 - 0x00007ffd0a4a4000 	C:\Users\Toshiba\.gradle\native\100fb08df4bc3b14c8652ba06237920a3bd2aa13389f12d3474272988ae205f9\windows-amd64\native-platform-file-events.dll
0x00007ffd45530000 - 0x00007ffd4553a000 	E:\Program Files\Java\jdk-22\bin\management.dll
0x00007ffd45230000 - 0x00007ffd4523b000 	E:\Program Files\Java\jdk-22\bin\management_ext.dll
0x00007ffd5db60000 - 0x00007ffd5db68000 	C:\Windows\System32\PSAPI.DLL
0x00007ffd5b1d0000 - 0x00007ffd5b1e8000 	C:\Windows\SYSTEM32\CRYPTSP.dll
0x00007ffd5a8f0000 - 0x00007ffd5a924000 	C:\Windows\system32\rsaenh.dll
0x00007ffd5b860000 - 0x00007ffd5b887000 	C:\Windows\System32\bcrypt.dll
0x00007ffd5b730000 - 0x00007ffd5b75e000 	C:\Windows\SYSTEM32\USERENV.dll
0x00007ffd5b1f0000 - 0x00007ffd5b1fc000 	C:\Windows\SYSTEM32\CRYPTBASE.dll
0x00007ffd5ac80000 - 0x00007ffd5acbb000 	C:\Windows\SYSTEM32\IPHLPAPI.DLL
0x00007ffd5c510000 - 0x00007ffd5c518000 	C:\Windows\System32\NSI.dll
0x00007ffd45220000 - 0x00007ffd45229000 	E:\Program Files\Java\jdk-22\bin\extnet.dll
0x00007ffd45210000 - 0x00007ffd4521e000 	E:\Program Files\Java\jdk-22\bin\sunmscapi.dll
0x00007ffd5bda0000 - 0x00007ffd5bef6000 	C:\Windows\System32\CRYPT32.dll
0x00007ffd5b2f0000 - 0x00007ffd5b317000 	C:\Windows\SYSTEM32\ncrypt.dll
0x00007ffd5b2b0000 - 0x00007ffd5b2eb000 	C:\Windows\SYSTEM32\NTASN1.dll
0x00007ffd44e30000 - 0x00007ffd44e37000 	C:\Windows\system32\wshunix.dll
0x00007ffd5a520000 - 0x00007ffd5a553000 	C:\Windows\SYSTEM32\ntmarta.dll
0x00007ffd5acd0000 - 0x00007ffd5ad9c000 	C:\Windows\SYSTEM32\DNSAPI.dll
0x00007ffd4cb30000 - 0x00007ffd4cb3a000 	C:\Windows\System32\rasadhlp.dll
0x00007ffd4cb90000 - 0x00007ffd4cc0f000 	C:\Windows\System32\fwpuclnt.dll
0x00007ffd55930000 - 0x00007ffd55947000 	C:\Windows\system32\napinsp.dll
0x00007ffd4c0e0000 - 0x00007ffd4c0fb000 	C:\Windows\system32\pnrpnsp.dll
0x00007ffd54100000 - 0x00007ffd54115000 	C:\Windows\system32\wshbth.dll
0x00007ffd575b0000 - 0x00007ffd575cd000 	C:\Windows\system32\NLAapi.dll
0x00007ffd47870000 - 0x00007ffd47882000 	C:\Windows\System32\winrnr.dll

dbghelp: loaded successfully - version: 4.0.5 - missing functions: none
symbol engine: initialized successfully - sym options: 0x614 - pdb path: .;E:\Program Files\Java\jdk-22\bin;C:\Windows\SYSTEM32;C:\Windows\WinSxS\amd64_microsoft.windows.common-controls_6595b64144ccf1df_6.0.19041.1110_none_60b5254171f9507e;E:\Program Files\Java\jdk-22\bin\server;C:\Users\Toshiba\.gradle\native\c067742578af261105cb4f569cf0c3c89f3d7b1fecec35dd04571415982c5e48\windows-amd64;C:\Users\Toshiba\.gradle\native\100fb08df4bc3b14c8652ba06237920a3bd2aa13389f12d3474272988ae205f9\windows-amd64

VM Arguments:
jvm_args: -XX:MaxMetaspaceSize=4G -XX:ReservedCodeCacheSize=512m -XX:+HeapDumpOnOutOfMemoryError --add-opens=java.base/java.util=ALL-UNNAMED --add-opens=java.base/java.lang=ALL-UNNAMED --add-opens=java.base/java.lang.invoke=ALL-UNNAMED --add-opens=java.prefs/java.util.prefs=ALL-UNNAMED --add-exports=jdk.compiler/com.sun.tools.javac.api=ALL-UNNAMED --add-exports=jdk.compiler/com.sun.tools.javac.util=ALL-UNNAMED --add-opens=java.base/java.nio.charset=ALL-UNNAMED --add-opens=java.base/java.net=ALL-UNNAMED --add-opens=java.base/java.util.concurrent.atomic=ALL-UNNAMED -Xmx8G -Dfile.encoding=utf8 -Duser.country=US -Duser.language=en -Duser.variant -javaagent:C:\Users\Toshiba\.gradle\wrapper\dists\gradle-8.10.2-all\7iv73wktx1xtkvlq19urqw1wm\gradle-8.10.2\lib\agents\gradle-instrumentation-agent-8.10.2.jar 
java_command: org.gradle.launcher.daemon.bootstrap.GradleDaemon 8.10.2
java_class_path (initial): C:\Users\Toshiba\.gradle\wrapper\dists\gradle-8.10.2-all\7iv73wktx1xtkvlq19urqw1wm\gradle-8.10.2\lib\gradle-daemon-main-8.10.2.jar
Launcher Type: SUN_STANDARD

[Global flags]
     intx CICompilerCount                          = 3                                         {product} {ergonomic}
     uint ConcGCThreads                            = 1                                         {product} {ergonomic}
     uint G1ConcRefinementThreads                  = 4                                         {product} {ergonomic}
   size_t G1HeapRegionSize                         = 4194304                                   {product} {ergonomic}
     bool HeapDumpOnOutOfMemoryError               = true                                   {manageable} {command line}
   size_t InitialHeapSize                          = 67108864                                  {product} {ergonomic}
   size_t MarkStackSize                            = 4194304                                   {product} {ergonomic}
   size_t MaxHeapSize                              = 8589934592                                {product} {command line}
   size_t MaxMetaspaceSize                         = 4294967296                                {product} {command line}
   size_t MaxNewSize                               = 5150605312                                {product} {ergonomic}
   size_t MinHeapDeltaBytes                        = 4194304                                   {product} {ergonomic}
   size_t MinHeapSize                              = 8388608                                   {product} {ergonomic}
    uintx NonNMethodCodeHeapSize                   = 5832780                                {pd product} {ergonomic}
    uintx NonProfiledCodeHeapSize                  = 265519066                              {pd product} {ergonomic}
    uintx ProfiledCodeHeapSize                     = 265519066                              {pd product} {ergonomic}
    uintx ReservedCodeCacheSize                    = 536870912                              {pd product} {command line}
     bool SegmentedCodeCache                       = true                                      {product} {ergonomic}
   size_t SoftMaxHeapSize                          = 8589934592                             {manageable} {ergonomic}
     bool UseCompressedOops                        = true                           {product lp64_product} {ergonomic}
     bool UseG1GC                                  = true                                      {product} {ergonomic}
     bool UseLargePagesIndividualAllocation        = false                                  {pd product} {ergonomic}

Logging:
Log output configuration:
 #0: stdout all=warning uptime,level,tags foldmultilines=false
 #1: stderr all=off uptime,level,tags foldmultilines=false

Environment Variables:
JAVA_HOME=E:\Program Files\Java\jdk-22
PATH=C:\Program Files\Common Files\Oracle\Java\javapath;C:\Windows\system32;C:\Windows;C:\Windows\System32\Wbem;C:\Windows\System32\WindowsPowerShell\v1.0\;C:\Windows\System32\OpenSSH\;E:\NodeJS\;E:\Git\Git\cmd;C:\Program Files\Microsoft SQL Server\Client SDK\ODBC\170\Tools\Binn\;C:\Program Files\dotnet\;C:\Program Files\Microsoft SQL Server\150\Tools\Binn\;E:\Windows Kits\10\Windows Performance Toolkit\;E:\Program Files\Python\Scripts\;E:\Program Files\Python\;C:\Users\Toshiba\AppData\Local\Microsoft\WindowsApps;C:\Users\Toshiba\AppData\Roaming\npm;E:\VisualStudioCode\Microsoft VS Code\bin;C:\Users\Toshiba\AppData\Local\GitHubDesktop\bin;E:\Program Files\Python\python.exe;E:\Program Files\Java\jdk-22\bin;E:\Program Files\IntelliJ IDEA Community Edition 2024.2.3\bin;;C:\Users\Toshiba\.dotnet\tools;E:\flutter\bin;
USERNAME=Toshiba
OS=Windows_NT
PROCESSOR_IDENTIFIER=Intel64 Family 6 Model 69 Stepping 1, GenuineIntel
TMP=C:\Users\Toshiba\AppData\Local\Temp
TEMP=C:\Users\Toshiba\AppData\Local\Temp




Periodic native trim disabled

---------------  S Y S T E M  ---------------

OS:
 Windows 10 , 64 bit Build 19041 (10.0.19041.1202)
OS uptime: 1 days 21:15 hours

CPU: total 4 (initial active 4) (2 cores per cpu, 2 threads per core) family 6 model 69 stepping 1 microcode 0x25, cx8, cmov, fxsr, ht, mmx, sse, sse2, sse3, ssse3, sse4.1, sse4.2, popcnt, lzcnt, tsc, tscinvbit, avx, avx2, aes, erms, clmul, bmi1, bmi2, fma, vzeroupper, clflush, rdtscp, f16c
Processor Information for all 4 processors :
  Max Mhz: 2601, Current Mhz: 2000, Mhz Limit: 1976

Memory: 4k page, system-wide physical 4005M (252M free)
TotalPageFile size 10443M (AvailPageFile size 437M)
current process WorkingSet (physical memory assigned to process): 551M, peak: 708M
current process commit charge ("private bytes"): 1053M, peak: 1993M

vm_info: Java HotSpot(TM) 64-Bit Server VM (22.0.2+9-70) for windows-amd64 JRE (22.0.2+9-70), built on 2024-06-04T16:52:23Z by "mach5one" with MS VC++ 17.6 (VS2022)

END.
