#
# There is insufficient memory for the Java Runtime Environment to continue.
# Native memory allocation (malloc) failed to allocate 893536 bytes. Error detail: Chunk::new
# Possible reasons:
#   The system is out of physical RAM or swap space
#   This process is running with CompressedOops enabled, and the Java Heap may be blocking the growth of the native heap
# Possible solutions:
#   Reduce memory load on the system
#   Increase physical memory or swap space
#   Check if swap backing store is full
#   Decrease Java heap size (-Xmx/-Xms)
#   Decrease number of Java threads
#   Decrease Java thread stack sizes (-Xss)
#   Set larger code cache with -XX:ReservedCodeCacheSize=
#   JVM is running with Zero Based Compressed Oops mode in which the Java heap is
#     placed in the first 32GB address space. The Java Heap base address is the
#     maximum limit for the native heap growth. Please use -XX:HeapBaseMinAddress
#     to set the Java Heap base and to place the Java Heap above 32GB virtual address.
# This output file may be truncated or incomplete.
#
#  Out of Memory Error (arena.cpp:150), pid=11076, tid=10312
#
# JRE version: Java(TM) SE Runtime Environment (22.0.2+9) (build 22.0.2+9-70)
# Java VM: Java HotSpot(TM) 64-Bit Server VM (22.0.2+9-70, mixed mode, sharing, tiered, compressed oops, compressed class ptrs, g1 gc, windows-amd64)
# No core dump will be written. Minidumps are not enabled by default on client versions of Windows
#

---------------  S U M M A R Y ------------

Command Line: -XX:MaxMetaspaceSize=4G -XX:ReservedCodeCacheSize=512m -XX:+HeapDumpOnOutOfMemoryError --add-opens=java.base/java.util=ALL-UNNAMED --add-opens=java.base/java.lang=ALL-UNNAMED --add-opens=java.base/java.lang.invoke=ALL-UNNAMED --add-opens=java.prefs/java.util.prefs=ALL-UNNAMED --add-exports=jdk.compiler/com.sun.tools.javac.api=ALL-UNNAMED --add-exports=jdk.compiler/com.sun.tools.javac.util=ALL-UNNAMED --add-opens=java.base/java.nio.charset=ALL-UNNAMED --add-opens=java.base/java.net=ALL-UNNAMED --add-opens=java.base/java.util.concurrent.atomic=ALL-UNNAMED -Xmx8G -Dfile.encoding=utf8 -Duser.country=US -Duser.language=en -Duser.variant -javaagent:C:\Users\Toshiba\.gradle\wrapper\dists\gradle-8.10.2-all\7iv73wktx1xtkvlq19urqw1wm\gradle-8.10.2\lib\agents\gradle-instrumentation-agent-8.10.2.jar org.gradle.launcher.daemon.bootstrap.GradleDaemon 8.10.2

Host: Intel(R) Core(TM) i5-4310U CPU @ 2.00GHz, 4 cores, 3G,  Windows 10 , 64 bit Build 19041 (10.0.19041.1202)
Time: Wed Apr  9 16:39:57 2025 Pakistan Standard Time elapsed time: 83.455981 seconds (0d 0h 1m 23s)

---------------  T H R E A D  ---------------

Current thread (0x000001fc7dad8310):  JavaThread "C2 CompilerThread0" daemon [_thread_in_native, id=10312, stack(0x000000fbd2800000,0x000000fbd2900000) (1024K)]


Current CompileTask:
C2:83456 12281       4       java.beans.Introspector::addMethod (196 bytes)

Stack: [0x000000fbd2800000,0x000000fbd2900000]
Native frames: (J=compiled Java code, j=interpreted, Vv=VM code, C=native code)
V  [jvm.dll+0x6e26e9]  (no source info available)
V  [jvm.dll+0x875753]  (no source info available)
V  [jvm.dll+0x877b7e]  (no source info available)
V  [jvm.dll+0x878253]  (no source info available)
V  [jvm.dll+0x27fc86]  (no source info available)
V  [jvm.dll+0xc3d0f]  (no source info available)
V  [jvm.dll+0xc3f6b]  (no source info available)
V  [jvm.dll+0x2f3c7f]  (no source info available)
V  [jvm.dll+0x60c0fa]  (no source info available)
V  [jvm.dll+0x250c92]  (no source info available)
V  [jvm.dll+0x24937c]  (no source info available)
V  [jvm.dll+0x246da6]  (no source info available)
V  [jvm.dll+0x1c4e80]  (no source info available)
V  [jvm.dll+0x2568f3]  (no source info available)
V  [jvm.dll+0x254baa]  (no source info available)
V  [jvm.dll+0x3f57a6]  (no source info available)
V  [jvm.dll+0x81dc0b]  (no source info available)
V  [jvm.dll+0x6e0d85]  (no source info available)
C  [ucrtbase.dll+0x21bb2]  (no source info available)
C  [KERNEL32.DLL+0x17034]  (no source info available)
C  [ntdll.dll+0x52651]  (no source info available)


---------------  P R O C E S S  ---------------

Threads class SMR info:
_java_thread_list=0x000001fc80a36820, length=74, elements={
0x000001fc4eee12f0, 0x000001fc7dac62c0, 0x000001fc7dac70e0, 0x000001fc7dac9630,
0x000001fc7dacc0a0, 0x000001fc7daceb10, 0x000001fc7dacf570, 0x000001fc7dad8310,
0x000001fc7dad8dc0, 0x000001fc4d19c950, 0x000001fc4d32aff0, 0x000001fc4eb0e7a0,
0x000001fc4ebc5750, 0x000001fc4ebe5860, 0x000001fc4ea6db80, 0x000001fc4ea5ae80,
0x000001fc4ea5b990, 0x000001fc4eb18e40, 0x000001fc4eb17a90, 0x000001fc4eb18120,
0x000001fc4eb1a1f0, 0x000001fc4eb187b0, 0x000001fc4eb194d0, 0x000001fc4eb19b60,
0x000001fc7e281430, 0x000001fc7e281ac0, 0x000001fc7e282e70, 0x000001fc7e282150,
0x000001fc7e284220, 0x000001fc7e2827e0, 0x000001fc7e280da0, 0x000001fc7fb79310,
0x000001fc7fb7ad50, 0x000001fc7fb799a0, 0x000001fc7fb7a030, 0x000001fc7fb7a6c0,
0x000001fc4defebb0, 0x000001fc4defb0a0, 0x000001fc4def8fd0, 0x000001fc4def9660,
0x000001fc4deff240, 0x000001fc4defb730, 0x000001fc4defcae0, 0x000001fc4defbdc0,
0x000001fc4def9cf0, 0x000001fc4defc450, 0x000001fc4defd800, 0x000001fc4defaa10,
0x000001fc80007830, 0x000001fc800071a0, 0x000001fc800050d0, 0x000001fc80008550,
0x000001fc80006b10, 0x000001fc80009270, 0x000001fc80003d20, 0x000001fc80006480,
0x000001fc80009f90, 0x000001fc80005760, 0x000001fc80009900, 0x000001fc8000b340,
0x000001fc8000a620, 0x000001fc8000acb0, 0x000001fc81faaf20, 0x000001fc81fa3f90,
0x000001fc81fa9b70, 0x000001fc81fab5b0, 0x000001fc81faa890, 0x000001fc81fa4620,
0x000001fc81faa200, 0x000001fc81fa8130, 0x000001fc81fa4cb0, 0x000001fc81fa6060,
0x000001fc81fa94e0, 0x000001fc81fa7410
}

Java Threads: ( => current thread )
  0x000001fc4eee12f0 JavaThread "main"                              [_thread_blocked, id=6656, stack(0x000000fbd1900000,0x000000fbd1a00000) (1024K)]
  0x000001fc7dac62c0 JavaThread "Reference Handler"          daemon [_thread_blocked, id=5992, stack(0x000000fbd2200000,0x000000fbd2300000) (1024K)]
  0x000001fc7dac70e0 JavaThread "Finalizer"                  daemon [_thread_blocked, id=2296, stack(0x000000fbd2300000,0x000000fbd2400000) (1024K)]
  0x000001fc7dac9630 JavaThread "Signal Dispatcher"          daemon [_thread_blocked, id=4404, stack(0x000000fbd2400000,0x000000fbd2500000) (1024K)]
  0x000001fc7dacc0a0 JavaThread "Attach Listener"            daemon [_thread_blocked, id=7400, stack(0x000000fbd2500000,0x000000fbd2600000) (1024K)]
  0x000001fc7daceb10 JavaThread "Service Thread"             daemon [_thread_blocked, id=8420, stack(0x000000fbd2600000,0x000000fbd2700000) (1024K)]
  0x000001fc7dacf570 JavaThread "Monitor Deflation Thread"   daemon [_thread_blocked, id=2624, stack(0x000000fbd2700000,0x000000fbd2800000) (1024K)]
=>0x000001fc7dad8310 JavaThread "C2 CompilerThread0"         daemon [_thread_in_native, id=10312, stack(0x000000fbd2800000,0x000000fbd2900000) (1024K)]
  0x000001fc7dad8dc0 JavaThread "C1 CompilerThread0"         daemon [_thread_blocked, id=10880, stack(0x000000fbd2900000,0x000000fbd2a00000) (1024K)]
  0x000001fc4d19c950 JavaThread "Common-Cleaner"             daemon [_thread_blocked, id=5668, stack(0x000000fbd2a00000,0x000000fbd2b00000) (1024K)]
  0x000001fc4d32aff0 JavaThread "Notification Thread"        daemon [_thread_blocked, id=9776, stack(0x000000fbd2b00000,0x000000fbd2c00000) (1024K)]
  0x000001fc4eb0e7a0 JavaThread "Daemon health stats"               [_thread_blocked, id=6096, stack(0x000000fbd2f00000,0x000000fbd3000000) (1024K)]
  0x000001fc4ebc5750 JavaThread "Incoming local TCP Connector on port 50664"        [_thread_in_native, id=10764, stack(0x000000fbd3000000,0x000000fbd3100000) (1024K)]
  0x000001fc4ebe5860 JavaThread "Daemon periodic checks"            [_thread_blocked, id=4148, stack(0x000000fbd3100000,0x000000fbd3200000) (1024K)]
  0x000001fc4ea6db80 JavaThread "Daemon"                            [_thread_blocked, id=2840, stack(0x000000fbd3200000,0x000000fbd3300000) (1024K)]
  0x000001fc4ea5ae80 JavaThread "Handler for socket connection from /127.0.0.1:50664 to /127.0.0.1:50666"        [_thread_in_native, id=376, stack(0x000000fbd3300000,0x000000fbd3400000) (1024K)]
  0x000001fc4ea5b990 JavaThread "Cancel handler"                    [_thread_blocked, id=10996, stack(0x000000fbd3400000,0x000000fbd3500000) (1024K)]
  0x000001fc4eb18e40 JavaThread "Daemon worker"                     [_thread_in_vm, id=7844, stack(0x000000fbd3500000,0x000000fbd3600000) (1024K)]
  0x000001fc4eb17a90 JavaThread "Asynchronous log dispatcher for DefaultDaemonConnection: socket connection from /127.0.0.1:50664 to /127.0.0.1:50666"        [_thread_blocked, id=4432, stack(0x000000fbd3600000,0x000000fbd3700000) (1024K)]
  0x000001fc4eb18120 JavaThread "Stdin handler"                     [_thread_blocked, id=684, stack(0x000000fbd3700000,0x000000fbd3800000) (1024K)]
  0x000001fc4eb1a1f0 JavaThread "Daemon client event forwarder"        [_thread_blocked, id=6484, stack(0x000000fbd3800000,0x000000fbd3900000) (1024K)]
  0x000001fc4eb187b0 JavaThread "Cache worker for journal cache (C:\Users\Toshiba\.gradle\caches\journal-1)"        [_thread_blocked, id=224, stack(0x000000fbd3900000,0x000000fbd3a00000) (1024K)]
  0x000001fc4eb194d0 JavaThread "File lock request listener"        [_thread_in_native, id=3880, stack(0x000000fbd3a00000,0x000000fbd3b00000) (1024K)]
  0x000001fc4eb19b60 JavaThread "Cache worker for file hash cache (C:\Users\Toshiba\.gradle\caches\8.10.2\fileHashes)"        [_thread_blocked, id=10676, stack(0x000000fbd3b00000,0x000000fbd3c00000) (1024K)]
  0x000001fc7e281430 JavaThread "Cache worker for file hash cache (E:\STUDY A\8th Semester\SMD\21K-4556_Software-For-Mobile-Devices\ani\android\.gradle\8.10.2\fileHashes)"        [_thread_blocked, id=1088, stack(0x000000fbd3d00000,0x000000fbd3e00000) (1024K)]
  0x000001fc7e281ac0 JavaThread "Cache worker for Build Output Cleanup Cache (E:\STUDY A\8th Semester\SMD\21K-4556_Software-For-Mobile-Devices\ani\android\.gradle\buildOutputCleanup)"        [_thread_blocked, id=10320, stack(0x000000fbd3e00000,0x000000fbd3f00000) (1024K)]
  0x000001fc7e282e70 JavaThread "File watcher server"        daemon [_thread_in_native, id=1936, stack(0x000000fbd3c00000,0x000000fbd3d00000) (1024K)]
  0x000001fc7e282150 JavaThread "File watcher consumer"      daemon [_thread_blocked, id=4060, stack(0x000000fbd3f00000,0x000000fbd4000000) (1024K)]
  0x000001fc7e284220 JavaThread "jar transforms"                    [_thread_blocked, id=11164, stack(0x000000fbd4000000,0x000000fbd4100000) (1024K)]
  0x000001fc7e2827e0 JavaThread "jar transforms Thread 2"           [_thread_blocked, id=1516, stack(0x000000fbd4100000,0x000000fbd4200000) (1024K)]
  0x000001fc7e280da0 JavaThread "jar transforms Thread 3"           [_thread_blocked, id=7496, stack(0x000000fbd4200000,0x000000fbd4300000) (1024K)]
  0x000001fc7fb79310 JavaThread "Cache worker for checksums cache (E:\STUDY A\8th Semester\SMD\21K-4556_Software-For-Mobile-Devices\ani\android\.gradle\8.10.2\checksums)"        [_thread_blocked, id=996, stack(0x000000fbd4300000,0x000000fbd4400000) (1024K)]
  0x000001fc7fb7ad50 JavaThread "Cache worker for file content cache (C:\Users\Toshiba\.gradle\caches\8.10.2\fileContent)"        [_thread_blocked, id=6048, stack(0x000000fbd4400000,0x000000fbd4500000) (1024K)]
  0x000001fc7fb799a0 JavaThread "Cache worker for cache directory md-rule (C:\Users\Toshiba\.gradle\caches\8.10.2\md-rule)"        [_thread_blocked, id=9392, stack(0x000000fbd4500000,0x000000fbd4600000) (1024K)]
  0x000001fc7fb7a030 JavaThread "Cache worker for cache directory md-supplier (C:\Users\Toshiba\.gradle\caches\8.10.2\md-supplier)"        [_thread_blocked, id=9124, stack(0x000000fbd4600000,0x000000fbd4700000) (1024K)]
  0x000001fc7fb7a6c0 JavaThread "jar transforms Thread 4"           [_thread_blocked, id=10636, stack(0x000000fbd4700000,0x000000fbd4800000) (1024K)]
  0x000001fc4defebb0 JavaThread "Cache worker for Build Output Cleanup Cache (E:\flutter\packages\flutter_tools\gradle\.gradle\buildOutputCleanup)"        [_thread_blocked, id=4476, stack(0x000000fbd4800000,0x000000fbd4900000) (1024K)]
  0x000001fc4defb0a0 JavaThread "Unconstrained build operations"        [_thread_blocked, id=560, stack(0x000000fbd4a00000,0x000000fbd4b00000) (1024K)]
  0x000001fc4def8fd0 JavaThread "Unconstrained build operations Thread 2"        [_thread_blocked, id=9984, stack(0x000000fbd4b00000,0x000000fbd4c00000) (1024K)]
  0x000001fc4def9660 JavaThread "Unconstrained build operations Thread 3"        [_thread_blocked, id=3608, stack(0x000000fbd4c00000,0x000000fbd4d00000) (1024K)]
  0x000001fc4deff240 JavaThread "Unconstrained build operations Thread 4"        [_thread_blocked, id=8920, stack(0x000000fbd4d00000,0x000000fbd4e00000) (1024K)]
  0x000001fc4defb730 JavaThread "Unconstrained build operations Thread 5"        [_thread_blocked, id=2140, stack(0x000000fbd4e00000,0x000000fbd4f00000) (1024K)]
  0x000001fc4defcae0 JavaThread "Unconstrained build operations Thread 6"        [_thread_blocked, id=9364, stack(0x000000fbd4f00000,0x000000fbd5000000) (1024K)]
  0x000001fc4defbdc0 JavaThread "Unconstrained build operations Thread 7"        [_thread_blocked, id=3632, stack(0x000000fbd5000000,0x000000fbd5100000) (1024K)]
  0x000001fc4def9cf0 JavaThread "Unconstrained build operations Thread 8"        [_thread_blocked, id=1792, stack(0x000000fbd5100000,0x000000fbd5200000) (1024K)]
  0x000001fc4defc450 JavaThread "Unconstrained build operations Thread 9"        [_thread_blocked, id=9196, stack(0x000000fbd5200000,0x000000fbd5300000) (1024K)]
  0x000001fc4defd800 JavaThread "Memory manager"                    [_thread_blocked, id=3876, stack(0x000000fbd5300000,0x000000fbd5400000) (1024K)]
  0x000001fc4defaa10 JavaThread "build event listener"              [_thread_blocked, id=8708, stack(0x000000fbd5500000,0x000000fbd5600000) (1024K)]
  0x000001fc80007830 JavaThread "included builds"                   [_thread_blocked, id=3592, stack(0x000000fbd5400000,0x000000fbd5500000) (1024K)]
  0x000001fc800071a0 JavaThread "Execution worker"                  [_thread_blocked, id=3512, stack(0x000000fbd5600000,0x000000fbd5700000) (1024K)]
  0x000001fc800050d0 JavaThread "Execution worker Thread 2"         [_thread_blocked, id=7904, stack(0x000000fbd5700000,0x000000fbd5800000) (1024K)]
  0x000001fc80008550 JavaThread "Execution worker Thread 3"         [_thread_blocked, id=3768, stack(0x000000fbd5800000,0x000000fbd5900000) (1024K)]
  0x000001fc80006b10 JavaThread "Cache worker for execution history cache (E:\flutter\packages\flutter_tools\gradle\.gradle\8.10.2\executionHistory)"        [_thread_blocked, id=7680, stack(0x000000fbd5900000,0x000000fbd5a00000) (1024K)]
  0x000001fc80009270 JavaThread "Unconstrained build operations Thread 10"        [_thread_blocked, id=8712, stack(0x000000fbd5b00000,0x000000fbd5c00000) (1024K)]
  0x000001fc80003d20 JavaThread "Unconstrained build operations Thread 11"        [_thread_blocked, id=9200, stack(0x000000fbd5c00000,0x000000fbd5d00000) (1024K)]
  0x000001fc80006480 JavaThread "Unconstrained build operations Thread 12"        [_thread_blocked, id=7684, stack(0x000000fbd5d00000,0x000000fbd5e00000) (1024K)]
  0x000001fc80009f90 JavaThread "Unconstrained build operations Thread 13"        [_thread_blocked, id=7704, stack(0x000000fbd5e00000,0x000000fbd5f00000) (1024K)]
  0x000001fc80005760 JavaThread "Unconstrained build operations Thread 14"        [_thread_blocked, id=8164, stack(0x000000fbd5f00000,0x000000fbd6000000) (1024K)]
  0x000001fc80009900 JavaThread "Unconstrained build operations Thread 15"        [_thread_blocked, id=8020, stack(0x000000fbd6000000,0x000000fbd6100000) (1024K)]
  0x000001fc8000b340 JavaThread "Unconstrained build operations Thread 16"        [_thread_blocked, id=9448, stack(0x000000fbd1700000,0x000000fbd1800000) (1024K)]
  0x000001fc8000a620 JavaThread "Unconstrained build operations Thread 17"        [_thread_blocked, id=5292, stack(0x000000fbd1800000,0x000000fbd1900000) (1024K)]
  0x000001fc8000acb0 JavaThread "Unconstrained build operations Thread 18"        [_thread_blocked, id=1272, stack(0x000000fbd6100000,0x000000fbd6200000) (1024K)]
  0x000001fc81faaf20 JavaThread "Unconstrained build operations Thread 19"        [_thread_blocked, id=5804, stack(0x000000fbd6200000,0x000000fbd6300000) (1024K)]
  0x000001fc81fa3f90 JavaThread "Unconstrained build operations Thread 20"        [_thread_blocked, id=5368, stack(0x000000fbd6300000,0x000000fbd6400000) (1024K)]
  0x000001fc81fa9b70 JavaThread "Unconstrained build operations Thread 21"        [_thread_blocked, id=3280, stack(0x000000fbd6400000,0x000000fbd6500000) (1024K)]
  0x000001fc81fab5b0 JavaThread "Unconstrained build operations Thread 22"        [_thread_blocked, id=9744, stack(0x000000fbd5a00000,0x000000fbd5b00000) (1024K)]
  0x000001fc81faa890 JavaThread "Unconstrained build operations Thread 23"        [_thread_blocked, id=9492, stack(0x000000fbd6500000,0x000000fbd6600000) (1024K)]
  0x000001fc81fa4620 JavaThread "Unconstrained build operations Thread 24"        [_thread_blocked, id=5372, stack(0x000000fbd6600000,0x000000fbd6700000) (1024K)]
  0x000001fc81faa200 JavaThread "Unconstrained build operations Thread 25"        [_thread_blocked, id=9056, stack(0x000000fbd6700000,0x000000fbd6800000) (1024K)]
  0x000001fc81fa8130 JavaThread "Unconstrained build operations Thread 26"        [_thread_blocked, id=8904, stack(0x000000fbd6800000,0x000000fbd6900000) (1024K)]
  0x000001fc81fa4cb0 JavaThread "Unconstrained build operations Thread 27"        [_thread_blocked, id=9300, stack(0x000000fbd6900000,0x000000fbd6a00000) (1024K)]
  0x000001fc81fa6060 JavaThread "Unconstrained build operations Thread 28"        [_thread_blocked, id=9288, stack(0x000000fbd6a00000,0x000000fbd6b00000) (1024K)]
  0x000001fc81fa94e0 JavaThread "Unconstrained build operations Thread 29"        [_thread_blocked, id=3800, stack(0x000000fbd6b00000,0x000000fbd6c00000) (1024K)]
  0x000001fc81fa7410 JavaThread "Unconstrained build operations Thread 30"        [_thread_blocked, id=1368, stack(0x000000fbd6c00000,0x000000fbd6d00000) (1024K)]
Total: 74

Other Threads:
  0x000001fc7daa8c10 VMThread "VM Thread"                           [id=10644, stack(0x000000fbd2100000,0x000000fbd2200000) (1024K)]
  0x000001fc7da935c0 WatcherThread "VM Periodic Task Thread"        [id=5000, stack(0x000000fbd2000000,0x000000fbd2100000) (1024K)]
  0x000001fc511454b0 WorkerThread "GC Thread#0"                     [id=4252, stack(0x000000fbd1b00000,0x000000fbd1c00000) (1024K)]
  0x000001fc4d373bc0 WorkerThread "GC Thread#1"                     [id=9664, stack(0x000000fbd2c00000,0x000000fbd2d00000) (1024K)]
  0x000001fc4d3b6f20 WorkerThread "GC Thread#2"                     [id=8528, stack(0x000000fbd2d00000,0x000000fbd2e00000) (1024K)]
  0x000001fc4d60e2c0 WorkerThread "GC Thread#3"                     [id=8732, stack(0x000000fbd2e00000,0x000000fbd2f00000) (1024K)]
  0x000001fc51156650 ConcurrentGCThread "G1 Main Marker"            [id=10396, stack(0x000000fbd1c00000,0x000000fbd1d00000) (1024K)]
  0x000001fc51158110 WorkerThread "G1 Conc#0"                       [id=8276, stack(0x000000fbd1d00000,0x000000fbd1e00000) (1024K)]
  0x000001fc7d95d5a0 ConcurrentGCThread "G1 Refine#0"               [id=5404, stack(0x000000fbd1e00000,0x000000fbd1f00000) (1024K)]
  0x000001fc7d95e030 ConcurrentGCThread "G1 Service"                [id=5560, stack(0x000000fbd1f00000,0x000000fbd2000000) (1024K)]
Total: 10

Threads with active compile tasks:
C2 CompilerThread0  83676 12281       4       java.beans.Introspector::addMethod (196 bytes)
Total: 1

VM state: not at safepoint (normal execution)

VM Mutex/Monitor currently owned by a thread: None

Heap address: 0x0000000600000000, size: 8192 MB, Compressed Oops mode: Zero based, Oop shift amount: 3

CDS archive(s) mapped at: [0x000001fc08000000-0x000001fc08c60000-0x000001fc08c60000), size 12976128, SharedBaseAddress: 0x000001fc08000000, ArchiveRelocationMode: 1.
Compressed class space mapped at: 0x000001fc09000000-0x000001fc49000000, reserved size: 1073741824
Narrow klass base: 0x000001fc08000000, Narrow klass shift: 0, Narrow klass range: 0x41000000

GC Precious Log:
 CardTable entry size: 512
 Card Set container configuration: InlinePtr #cards 4 size 8 Array Of Cards #cards 32 size 80 Howl #buckets 8 coarsen threshold 7372 Howl Bitmap #cards 1024 size 144 coarsen threshold 921 Card regions per heap region 1 cards per card region 8192
 CPUs: 4 total, 4 available
 Memory: 4005M
 Large Page Support: Disabled
 NUMA Support: Disabled
 Compressed Oops: Enabled (Zero based)
 Heap Region Size: 4M
 Heap Min Capacity: 8M
 Heap Initial Capacity: 64M
 Heap Max Capacity: 8G
 Pre-touch: Disabled
 Parallel Workers: 4
 Concurrent Workers: 1
 Concurrent Refinement Workers: 4
 Periodic GC: Disabled

Heap:
 garbage-first heap   total reserved 8388608K, committed 200704K, used 126976K [0x0000000600000000, 0x0000000800000000)
  region size 4096K, 5 young (20480K), 2 survivors (8192K)
 Metaspace       used 91996K, committed 94336K, reserved 1179648K
  class space    used 13077K, committed 14144K, reserved 1048576K

Heap Regions: E=young(eden), S=young(survivor), O=old, HS=humongous(starts), HC=humongous(continues), CS=collection set, F=free, TAMS=top-at-mark-start, PB=parsable bottom
|   0|0x0000000600000000, 0x0000000600400000, 0x0000000600400000|100%|HS|  |TAMS 0x0000000600000000| PB 0x0000000600000000| Complete |  0
|   1|0x0000000600400000, 0x0000000600800000, 0x0000000600800000|100%| O|  |TAMS 0x0000000600400000| PB 0x0000000600400000| Untracked |  0
|   2|0x0000000600800000, 0x0000000600c00000, 0x0000000600c00000|100%| O|  |TAMS 0x0000000600800000| PB 0x0000000600800000| Untracked |  0
|   3|0x0000000600c00000, 0x0000000601000000, 0x0000000601000000|100%| O|  |TAMS 0x0000000600c00000| PB 0x0000000600c00000| Untracked |  0
|   4|0x0000000601000000, 0x0000000601400000, 0x0000000601400000|100%| O|  |TAMS 0x0000000601000000| PB 0x0000000601000000| Untracked |  0
|   5|0x0000000601400000, 0x0000000601800000, 0x0000000601800000|100%| O|  |TAMS 0x0000000601400000| PB 0x0000000601400000| Untracked |  0
|   6|0x0000000601800000, 0x0000000601c00000, 0x0000000601c00000|100%| O|  |TAMS 0x0000000601800000| PB 0x0000000601800000| Untracked |  0
|   7|0x0000000601c00000, 0x0000000602000000, 0x0000000602000000|100%| O|  |TAMS 0x0000000601c00000| PB 0x0000000601c00000| Untracked |  0
|   8|0x0000000602000000, 0x0000000602400000, 0x0000000602400000|100%| O|  |TAMS 0x0000000602000000| PB 0x0000000602000000| Untracked |  0
|   9|0x0000000602400000, 0x0000000602800000, 0x0000000602800000|100%| O|  |TAMS 0x0000000602400000| PB 0x0000000602400000| Untracked |  0
|  10|0x0000000602800000, 0x0000000602c00000, 0x0000000602c00000|100%| O|  |TAMS 0x0000000602800000| PB 0x0000000602800000| Untracked |  0
|  11|0x0000000602c00000, 0x0000000603000000, 0x0000000603000000|100%| O|  |TAMS 0x0000000602c00000| PB 0x0000000602c00000| Untracked |  0
|  12|0x0000000603000000, 0x0000000603400000, 0x0000000603400000|100%|HS|  |TAMS 0x0000000603000000| PB 0x0000000603000000| Complete |  0
|  13|0x0000000603400000, 0x0000000603800000, 0x0000000603800000|100%| O|  |TAMS 0x0000000603400000| PB 0x0000000603400000| Untracked |  0
|  14|0x0000000603800000, 0x0000000603c00000, 0x0000000603c00000|100%|HS|  |TAMS 0x0000000603800000| PB 0x0000000603800000| Complete |  0
|  15|0x0000000603c00000, 0x0000000604000000, 0x0000000604000000|100%| O|  |TAMS 0x0000000603c00000| PB 0x0000000603c00000| Untracked |  0
|  16|0x0000000604000000, 0x0000000604400000, 0x0000000604400000|100%| O|  |TAMS 0x0000000604000000| PB 0x0000000604000000| Untracked |  0
|  17|0x0000000604400000, 0x0000000604800000, 0x0000000604800000|100%| O|  |TAMS 0x0000000604400000| PB 0x0000000604400000| Untracked |  0
|  18|0x0000000604800000, 0x0000000604800000, 0x0000000604c00000|  0%| F|  |TAMS 0x0000000604800000| PB 0x0000000604800000| Untracked |  0
|  19|0x0000000604c00000, 0x0000000605000000, 0x0000000605000000|100%|HS|  |TAMS 0x0000000604c00000| PB 0x0000000604c00000| Complete |  0
|  20|0x0000000605000000, 0x0000000605400000, 0x0000000605400000|100%| O|  |TAMS 0x0000000605000000| PB 0x0000000605000000| Untracked |  0
|  21|0x0000000605400000, 0x0000000605800000, 0x0000000605800000|100%| O|  |TAMS 0x0000000605400000| PB 0x0000000605400000| Untracked |  0
|  22|0x0000000605800000, 0x0000000605c00000, 0x0000000605c00000|100%| O|  |TAMS 0x0000000605800000| PB 0x0000000605800000| Untracked |  0
|  23|0x0000000605c00000, 0x0000000606000000, 0x0000000606000000|100%| O|  |TAMS 0x0000000605c00000| PB 0x0000000605c00000| Untracked |  0
|  24|0x0000000606000000, 0x0000000606400000, 0x0000000606400000|100%| O|  |TAMS 0x0000000606000000| PB 0x0000000606000000| Untracked |  0
|  25|0x0000000606400000, 0x0000000606800000, 0x0000000606800000|100%| O|  |TAMS 0x0000000606400000| PB 0x0000000606400000| Untracked |  0
|  26|0x0000000606800000, 0x0000000606c00000, 0x0000000606c00000|100%|HS|  |TAMS 0x0000000606800000| PB 0x0000000606800000| Complete |  0
|  27|0x0000000606c00000, 0x0000000606c00000, 0x0000000607000000|  0%| F|  |TAMS 0x0000000606c00000| PB 0x0000000606c00000| Untracked |  0
|  28|0x0000000607000000, 0x0000000607000000, 0x0000000607400000|  0%| F|  |TAMS 0x0000000607000000| PB 0x0000000607000000| Untracked |  0
|  29|0x0000000607400000, 0x0000000607800000, 0x0000000607800000|100%| S|CS|TAMS 0x0000000607400000| PB 0x0000000607400000| Complete |  0
|  30|0x0000000607800000, 0x0000000607800000, 0x0000000607c00000|  0%| F|  |TAMS 0x0000000607800000| PB 0x0000000607800000| Untracked |  0
|  31|0x0000000607c00000, 0x0000000608000000, 0x0000000608000000|100%| S|CS|TAMS 0x0000000607c00000| PB 0x0000000607c00000| Complete |  0
|  32|0x0000000608000000, 0x0000000608000000, 0x0000000608400000|  0%| F|  |TAMS 0x0000000608000000| PB 0x0000000608000000| Untracked |  0
|  33|0x0000000608400000, 0x0000000608400000, 0x0000000608800000|  0%| F|  |TAMS 0x0000000608400000| PB 0x0000000608400000| Untracked |  0
|  34|0x0000000608800000, 0x0000000608800000, 0x0000000608c00000|  0%| F|  |TAMS 0x0000000608800000| PB 0x0000000608800000| Untracked |  0
|  35|0x0000000608c00000, 0x0000000608c00000, 0x0000000609000000|  0%| F|  |TAMS 0x0000000608c00000| PB 0x0000000608c00000| Untracked |  0
|  36|0x0000000609000000, 0x0000000609000000, 0x0000000609400000|  0%| F|  |TAMS 0x0000000609000000| PB 0x0000000609000000| Untracked |  0
|  37|0x0000000609400000, 0x0000000609400000, 0x0000000609800000|  0%| F|  |TAMS 0x0000000609400000| PB 0x0000000609400000| Untracked |  0
|  38|0x0000000609800000, 0x0000000609800000, 0x0000000609c00000|  0%| F|  |TAMS 0x0000000609800000| PB 0x0000000609800000| Untracked |  0
|  39|0x0000000609c00000, 0x0000000609c00000, 0x000000060a000000|  0%| F|  |TAMS 0x0000000609c00000| PB 0x0000000609c00000| Untracked |  0
|  40|0x000000060a000000, 0x000000060a000000, 0x000000060a400000|  0%| F|  |TAMS 0x000000060a000000| PB 0x000000060a000000| Untracked |  0
|  41|0x000000060a400000, 0x000000060a400000, 0x000000060a800000|  0%| F|  |TAMS 0x000000060a400000| PB 0x000000060a400000| Untracked |  0
|  42|0x000000060a800000, 0x000000060a800000, 0x000000060ac00000|  0%| F|  |TAMS 0x000000060a800000| PB 0x000000060a800000| Untracked |  0
|  43|0x000000060ac00000, 0x000000060b000000, 0x000000060b000000|100%| E|CS|TAMS 0x000000060ac00000| PB 0x000000060ac00000| Complete |  0
|  44|0x000000060b000000, 0x000000060b000000, 0x000000060b400000|  0%| F|  |TAMS 0x000000060b000000| PB 0x000000060b000000| Untracked |  0
|  45|0x000000060b400000, 0x000000060b400000, 0x000000060b800000|  0%| F|  |TAMS 0x000000060b400000| PB 0x000000060b400000| Untracked |  0
|  46|0x000000060b800000, 0x000000060b99ea40, 0x000000060bc00000| 40%| E|  |TAMS 0x000000060b800000| PB 0x000000060b800000| Complete |  0
|  47|0x000000060bc00000, 0x000000060c000000, 0x000000060c000000|100%| E|CS|TAMS 0x000000060bc00000| PB 0x000000060bc00000| Complete |  0
|2047|0x00000007ffc00000, 0x0000000800000000, 0x0000000800000000|100%| O|  |TAMS 0x00000007ffc00000| PB 0x00000007ffc00000| Untracked |  0

Card table byte_map: [0x000001fc7a510000,0x000001fc7b510000] _byte_map_base: 0x000001fc77510000

Marking Bits: (CMBitMap*) 0x000001fc51145bc0
 Bits: [0x000001fc00000000, 0x000001fc08000000)

Polling page: 0x000001fc4f240000

Metaspace:

Usage:
  Non-class:     77.07 MB used.
      Class:     12.77 MB used.
       Both:     89.84 MB used.

Virtual space:
  Non-class space:      128.00 MB reserved,      78.31 MB ( 61%) committed,  2 nodes.
      Class space:        1.00 GB reserved,      13.81 MB (  1%) committed,  1 nodes.
             Both:        1.12 GB reserved,      92.12 MB (  8%) committed. 

Chunk freelists:
   Non-Class:  932.00 KB
       Class:  2.21 MB
        Both:  3.12 MB

MaxMetaspaceSize: 4.00 GB
CompressedClassSpaceSize: 1.00 GB
Initial GC threshold: 21.00 MB
Current GC threshold: 153.44 MB
CDS: on
 - commit_granule_bytes: 65536.
 - commit_granule_words: 8192.
 - virtual_space_node_default_size: 8388608.
 - enlarge_chunks_in_place: 1.
 - use_allocation_guard: 0.


Internal statistics:

num_allocs_failed_limit: 12.
num_arena_births: 3890.
num_arena_deaths: 0.
num_vsnodes_births: 3.
num_vsnodes_deaths: 0.
num_space_committed: 1474.
num_space_uncommitted: 0.
num_chunks_returned_to_freelist: 12.
num_chunks_taken_from_freelist: 7786.
num_chunk_merges: 6.
num_chunk_splits: 5107.
num_chunks_enlarged: 3287.
num_inconsistent_stats: 0.

CodeHeap 'non-profiled nmethods': size=259264Kb used=6427Kb max_used=6632Kb free=252836Kb
 bounds [0x000001fc696d0000, 0x000001fc69d50000, 0x000001fc79400000]
CodeHeap 'profiled nmethods': size=259264Kb used=18614Kb max_used=18842Kb free=240649Kb
 bounds [0x000001fc59400000, 0x000001fc5a680000, 0x000001fc69130000]
CodeHeap 'non-nmethods': size=5760Kb used=2919Kb max_used=2973Kb free=2840Kb
 bounds [0x000001fc69130000, 0x000001fc69430000, 0x000001fc696d0000]
 total_blobs=11073 nmethods=10070 adapters=907
 compilation: enabled
              stopped_count=0, restarted_count=0
 full_count=0

Compilation events (20 events):
Event: 82.872 Thread 0x000001fc7dad8dc0 12275       3       org.codehaus.groovy.reflection.CachedClass$3$$Lambda/0x000001fc095b2778::run (8 bytes)
Event: 82.872 Thread 0x000001fc7dad8dc0 nmethod 12275 0x000001fc5a665d10 code [0x000001fc5a665ec0, 0x000001fc5a666008]
Event: 82.872 Thread 0x000001fc7dad8dc0 12276       3       org.codehaus.groovy.reflection.CachedClass$3$$Lambda/0x000001fc095b6878::<init> (10 bytes)
Event: 82.872 Thread 0x000001fc7dad8dc0 nmethod 12276 0x000001fc5a666110 code [0x000001fc5a6662a0, 0x000001fc5a666460]
Event: 82.873 Thread 0x000001fc7dad8dc0 12277       3       org.codehaus.groovy.reflection.CachedClass$3$$Lambda/0x000001fc095b6ab8::apply (5 bytes)
Event: 82.873 Thread 0x000001fc7dad8dc0 nmethod 12277 0x000001fc5a666510 code [0x000001fc5a6666a0, 0x000001fc5a666898]
Event: 82.873 Thread 0x000001fc7dad8310 nmethod 12267 0x000001fc69d44110 code [0x000001fc69d44520, 0x000001fc69d46858]
Event: 82.874 Thread 0x000001fc7dad8310 12268       4       java.util.WeakHashMap::put (160 bytes)
Event: 82.883 Thread 0x000001fc7dad8dc0 12278   !   3       org.codehaus.groovy.util.LazyReference::getLocked (85 bytes)
Event: 82.884 Thread 0x000001fc7dad8dc0 nmethod 12278 0x000001fc5a666990 code [0x000001fc5a666c60, 0x000001fc5a667a98]
Event: 82.928 Thread 0x000001fc7dad8310 nmethod 12268 0x000001fc69d47e10 code [0x000001fc69d48080, 0x000001fc69d49428]
Event: 83.015 Thread 0x000001fc7dad8dc0 12279       3       org.gradle.internal.classloader.TransformErrorHandler::exitClassLoadingScopeWithException (31 bytes)
Event: 83.016 Thread 0x000001fc7dad8dc0 nmethod 12279 0x000001fc5a667f90 code [0x000001fc5a668220, 0x000001fc5a668e10]
Event: 83.215 Thread 0x000001fc7dad8310 12280       4       sun.reflect.generics.reflectiveObjects.ParameterizedTypeImpl::getActualTypeArguments (11 bytes)
Event: 83.218 Thread 0x000001fc7dad8310 nmethod 12280 0x000001fc69d49c10 code [0x000001fc69d49da0, 0x000001fc69d49fa0]
Event: 83.262 Thread 0x000001fc7dad8310 12281       4       java.beans.Introspector::addMethod (196 bytes)
Event: 83.422 Thread 0x000001fc7dad8dc0 12282   !   3       com.sun.beans.finder.MethodFinder::findAccessibleMethod (122 bytes)
Event: 83.432 Thread 0x000001fc7dad8dc0 nmethod 12282 0x000001fc59d5cd90 code [0x000001fc59d5d360, 0x000001fc59d604e8]
Event: 83.432 Thread 0x000001fc7dad8dc0 12283       3       com.sun.beans.finder.FinderUtils::isExported (14 bytes)
Event: 83.433 Thread 0x000001fc7dad8dc0 nmethod 12283 0x000001fc59425e10 code [0x000001fc59426000, 0x000001fc59426380]

GC Heap History (20 events):
Event: 64.899 GC heap before
{Heap before GC invocations=42 (full 0):
 garbage-first heap   total reserved 8388608K, committed 139264K, used 114344K [0x0000000600000000, 0x0000000800000000)
  region size 4096K, 11 young (45056K), 1 survivors (4096K)
 Metaspace       used 79467K, committed 81600K, reserved 1179648K
  class space    used 11468K, committed 12480K, reserved 1048576K
}
Event: 64.909 GC heap after
{Heap after GC invocations=43 (full 0):
 garbage-first heap   total reserved 8388608K, committed 139264K, used 78915K [0x0000000600000000, 0x0000000800000000)
  region size 4096K, 1 young (4096K), 1 survivors (4096K)
 Metaspace       used 79467K, committed 81600K, reserved 1179648K
  class space    used 11468K, committed 12480K, reserved 1048576K
}
Event: 67.425 GC heap before
{Heap before GC invocations=44 (full 0):
 garbage-first heap   total reserved 8388608K, committed 139264K, used 119875K [0x0000000600000000, 0x0000000800000000)
  region size 4096K, 11 young (45056K), 1 survivors (4096K)
 Metaspace       used 79477K, committed 81600K, reserved 1179648K
  class space    used 11468K, committed 12480K, reserved 1048576K
}
Event: 67.437 GC heap after
{Heap after GC invocations=45 (full 0):
 garbage-first heap   total reserved 8388608K, committed 139264K, used 80545K [0x0000000600000000, 0x0000000800000000)
  region size 4096K, 2 young (8192K), 2 survivors (8192K)
 Metaspace       used 79477K, committed 81600K, reserved 1179648K
  class space    used 11468K, committed 12480K, reserved 1048576K
}
Event: 68.240 GC heap before
{Heap before GC invocations=45 (full 0):
 garbage-first heap   total reserved 8388608K, committed 139264K, used 113313K [0x0000000600000000, 0x0000000800000000)
  region size 4096K, 10 young (40960K), 2 survivors (8192K)
 Metaspace       used 79479K, committed 81600K, reserved 1179648K
  class space    used 11469K, committed 12480K, reserved 1048576K
}
Event: 68.254 GC heap after
{Heap after GC invocations=46 (full 0):
 garbage-first heap   total reserved 8388608K, committed 139264K, used 81541K [0x0000000600000000, 0x0000000800000000)
  region size 4096K, 2 young (8192K), 2 survivors (8192K)
 Metaspace       used 79479K, committed 81600K, reserved 1179648K
  class space    used 11469K, committed 12480K, reserved 1048576K
}
Event: 68.946 GC heap before
{Heap before GC invocations=47 (full 0):
 garbage-first heap   total reserved 8388608K, committed 143360K, used 89733K [0x0000000600000000, 0x0000000800000000)
  region size 4096K, 6 young (24576K), 2 survivors (8192K)
 Metaspace       used 79514K, committed 81792K, reserved 1179648K
  class space    used 11470K, committed 12544K, reserved 1048576K
}
Event: 68.960 GC heap after
{Heap after GC invocations=48 (full 0):
 garbage-first heap   total reserved 8388608K, committed 143360K, used 88649K [0x0000000600000000, 0x0000000800000000)
  region size 4096K, 2 young (8192K), 2 survivors (8192K)
 Metaspace       used 79514K, committed 81792K, reserved 1179648K
  class space    used 11470K, committed 12544K, reserved 1048576K
}
Event: 70.693 GC heap before
{Heap before GC invocations=49 (full 0):
 garbage-first heap   total reserved 8388608K, committed 159744K, used 121417K [0x0000000600000000, 0x0000000800000000)
  region size 4096K, 10 young (40960K), 2 survivors (8192K)
 Metaspace       used 80502K, committed 82752K, reserved 1179648K
  class space    used 11623K, committed 12672K, reserved 1048576K
}
Event: 70.706 GC heap after
{Heap after GC invocations=50 (full 0):
 garbage-first heap   total reserved 8388608K, committed 159744K, used 101068K [0x0000000600000000, 0x0000000800000000)
  region size 4096K, 2 young (8192K), 2 survivors (8192K)
 Metaspace       used 80502K, committed 82752K, reserved 1179648K
  class space    used 11623K, committed 12672K, reserved 1048576K
}
Event: 72.286 GC heap before
{Heap before GC invocations=50 (full 0):
 garbage-first heap   total reserved 8388608K, committed 159744K, used 137932K [0x0000000600000000, 0x0000000800000000)
  region size 4096K, 11 young (45056K), 2 survivors (8192K)
 Metaspace       used 83543K, committed 85760K, reserved 1179648K
  class space    used 11930K, committed 12992K, reserved 1048576K
}
Event: 72.303 GC heap after
{Heap after GC invocations=51 (full 0):
 garbage-first heap   total reserved 8388608K, committed 159744K, used 102862K [0x0000000600000000, 0x0000000800000000)
  region size 4096K, 1 young (4096K), 1 survivors (4096K)
 Metaspace       used 83543K, committed 85760K, reserved 1179648K
  class space    used 11930K, committed 12992K, reserved 1048576K
}
Event: 73.437 GC heap before
{Heap before GC invocations=51 (full 0):
 garbage-first heap   total reserved 8388608K, committed 159744K, used 135630K [0x0000000600000000, 0x0000000800000000)
  region size 4096K, 10 young (40960K), 1 survivors (4096K)
 Metaspace       used 85062K, committed 87296K, reserved 1179648K
  class space    used 12135K, committed 13184K, reserved 1048576K
}
Event: 73.451 GC heap after
{Heap after GC invocations=52 (full 0):
 garbage-first heap   total reserved 8388608K, committed 159744K, used 107183K [0x0000000600000000, 0x0000000800000000)
  region size 4096K, 2 young (8192K), 2 survivors (8192K)
 Metaspace       used 85062K, committed 87296K, reserved 1179648K
  class space    used 12135K, committed 13184K, reserved 1048576K
}
Event: 74.429 GC heap before
{Heap before GC invocations=53 (full 0):
 garbage-first heap   total reserved 8388608K, committed 184320K, used 135855K [0x0000000600000000, 0x0000000800000000)
  region size 4096K, 9 young (36864K), 2 survivors (8192K)
 Metaspace       used 87023K, committed 89280K, reserved 1179648K
  class space    used 12414K, committed 13440K, reserved 1048576K
}
Event: 74.439 GC heap after
{Heap after GC invocations=54 (full 0):
 garbage-first heap   total reserved 8388608K, committed 184320K, used 108944K [0x0000000600000000, 0x0000000800000000)
  region size 4096K, 1 young (4096K), 1 survivors (4096K)
 Metaspace       used 87023K, committed 89280K, reserved 1179648K
  class space    used 12414K, committed 13440K, reserved 1048576K
}
Event: 77.449 GC heap before
{Heap before GC invocations=54 (full 0):
 garbage-first heap   total reserved 8388608K, committed 184320K, used 158096K [0x0000000600000000, 0x0000000800000000)
  region size 4096K, 13 young (53248K), 1 survivors (4096K)
 Metaspace       used 90620K, committed 92864K, reserved 1179648K
  class space    used 12884K, committed 13952K, reserved 1048576K
}
Event: 77.462 GC heap after
{Heap after GC invocations=55 (full 0):
 garbage-first heap   total reserved 8388608K, committed 184320K, used 114655K [0x0000000600000000, 0x0000000800000000)
  region size 4096K, 1 young (4096K), 1 survivors (4096K)
 Metaspace       used 90620K, committed 92864K, reserved 1179648K
  class space    used 12884K, committed 13952K, reserved 1048576K
}
Event: 82.763 GC heap before
{Heap before GC invocations=55 (full 0):
 garbage-first heap   total reserved 8388608K, committed 184320K, used 163807K [0x0000000600000000, 0x0000000800000000)
  region size 4096K, 13 young (53248K), 1 survivors (4096K)
 Metaspace       used 91912K, committed 94272K, reserved 1179648K
  class space    used 13063K, committed 14144K, reserved 1048576K
}
Event: 82.787 GC heap after
{Heap after GC invocations=56 (full 0):
 garbage-first heap   total reserved 8388608K, committed 184320K, used 118784K [0x0000000600000000, 0x0000000800000000)
  region size 4096K, 2 young (8192K), 2 survivors (8192K)
 Metaspace       used 91912K, committed 94272K, reserved 1179648K
  class space    used 13063K, committed 14144K, reserved 1048576K
}

Dll operation events (15 events):
Event: 0.215 Loaded shared library E:\Program Files\Java\jdk-22\bin\java.dll
Event: 0.284 Loaded shared library E:\Program Files\Java\jdk-22\bin\jsvml.dll
Event: 0.552 Loaded shared library E:\Program Files\Java\jdk-22\bin\zip.dll
Event: 0.562 Loaded shared library E:\Program Files\Java\jdk-22\bin\instrument.dll
Event: 0.671 Loaded shared library E:\Program Files\Java\jdk-22\bin\net.dll
Event: 0.780 Loaded shared library E:\Program Files\Java\jdk-22\bin\nio.dll
Event: 0.787 Loaded shared library E:\Program Files\Java\jdk-22\bin\zip.dll
Event: 1.594 Loaded shared library E:\Program Files\Java\jdk-22\bin\jimage.dll
Event: 2.022 Loaded shared library E:\Program Files\Java\jdk-22\bin\verify.dll
Event: 2.852 Loaded shared library C:\Users\Toshiba\.gradle\native\c067742578af261105cb4f569cf0c3c89f3d7b1fecec35dd04571415982c5e48\windows-amd64\native-platform.dll
Event: 2.898 Loaded shared library C:\Users\Toshiba\.gradle\native\100fb08df4bc3b14c8652ba06237920a3bd2aa13389f12d3474272988ae205f9\windows-amd64\native-platform-file-events.dll
Event: 8.333 Loaded shared library E:\Program Files\Java\jdk-22\bin\management.dll
Event: 8.434 Loaded shared library E:\Program Files\Java\jdk-22\bin\management_ext.dll
Event: 9.238 Loaded shared library E:\Program Files\Java\jdk-22\bin\extnet.dll
Event: 9.994 Loaded shared library E:\Program Files\Java\jdk-22\bin\sunmscapi.dll

Deoptimization events (20 events):
Event: 78.638 Thread 0x000001fc4eb18e40 DEOPT PACKING pc=0x000001fc5946dfef sp=0x000000fbd35f4c80
Event: 78.638 Thread 0x000001fc4eb18e40 DEOPT UNPACKING pc=0x000001fc69184e42 sp=0x000000fbd35f4118 mode 0
Event: 78.807 Thread 0x000001fc4eb18e40 Uncommon trap: trap_request=0xffffffde fr.pc=0x000001fc6990a484 relative=0x0000000000000a84
Event: 78.807 Thread 0x000001fc4eb18e40 Uncommon trap: reason=class_check action=maybe_recompile pc=0x000001fc6990a484 method=java.util.WeakHashMap.matchesKey(Ljava/util/WeakHashMap$Entry;Ljava/lang/Object;)Z @ 21 c2
Event: 78.807 Thread 0x000001fc4eb18e40 DEOPT PACKING pc=0x000001fc6990a484 sp=0x000000fbd35f45f0
Event: 78.807 Thread 0x000001fc4eb18e40 DEOPT UNPACKING pc=0x000001fc691846a2 sp=0x000000fbd35f4550 mode 2
Event: 81.685 Thread 0x000001fc4eb18e40 Uncommon trap: trap_request=0xffffffde fr.pc=0x000001fc6990a484 relative=0x0000000000000a84
Event: 81.685 Thread 0x000001fc4eb18e40 Uncommon trap: reason=class_check action=maybe_recompile pc=0x000001fc6990a484 method=java.util.WeakHashMap.matchesKey(Ljava/util/WeakHashMap$Entry;Ljava/lang/Object;)Z @ 21 c2
Event: 81.685 Thread 0x000001fc4eb18e40 DEOPT PACKING pc=0x000001fc6990a484 sp=0x000000fbd35f1640
Event: 81.685 Thread 0x000001fc4eb18e40 DEOPT UNPACKING pc=0x000001fc691846a2 sp=0x000000fbd35f15a0 mode 2
Event: 82.289 Thread 0x000001fc4eb18e40 Uncommon trap: trap_request=0xffffffd6 fr.pc=0x000001fc69d29b0c relative=0x00000000000011cc
Event: 82.289 Thread 0x000001fc4eb18e40 Uncommon trap: reason=array_check action=maybe_recompile pc=0x000001fc69d29b0c method=java.util.TimSort.reverseRange([Ljava/lang/Object;II)V @ 20 c2
Event: 82.289 Thread 0x000001fc4eb18e40 DEOPT PACKING pc=0x000001fc69d29b0c sp=0x000000fbd35f3c90
Event: 82.289 Thread 0x000001fc4eb18e40 DEOPT UNPACKING pc=0x000001fc691846a2 sp=0x000000fbd35f3ac0 mode 2
Event: 82.335 Thread 0x000001fc4eb18e40 Uncommon trap: trap_request=0xffffffd6 fr.pc=0x000001fc69d29b0c relative=0x00000000000011cc
Event: 82.335 Thread 0x000001fc4eb18e40 Uncommon trap: reason=array_check action=maybe_recompile pc=0x000001fc69d29b0c method=java.util.TimSort.reverseRange([Ljava/lang/Object;II)V @ 20 c2
Event: 82.335 Thread 0x000001fc4eb18e40 DEOPT PACKING pc=0x000001fc69d29b0c sp=0x000000fbd35f3c90
Event: 82.336 Thread 0x000001fc4eb18e40 DEOPT UNPACKING pc=0x000001fc691846a2 sp=0x000000fbd35f3ac0 mode 2
Event: 82.672 Thread 0x000001fc4eb18e40 DEOPT PACKING pc=0x000001fc5a60c804 sp=0x000000fbd35f4430
Event: 82.672 Thread 0x000001fc4eb18e40 DEOPT UNPACKING pc=0x000001fc69184e42 sp=0x000000fbd35f38e0 mode 0

Classes loaded (20 events):
Event: 78.899 Loading class java/util/Collections$UnmodifiableMapBeanInfo
Event: 78.899 Loading class java/util/Collections$UnmodifiableMapBeanInfo done
Event: 78.899 Loading class java/util/Collections$UnmodifiableMapBeanInfo
Event: 78.899 Loading class java/util/Collections$UnmodifiableMapBeanInfo done
Event: 78.900 Loading class java/util/Collections$UnmodifiableMapCustomizer
Event: 78.900 Loading class java/util/Collections$UnmodifiableMapCustomizer done
Event: 78.900 Loading class java/util/Collections$UnmodifiableMapCustomizer
Event: 78.900 Loading class java/util/Collections$UnmodifiableMapCustomizer done
Event: 79.021 Loading class sun/nio/fs/WindowsPathBeanInfo
Event: 79.022 Loading class sun/nio/fs/WindowsPathBeanInfo done
Event: 79.024 Loading class sun/nio/fs/WindowsPathBeanInfo
Event: 79.024 Loading class sun/nio/fs/WindowsPathBeanInfo done
Event: 79.027 Loading class sun/nio/fs/WindowsPathCustomizer
Event: 79.027 Loading class sun/nio/fs/WindowsPathCustomizer done
Event: 79.028 Loading class sun/nio/fs/WindowsPathCustomizer
Event: 79.028 Loading class sun/nio/fs/WindowsPathCustomizer done
Event: 79.033 Loading class java/nio/file/WatchEvent
Event: 79.034 Loading class java/nio/file/WatchEvent done
Event: 79.046 Loading class java/io/LineNumberReader
Event: 79.047 Loading class java/io/LineNumberReader done

Classes unloaded (0 events):
No events

Classes redefined (0 events):
No events

Internal exceptions (20 events):
Event: 82.555 Thread 0x000001fc4eb18e40 Exception <a 'java/lang/ClassNotFoundException'{0x0000000608111008}: FlutterExtension_DecoratedBeanInfo> (0x0000000608111008) 
thrown [s\open\src\hotspot\share\classfile\systemDictionary.cpp, line 313]
Event: 82.556 Thread 0x000001fc4eb18e40 Exception <a 'java/lang/ClassNotFoundException'{0x000000060811ecf8}: FlutterExtensionBeanInfo> (0x000000060811ecf8) 
thrown [s\open\src\hotspot\share\classfile\systemDictionary.cpp, line 313]
Event: 82.563 Thread 0x000001fc4eb18e40 Exception <a 'java/lang/ClassNotFoundException'{0x000000060812c9d8}: FlutterExtensionCustomizer> (0x000000060812c9d8) 
thrown [s\open\src\hotspot\share\classfile\systemDictionary.cpp, line 313]
Event: 82.567 Thread 0x000001fc4eb18e40 Exception <a 'java/lang/ClassNotFoundException'{0x0000000608144ad8}: FlutterExtension_DecoratedCustomizer> (0x0000000608144ad8) 
thrown [s\open\src\hotspot\share\classfile\systemDictionary.cpp, line 313]
Event: 82.581 Thread 0x000001fc4eb18e40 Exception <a 'java/lang/NoSuchMethodError'{0x0000000608188518}: 'void java.lang.invoke.Invokers$Holder.invokeExact_MT(java.lang.Object, java.lang.Object, java.lang.Object, java.lang.Object)'> (0x0000000608188518) 
thrown [s\open\src\hotspot\share\interpreter\linkResolver.cpp, line 774]
Event: 82.636 Thread 0x000001fc4eb18e40 Exception <a 'java/lang/ClassNotFoundException'{0x00000006081b4788}: org/gradle/api/internal/project/ProjectStateInternalBeanInfo> (0x00000006081b4788) 
thrown [s\open\src\hotspot\share\classfile\systemDictionary.cpp, line 313]
Event: 82.638 Thread 0x000001fc4eb18e40 Exception <a 'java/lang/ClassNotFoundException'{0x00000006081d0a88}: org/gradle/api/internal/project/ProjectStateInternalCustomizer> (0x00000006081d0a88) 
thrown [s\open\src\hotspot\share\classfile\systemDictionary.cpp, line 313]
Event: 82.684 Thread 0x000001fc4eb18e40 Exception <a 'java/lang/ClassNotFoundException'{0x00000006083886c8}: org/gradle/api/internal/DefaultDomainObjectSet_DecoratedBeanInfo> (0x00000006083886c8) 
thrown [s\open\src\hotspot\share\classfile\systemDictionary.cpp, line 313]
Event: 82.733 Thread 0x000001fc4eb18e40 Exception <a 'java/lang/ClassNotFoundException'{0x00000006083a1498}: org/gradle/api/internal/DefaultDomainObjectSet_DecoratedCustomizer> (0x00000006083a1498) 
thrown [s\open\src\hotspot\share\classfile\systemDictionary.cpp, line 313]
Event: 82.890 Thread 0x000001fc4eb18e40 Exception <a 'java/lang/ClassNotFoundException'{0x000000060ac43cc8}: org/gradle/api/internal/file/DefaultProjectLayoutBeanInfo> (0x000000060ac43cc8) 
thrown [s\open\src\hotspot\share\classfile\systemDictionary.cpp, line 313]
Event: 82.899 Thread 0x000001fc4eb18e40 Exception <a 'java/lang/ClassNotFoundException'{0x000000060ac5c890}: org/gradle/api/internal/file/DefaultProjectLayoutCustomizer> (0x000000060ac5c890) 
thrown [s\open\src\hotspot\share\classfile\systemDictionary.cpp, line 313]
Event: 83.016 Thread 0x000001fc4eb18e40 Exception <a 'java/lang/ClassNotFoundException'{0x000000060ad13778}: org/gradle/api/internal/file/DefaultFilePropertyFactory$DefaultDirectoryVarBeanInfo> (0x000000060ad13778) 
thrown [s\open\src\hotspot\share\classfile\systemDictionary.cpp, line 313]
Event: 83.019 Thread 0x000001fc4eb18e40 Exception <a 'java/lang/ClassNotFoundException'{0x000000060ad2c9e8}: org/gradle/api/internal/file/DefaultFilePropertyFactory$AbstractFileVarBeanInfo> (0x000000060ad2c9e8) 
thrown [s\open\src\hotspot\share\classfile\systemDictionary.cpp, line 313]
Event: 83.033 Thread 0x000001fc4eb18e40 Exception <a 'java/lang/ClassNotFoundException'{0x000000060ad45578}: org/gradle/api/internal/provider/DefaultPropertyBeanInfo> (0x000000060ad45578) 
thrown [s\open\src\hotspot\share\classfile\systemDictionary.cpp, line 313]
Event: 83.104 Thread 0x000001fc4eb18e40 Exception <a 'java/lang/ClassNotFoundException'{0x000000060ad5e138}: org/gradle/api/internal/provider/AbstractPropertyBeanInfo> (0x000000060ad5e138) 
thrown [s\open\src\hotspot\share\classfile\systemDictionary.cpp, line 313]
Event: 83.199 Thread 0x000001fc4eb18e40 Exception <a 'java/lang/ClassNotFoundException'{0x000000060ad76ef8}: org/gradle/api/internal/provider/AbstractMinimalProviderBeanInfo> (0x000000060ad76ef8) 
thrown [s\open\src\hotspot\share\classfile\systemDictionary.cpp, line 313]
Event: 83.202 Thread 0x000001fc4eb18e40 Exception <a 'java/lang/ClassNotFoundException'{0x000000060ad8fcd8}: org/gradle/api/internal/provider/AbstractMinimalProviderCustomizer> (0x000000060ad8fcd8) 
thrown [s\open\src\hotspot\share\classfile\systemDictionary.cpp, line 313]
Event: 83.251 Thread 0x000001fc4eb18e40 Exception <a 'java/lang/ClassNotFoundException'{0x000000060adc95c0}: org/gradle/api/internal/provider/AbstractPropertyCustomizer> (0x000000060adc95c0) 
thrown [s\open\src\hotspot\share\classfile\systemDictionary.cpp, line 313]
Event: 83.373 Thread 0x000001fc4eb18e40 Exception <a 'java/lang/ClassNotFoundException'{0x000000060adf6e70}: org/gradle/api/internal/provider/DefaultPropertyCustomizer> (0x000000060adf6e70) 
thrown [s\open\src\hotspot\share\classfile\systemDictionary.cpp, line 313]
Event: 83.422 Thread 0x000001fc4eb18e40 Exception <a 'java/lang/ClassNotFoundException'{0x000000060ae2a2b8}: org/gradle/api/internal/file/DefaultFilePropertyFactory$AbstractFileVarCustomizer> (0x000000060ae2a2b8) 
thrown [s\open\src\hotspot\share\classfile\systemDictionary.cpp, line 313]

ZGC Phase Switch (0 events):
No events

VM Operations (20 events):
Event: 76.472 Executing VM operation: Cleanup
Event: 76.472 Executing VM operation: Cleanup done
Event: 77.449 Executing VM operation: G1CollectForAllocation (G1 Evacuation Pause)
Event: 77.462 Executing VM operation: G1CollectForAllocation (G1 Evacuation Pause) done
Event: 78.469 Executing VM operation: Cleanup
Event: 78.469 Executing VM operation: Cleanup done
Event: 79.051 Executing VM operation: HandshakeAllThreads (Deoptimize)
Event: 79.051 Executing VM operation: HandshakeAllThreads (Deoptimize) done
Event: 80.059 Executing VM operation: Cleanup
Event: 80.118 Executing VM operation: Cleanup done
Event: 81.132 Executing VM operation: Cleanup
Event: 81.367 Executing VM operation: Cleanup done
Event: 82.373 Executing VM operation: Cleanup
Event: 82.420 Executing VM operation: Cleanup done
Event: 82.763 Executing VM operation: G1CollectForAllocation (G1 Evacuation Pause)
Event: 82.787 Executing VM operation: G1CollectForAllocation (G1 Evacuation Pause) done
Event: 83.228 Executing VM operation: G1PauseRemark
Event: 83.243 Executing VM operation: G1PauseRemark done
Event: 83.286 Executing VM operation: G1PauseCleanup
Event: 83.287 Executing VM operation: G1PauseCleanup done

Memory protections (0 events):
No events

Nmethod flushes (20 events):
Event: 83.241 Thread 0x000001fc7daa8c10 flushing  nmethod 0x000001fc59d70590
Event: 83.241 Thread 0x000001fc7daa8c10 flushing  nmethod 0x000001fc5a308c90
Event: 83.241 Thread 0x000001fc7daa8c10 flushing  nmethod 0x000001fc5a3cf810
Event: 83.241 Thread 0x000001fc7daa8c10 flushing  nmethod 0x000001fc5a558390
Event: 83.241 Thread 0x000001fc7daa8c10 flushing  nmethod 0x000001fc69887d90
Event: 83.241 Thread 0x000001fc7daa8c10 flushing  nmethod 0x000001fc69b0e590
Event: 83.241 Thread 0x000001fc7daa8c10 flushing  nmethod 0x000001fc69b9ea90
Event: 83.241 Thread 0x000001fc7daa8c10 flushing  nmethod 0x000001fc69be3d90
Event: 83.241 Thread 0x000001fc7daa8c10 flushing  nmethod 0x000001fc69c13410
Event: 83.241 Thread 0x000001fc7daa8c10 flushing  nmethod 0x000001fc59503390
Event: 83.241 Thread 0x000001fc7daa8c10 flushing  nmethod 0x000001fc59559990
Event: 83.241 Thread 0x000001fc7daa8c10 flushing  nmethod 0x000001fc59706e10
Event: 83.241 Thread 0x000001fc7daa8c10 flushing  nmethod 0x000001fc59981190
Event: 83.241 Thread 0x000001fc7daa8c10 flushing  nmethod 0x000001fc59b2e810
Event: 83.241 Thread 0x000001fc7daa8c10 flushing  nmethod 0x000001fc59b5dc90
Event: 83.241 Thread 0x000001fc7daa8c10 flushing  nmethod 0x000001fc59f8bb90
Event: 83.241 Thread 0x000001fc7daa8c10 flushing  nmethod 0x000001fc59ff4b10
Event: 83.241 Thread 0x000001fc7daa8c10 flushing  nmethod 0x000001fc59ff7210
Event: 83.241 Thread 0x000001fc7daa8c10 flushing  nmethod 0x000001fc5a51b590
Event: 83.241 Thread 0x000001fc7daa8c10 flushing  nmethod 0x000001fc5a559d90

Events (20 events):
Event: 59.843 Thread 0x000001fc80008550 Thread added: 0x000001fc80006480
Event: 59.926 Thread 0x000001fc80008550 Thread added: 0x000001fc80009f90
Event: 59.927 Thread 0x000001fc80008550 Thread added: 0x000001fc80005760
Event: 59.928 Thread 0x000001fc80008550 Thread added: 0x000001fc80009900
Event: 60.400 Thread 0x000001fc80008550 Thread added: 0x000001fc8000b340
Event: 60.401 Thread 0x000001fc80008550 Thread added: 0x000001fc8000a620
Event: 60.401 Thread 0x000001fc80008550 Thread added: 0x000001fc8000acb0
Event: 60.465 Thread 0x000001fc80008550 Thread added: 0x000001fc81faaf20
Event: 60.465 Thread 0x000001fc80008550 Thread added: 0x000001fc81fa3f90
Event: 60.465 Thread 0x000001fc80008550 Thread added: 0x000001fc81fa9b70
Event: 61.390 Thread 0x000001fc80bc9270 Thread exited: 0x000001fc80bc9270
Event: 62.208 Thread 0x000001fc4eb18e40 Thread added: 0x000001fc81fab5b0
Event: 62.208 Thread 0x000001fc4eb18e40 Thread added: 0x000001fc81faa890
Event: 62.208 Thread 0x000001fc4eb18e40 Thread added: 0x000001fc81fa4620
Event: 62.623 Thread 0x000001fc4eb18e40 Thread added: 0x000001fc81faa200
Event: 62.626 Thread 0x000001fc4eb18e40 Thread added: 0x000001fc81fa8130
Event: 62.627 Thread 0x000001fc4eb18e40 Thread added: 0x000001fc81fa4cb0
Event: 63.940 Thread 0x000001fc4eb18e40 Thread added: 0x000001fc81fa6060
Event: 63.950 Thread 0x000001fc4eb18e40 Thread added: 0x000001fc81fa94e0
Event: 63.951 Thread 0x000001fc4eb18e40 Thread added: 0x000001fc81fa7410


Dynamic libraries:
0x00007ff6856c0000 - 0x00007ff6856d0000 	E:\Program Files\Java\jdk-22\bin\java.exe
0x00007ff8fbbd0000 - 0x00007ff8fbdc5000 	C:\Windows\SYSTEM32\ntdll.dll
0x00007ff8fa4e0000 - 0x00007ff8fa59e000 	C:\Windows\System32\KERNEL32.DLL
0x00007ff8f95f0000 - 0x00007ff8f98b9000 	C:\Windows\System32\KERNELBASE.dll
0x00007ff8f92f0000 - 0x00007ff8f93f0000 	C:\Windows\System32\ucrtbase.dll
0x00007ff8eab70000 - 0x00007ff8eab87000 	E:\Program Files\Java\jdk-22\bin\jli.dll
0x00007ff8fb610000 - 0x00007ff8fb7b1000 	C:\Windows\System32\USER32.dll
0x00007ff8f9b60000 - 0x00007ff8f9b82000 	C:\Windows\System32\win32u.dll
0x00007ff8fa4b0000 - 0x00007ff8fa4db000 	C:\Windows\System32\GDI32.dll
0x00007ff8f98c0000 - 0x00007ff8f99cb000 	C:\Windows\System32\gdi32full.dll
0x00007ff8e51e0000 - 0x00007ff8e51fb000 	E:\Program Files\Java\jdk-22\bin\VCRUNTIME140.dll
0x00007ff8f94a0000 - 0x00007ff8f953d000 	C:\Windows\System32\msvcp_win.dll
0x00007ff8e9b90000 - 0x00007ff8e9e2a000 	C:\Windows\WinSxS\amd64_microsoft.windows.common-controls_6595b64144ccf1df_6.0.19041.1110_none_60b5254171f9507e\COMCTL32.dll
0x00007ff8fa700000 - 0x00007ff8fa79e000 	C:\Windows\System32\msvcrt.dll
0x00007ff8fa670000 - 0x00007ff8fa6a0000 	C:\Windows\System32\IMM32.DLL
0x00007ff8f3b50000 - 0x00007ff8f3b5c000 	E:\Program Files\Java\jdk-22\bin\vcruntime140_1.dll
0x00007ff8d3ca0000 - 0x00007ff8d3d2e000 	E:\Program Files\Java\jdk-22\bin\msvcp140.dll
0x00007ff8927e0000 - 0x00007ff893529000 	E:\Program Files\Java\jdk-22\bin\server\jvm.dll
0x00007ff8fb910000 - 0x00007ff8fb9bc000 	C:\Windows\System32\ADVAPI32.dll
0x00007ff8fb570000 - 0x00007ff8fb60b000 	C:\Windows\System32\sechost.dll
0x00007ff8fb3e0000 - 0x00007ff8fb50a000 	C:\Windows\System32\RPCRT4.dll
0x00007ff8fa7a0000 - 0x00007ff8fa80b000 	C:\Windows\System32\WS2_32.dll
0x00007ff8f88b0000 - 0x00007ff8f88fb000 	C:\Windows\SYSTEM32\POWRPROF.dll
0x00007ff8e8720000 - 0x00007ff8e8747000 	C:\Windows\SYSTEM32\WINMM.dll
0x00007ff8f2960000 - 0x00007ff8f296a000 	C:\Windows\SYSTEM32\VERSION.dll
0x00007ff8f8720000 - 0x00007ff8f8732000 	C:\Windows\SYSTEM32\UMPDC.dll
0x00007ff8f71f0000 - 0x00007ff8f7202000 	C:\Windows\SYSTEM32\kernel.appcore.dll
0x00007ff8efec0000 - 0x00007ff8efeca000 	E:\Program Files\Java\jdk-22\bin\jimage.dll
0x00007ff8e7fb0000 - 0x00007ff8e8194000 	C:\Windows\SYSTEM32\DBGHELP.DLL
0x00007ff8e6470000 - 0x00007ff8e649c000 	C:\Windows\SYSTEM32\dbgcore.DLL
0x00007ff8f9b90000 - 0x00007ff8f9c13000 	C:\Windows\System32\bcryptPrimitives.dll
0x00007ff8efcc0000 - 0x00007ff8efccf000 	E:\Program Files\Java\jdk-22\bin\instrument.dll
0x00007ff8e39d0000 - 0x00007ff8e39ee000 	E:\Program Files\Java\jdk-22\bin\java.dll
0x00007ff8fa810000 - 0x00007ff8faf4f000 	C:\Windows\System32\SHELL32.dll
0x00007ff8fb2b0000 - 0x00007ff8fb3da000 	C:\Windows\System32\ole32.dll
0x00007ff8faf50000 - 0x00007ff8fb2a5000 	C:\Windows\System32\combase.dll
0x00007ff8f73f0000 - 0x00007ff8f7b80000 	C:\Windows\SYSTEM32\windows.storage.dll
0x00007ff8f8d40000 - 0x00007ff8f8d6c000 	C:\Windows\SYSTEM32\Wldp.dll
0x00007ff8fbae0000 - 0x00007ff8fbb8d000 	C:\Windows\System32\SHCORE.dll
0x00007ff8fb510000 - 0x00007ff8fb565000 	C:\Windows\System32\shlwapi.dll
0x00007ff8f9230000 - 0x00007ff8f924f000 	C:\Windows\SYSTEM32\profapi.dll
0x00007ff8b0240000 - 0x00007ff8b0317000 	E:\Program Files\Java\jdk-22\bin\jsvml.dll
0x00007ff8e39b0000 - 0x00007ff8e39c7000 	E:\Program Files\Java\jdk-22\bin\zip.dll
0x00007ff8e8750000 - 0x00007ff8e8760000 	E:\Program Files\Java\jdk-22\bin\net.dll
0x00007ff8f8aa0000 - 0x00007ff8f8b0a000 	C:\Windows\system32\mswsock.dll
0x00007ff8dfc50000 - 0x00007ff8dfc66000 	E:\Program Files\Java\jdk-22\bin\nio.dll
0x00007ff8e50e0000 - 0x00007ff8e50f0000 	E:\Program Files\Java\jdk-22\bin\verify.dll
0x00007ff8f2c20000 - 0x00007ff8f2c47000 	C:\Users\Toshiba\.gradle\native\c067742578af261105cb4f569cf0c3c89f3d7b1fecec35dd04571415982c5e48\windows-amd64\native-platform.dll
0x00007ff894d60000 - 0x00007ff894ea4000 	C:\Users\Toshiba\.gradle\native\100fb08df4bc3b14c8652ba06237920a3bd2aa13389f12d3474272988ae205f9\windows-amd64\native-platform-file-events.dll
0x00007ff8f2c80000 - 0x00007ff8f2c8a000 	E:\Program Files\Java\jdk-22\bin\management.dll
0x00007ff8f2c70000 - 0x00007ff8f2c7b000 	E:\Program Files\Java\jdk-22\bin\management_ext.dll
0x00007ff8fba50000 - 0x00007ff8fba58000 	C:\Windows\System32\PSAPI.DLL
0x00007ff8f8c90000 - 0x00007ff8f8ca8000 	C:\Windows\SYSTEM32\CRYPTSP.dll
0x00007ff8f83b0000 - 0x00007ff8f83e4000 	C:\Windows\system32\rsaenh.dll
0x00007ff8f9b30000 - 0x00007ff8f9b57000 	C:\Windows\System32\bcrypt.dll
0x00007ff8f91f0000 - 0x00007ff8f921e000 	C:\Windows\SYSTEM32\USERENV.dll
0x00007ff8f8cb0000 - 0x00007ff8f8cbc000 	C:\Windows\SYSTEM32\CRYPTBASE.dll
0x00007ff8f8740000 - 0x00007ff8f877b000 	C:\Windows\SYSTEM32\IPHLPAPI.DLL
0x00007ff8fb900000 - 0x00007ff8fb908000 	C:\Windows\System32\NSI.dll
0x00007ff8f2c60000 - 0x00007ff8f2c69000 	E:\Program Files\Java\jdk-22\bin\extnet.dll
0x00007ff8f2c50000 - 0x00007ff8f2c5e000 	E:\Program Files\Java\jdk-22\bin\sunmscapi.dll
0x00007ff8f99d0000 - 0x00007ff8f9b26000 	C:\Windows\System32\CRYPT32.dll
0x00007ff8f8db0000 - 0x00007ff8f8dd7000 	C:\Windows\SYSTEM32\ncrypt.dll
0x00007ff8f8d70000 - 0x00007ff8f8dab000 	C:\Windows\SYSTEM32\NTASN1.dll
0x00007ff8f6010000 - 0x00007ff8f6017000 	C:\Windows\system32\wshunix.dll
0x00007ff8f8790000 - 0x00007ff8f885c000 	C:\Windows\SYSTEM32\DNSAPI.dll
0x00007ff8ea620000 - 0x00007ff8ea62a000 	C:\Windows\System32\rasadhlp.dll
0x00007ff8ea700000 - 0x00007ff8ea77f000 	C:\Windows\System32\fwpuclnt.dll
0x00007ff8f2cc0000 - 0x00007ff8f2cd7000 	C:\Windows\system32\napinsp.dll
0x00007ff8f2070000 - 0x00007ff8f208b000 	C:\Windows\system32\pnrpnsp.dll
0x00007ff8daa50000 - 0x00007ff8daa65000 	C:\Windows\system32\wshbth.dll
0x00007ff8f5070000 - 0x00007ff8f508d000 	C:\Windows\system32\NLAapi.dll
0x00007ff8eff20000 - 0x00007ff8eff32000 	C:\Windows\System32\winrnr.dll

dbghelp: loaded successfully - version: 4.0.5 - missing functions: none
symbol engine: initialized successfully - sym options: 0x614 - pdb path: .;E:\Program Files\Java\jdk-22\bin;C:\Windows\SYSTEM32;C:\Windows\WinSxS\amd64_microsoft.windows.common-controls_6595b64144ccf1df_6.0.19041.1110_none_60b5254171f9507e;E:\Program Files\Java\jdk-22\bin\server;C:\Users\Toshiba\.gradle\native\c067742578af261105cb4f569cf0c3c89f3d7b1fecec35dd04571415982c5e48\windows-amd64;C:\Users\Toshiba\.gradle\native\100fb08df4bc3b14c8652ba06237920a3bd2aa13389f12d3474272988ae205f9\windows-amd64

VM Arguments:
jvm_args: -XX:MaxMetaspaceSize=4G -XX:ReservedCodeCacheSize=512m -XX:+HeapDumpOnOutOfMemoryError --add-opens=java.base/java.util=ALL-UNNAMED --add-opens=java.base/java.lang=ALL-UNNAMED --add-opens=java.base/java.lang.invoke=ALL-UNNAMED --add-opens=java.prefs/java.util.prefs=ALL-UNNAMED --add-exports=jdk.compiler/com.sun.tools.javac.api=ALL-UNNAMED --add-exports=jdk.compiler/com.sun.tools.javac.util=ALL-UNNAMED --add-opens=java.base/java.nio.charset=ALL-UNNAMED --add-opens=java.base/java.net=ALL-UNNAMED --add-opens=java.base/java.util.concurrent.atomic=ALL-UNNAMED -Xmx8G -Dfile.encoding=utf8 -Duser.country=US -Duser.language=en -Duser.variant -javaagent:C:\Users\Toshiba\.gradle\wrapper\dists\gradle-8.10.2-all\7iv73wktx1xtkvlq19urqw1wm\gradle-8.10.2\lib\agents\gradle-instrumentation-agent-8.10.2.jar 
java_command: org.gradle.launcher.daemon.bootstrap.GradleDaemon 8.10.2
java_class_path (initial): C:\Users\Toshiba\.gradle\wrapper\dists\gradle-8.10.2-all\7iv73wktx1xtkvlq19urqw1wm\gradle-8.10.2\lib\gradle-daemon-main-8.10.2.jar
Launcher Type: SUN_STANDARD

[Global flags]
     intx CICompilerCount                          = 3                                         {product} {ergonomic}
     uint ConcGCThreads                            = 1                                         {product} {ergonomic}
     uint G1ConcRefinementThreads                  = 4                                         {product} {ergonomic}
   size_t G1HeapRegionSize                         = 4194304                                   {product} {ergonomic}
     bool HeapDumpOnOutOfMemoryError               = true                                   {manageable} {command line}
   size_t InitialHeapSize                          = 67108864                                  {product} {ergonomic}
   size_t MarkStackSize                            = 4194304                                   {product} {ergonomic}
   size_t MaxHeapSize                              = 8589934592                                {product} {command line}
   size_t MaxMetaspaceSize                         = 4294967296                                {product} {command line}
   size_t MaxNewSize                               = 5150605312                                {product} {ergonomic}
   size_t MinHeapDeltaBytes                        = 4194304                                   {product} {ergonomic}
   size_t MinHeapSize                              = 8388608                                   {product} {ergonomic}
    uintx NonNMethodCodeHeapSize                   = 5832780                                {pd product} {ergonomic}
    uintx NonProfiledCodeHeapSize                  = 265519066                              {pd product} {ergonomic}
    uintx ProfiledCodeHeapSize                     = 265519066                              {pd product} {ergonomic}
    uintx ReservedCodeCacheSize                    = 536870912                              {pd product} {command line}
     bool SegmentedCodeCache                       = true                                      {product} {ergonomic}
   size_t SoftMaxHeapSize                          = 8589934592                             {manageable} {ergonomic}
     bool UseCompressedOops                        = true                           {product lp64_product} {ergonomic}
     bool UseG1GC                                  = true                                      {product} {ergonomic}
     bool UseLargePagesIndividualAllocation        = false                                  {pd product} {ergonomic}

Logging:
Log output configuration:
 #0: stdout all=warning uptime,level,tags foldmultilines=false
 #1: stderr all=off uptime,level,tags foldmultilines=false

Environment Variables:
JAVA_HOME=E:\Program Files\Java\jdk-22
PATH=C:\Program Files\Common Files\Oracle\Java\javapath;C:\Windows\system32;C:\Windows;C:\Windows\System32\Wbem;C:\Windows\System32\WindowsPowerShell\v1.0\;C:\Windows\System32\OpenSSH\;E:\NodeJS\;E:\Git\Git\cmd;C:\Program Files\Microsoft SQL Server\Client SDK\ODBC\170\Tools\Binn\;C:\Program Files\dotnet\;C:\Program Files\Microsoft SQL Server\150\Tools\Binn\;E:\Windows Kits\10\Windows Performance Toolkit\;E:\Program Files\Python\Scripts\;E:\Program Files\Python\;C:\Users\Toshiba\AppData\Local\Microsoft\WindowsApps;C:\Users\Toshiba\AppData\Roaming\npm;E:\VisualStudioCode\Microsoft VS Code\bin;C:\Users\Toshiba\AppData\Local\GitHubDesktop\bin;E:\Program Files\Python\python.exe;E:\Program Files\Java\jdk-22\bin;E:\Program Files\IntelliJ IDEA Community Edition 2024.2.3\bin;;C:\Users\Toshiba\.dotnet\tools;E:\flutter\bin;
USERNAME=Toshiba
OS=Windows_NT
PROCESSOR_IDENTIFIER=Intel64 Family 6 Model 69 Stepping 1, GenuineIntel
TMP=C:\Users\Toshiba\AppData\Local\Temp
TEMP=C:\Users\Toshiba\AppData\Local\Temp




Periodic native trim disabled

---------------  S Y S T E M  ---------------

OS:
 Windows 10 , 64 bit Build 19041 (10.0.19041.1202)
OS uptime: 0 days 0:23 hours

CPU: total 4 (initial active 4) (2 cores per cpu, 2 threads per core) family 6 model 69 stepping 1 microcode 0x25, cx8, cmov, fxsr, ht, mmx, sse, sse2, sse3, ssse3, sse4.1, sse4.2, popcnt, lzcnt, tsc, tscinvbit, avx, avx2, aes, erms, clmul, bmi1, bmi2, fma, vzeroupper, clflush, rdtscp, f16c
Processor Information for all 4 processors :
  Max Mhz: 2601, Current Mhz: 2000, Mhz Limit: 1976

Memory: 4k page, system-wide physical 4005M (223M free)
TotalPageFile size 9640M (AvailPageFile size 0M)
current process WorkingSet (physical memory assigned to process): 401M, peak: 409M
current process commit charge ("private bytes"): 486M, peak: 486M

vm_info: Java HotSpot(TM) 64-Bit Server VM (22.0.2+9-70) for windows-amd64 JRE (22.0.2+9-70), built on 2024-06-04T16:52:23Z by "mach5one" with MS VC++ 17.6 (VS2022)

END.
