#
# There is insufficient memory for the Java Runtime Environment to continue.
# Native memory allocation (mmap) failed to map 1153433600 bytes. Error detail: G1 virtual space
# Possible reasons:
#   The system is out of physical RAM or swap space
#   This process is running with CompressedOops enabled, and the Java Heap may be blocking the growth of the native heap
# Possible solutions:
#   Reduce memory load on the system
#   Increase physical memory or swap space
#   Check if swap backing store is full
#   Decrease Java heap size (-Xmx/-Xms)
#   Decrease number of Java threads
#   Decrease Java thread stack sizes (-Xss)
#   Set larger code cache with -XX:ReservedCodeCacheSize=
#   JVM is running with Zero Based Compressed Oops mode in which the Java heap is
#     placed in the first 32GB address space. The Java Heap base address is the
#     maximum limit for the native heap growth. Please use -XX:HeapBaseMinAddress
#     to set the Java Heap base and to place the Java Heap above 32GB virtual address.
# This output file may be truncated or incomplete.
#
#  Out of Memory Error (os_windows.cpp:3631), pid=6228, tid=13136
#
# JRE version: Java(TM) SE Runtime Environment (22.0.2+9) (build 22.0.2+9-70)
# Java VM: Java HotSpot(TM) 64-Bit Server VM (22.0.2+9-70, mixed mode, sharing, tiered, compressed oops, compressed class ptrs, g1 gc, windows-amd64)
# No core dump will be written. Minidumps are not enabled by default on client versions of Windows
#

---------------  S U M M A R Y ------------

Command Line: -XX:MaxMetaspaceSize=4G -XX:ReservedCodeCacheSize=512m -XX:+HeapDumpOnOutOfMemoryError --add-opens=java.base/java.util=ALL-UNNAMED --add-opens=java.base/java.lang=ALL-UNNAMED --add-opens=java.base/java.lang.invoke=ALL-UNNAMED --add-opens=java.prefs/java.util.prefs=ALL-UNNAMED --add-exports=jdk.compiler/com.sun.tools.javac.api=ALL-UNNAMED --add-exports=jdk.compiler/com.sun.tools.javac.util=ALL-UNNAMED --add-opens=java.base/java.nio.charset=ALL-UNNAMED --add-opens=java.base/java.net=ALL-UNNAMED --add-opens=java.base/java.util.concurrent.atomic=ALL-UNNAMED -Xmx8G -Dfile.encoding=utf8 -Duser.country=US -Duser.language=en -Duser.variant -javaagent:C:\Users\Toshiba\.gradle\wrapper\dists\gradle-8.10.2-all\7iv73wktx1xtkvlq19urqw1wm\gradle-8.10.2\lib\agents\gradle-instrumentation-agent-8.10.2.jar org.gradle.launcher.daemon.bootstrap.GradleDaemon 8.10.2

Host: Intel(R) Core(TM) i5-4310U CPU @ 2.00GHz, 4 cores, 3G,  Windows 10 , 64 bit Build 19041 (10.0.19041.1202)
Time: Mon Mar 31 18:53:05 2025 Pakistan Standard Time elapsed time: 98.710858 seconds (0d 0h 1m 38s)

---------------  T H R E A D  ---------------

Current thread (0x0000025fcd2b6f20):  VMThread "VM Thread"          [id=13136, stack(0x0000006d1bd00000,0x0000006d1be00000) (1024K)]

Stack: [0x0000006d1bd00000,0x0000006d1be00000]
Native frames: (J=compiled Java code, j=interpreted, Vv=VM code, C=native code)
V  [jvm.dll+0x6e26e9]  (no source info available)
V  [jvm.dll+0x875753]  (no source info available)
V  [jvm.dll+0x877b7e]  (no source info available)
V  [jvm.dll+0x878253]  (no source info available)
V  [jvm.dll+0x27fc86]  (no source info available)
V  [jvm.dll+0x6ded85]  (no source info available)
V  [jvm.dll+0x6d388a]  (no source info available)
V  [jvm.dll+0x358b8a]  (no source info available)
V  [jvm.dll+0x3610b6]  (no source info available)
V  [jvm.dll+0x3b419e]  (no source info available)
V  [jvm.dll+0x3b4448]  (no source info available)
V  [jvm.dll+0x32c5ec]  (no source info available)
V  [jvm.dll+0x32c677]  (no source info available)
V  [jvm.dll+0x37244c]  (no source info available)
V  [jvm.dll+0x370b46]  (no source info available)
V  [jvm.dll+0x32bcd7]  (no source info available)
V  [jvm.dll+0x370304]  (no source info available)
V  [jvm.dll+0x87e0f0]  (no source info available)
V  [jvm.dll+0x87f477]  (no source info available)
V  [jvm.dll+0x87f9f0]  (no source info available)
V  [jvm.dll+0x87fc93]  (no source info available)
V  [jvm.dll+0x81dc0b]  (no source info available)
V  [jvm.dll+0x6e0d85]  (no source info available)
C  [ucrtbase.dll+0x21bb2]  (no source info available)
C  [KERNEL32.DLL+0x17034]  (no source info available)
C  [ntdll.dll+0x52651]  (no source info available)

VM_Operation (0x0000006d1f7fb080): G1CollectForAllocation, mode: safepoint, requested by thread 0x000002601721f930


---------------  P R O C E S S  ---------------

Threads class SMR info:
_java_thread_list=0x0000026016c34f00, length=59, elements={
0x0000025f9889ba20, 0x0000025fcd2d1e90, 0x0000025fcd2d4cc0, 0x0000025fcd2d6a90,
0x0000025fcd2d9500, 0x0000025fcd2d9f60, 0x0000025fcd2da9c0, 0x0000025fcd2db750,
0x0000025fcd30b820, 0x0000025fcd4c8000, 0x0000025fcd672e30, 0x000002601420f0c0,
0x00000260141075d0, 0x0000025fcd497920, 0x0000025fcd632780, 0x0000026013971f00,
0x0000026013972570, 0x000002601474a580, 0x000002601474d370, 0x000002601474b2a0,
0x0000026014749ef0, 0x000002601474c650, 0x000002601474cce0, 0x000002601474ac10,
0x000002601474bfc0, 0x0000026014f695a0, 0x0000026014f6ca20, 0x0000026014f674d0,
0x0000026014f6bd00, 0x0000026014f6e460, 0x0000026014f6a2c0, 0x0000026014f6d0b0,
0x0000026014f681f0, 0x0000026014f6d740, 0x0000026014f68f10, 0x0000026014f68880,
0x0000026014f6afe0, 0x000002601503a090, 0x000002601503adb0, 0x00000260150344b0,
0x0000026015038ce0, 0x0000026015037fc0, 0x0000026015037930, 0x0000026015036580,
0x0000026015038650, 0x0000026015039370, 0x000002601503a720, 0x000002601503bad0,
0x000002601721ffc0, 0x0000026017220650, 0x000002601721ec10, 0x0000026017220ce0,
0x000002601721e580, 0x0000026017221370, 0x000002601721def0, 0x000002601721f2a0,
0x000002601721f930, 0x0000026016a69780, 0x0000026016a6ab30
}

Java Threads: ( => current thread )
  0x0000025f9889ba20 JavaThread "main"                              [_thread_blocked, id=12240, stack(0x0000006d1b600000,0x0000006d1b700000) (1024K)]
  0x0000025fcd2d1e90 JavaThread "Reference Handler"          daemon [_thread_blocked, id=7744, stack(0x0000006d1be00000,0x0000006d1bf00000) (1024K)]
  0x0000025fcd2d4cc0 JavaThread "Finalizer"                  daemon [_thread_blocked, id=5296, stack(0x0000006d1bf00000,0x0000006d1c000000) (1024K)]
  0x0000025fcd2d6a90 JavaThread "Signal Dispatcher"          daemon [_thread_blocked, id=9752, stack(0x0000006d1c000000,0x0000006d1c100000) (1024K)]
  0x0000025fcd2d9500 JavaThread "Attach Listener"            daemon [_thread_blocked, id=13260, stack(0x0000006d1c100000,0x0000006d1c200000) (1024K)]
  0x0000025fcd2d9f60 JavaThread "Service Thread"             daemon [_thread_blocked, id=3256, stack(0x0000006d1c200000,0x0000006d1c300000) (1024K)]
  0x0000025fcd2da9c0 JavaThread "Monitor Deflation Thread"   daemon [_thread_blocked, id=11916, stack(0x0000006d1c300000,0x0000006d1c400000) (1024K)]
  0x0000025fcd2db750 JavaThread "C2 CompilerThread0"         daemon [_thread_blocked, id=4012, stack(0x0000006d1c400000,0x0000006d1c500000) (1024K)]
  0x0000025fcd30b820 JavaThread "C1 CompilerThread0"         daemon [_thread_blocked, id=4064, stack(0x0000006d1c500000,0x0000006d1c600000) (1024K)]
  0x0000025fcd4c8000 JavaThread "Common-Cleaner"             daemon [_thread_blocked, id=9672, stack(0x0000006d1c600000,0x0000006d1c700000) (1024K)]
  0x0000025fcd672e30 JavaThread "Notification Thread"        daemon [_thread_blocked, id=2424, stack(0x0000006d1c700000,0x0000006d1c800000) (1024K)]
  0x000002601420f0c0 JavaThread "Daemon health stats"               [_thread_blocked, id=5332, stack(0x0000006d1cb00000,0x0000006d1cc00000) (1024K)]
  0x00000260141075d0 JavaThread "Incoming local TCP Connector on port 49874"        [_thread_in_native, id=6924, stack(0x0000006d1cc00000,0x0000006d1cd00000) (1024K)]
  0x0000025fcd497920 JavaThread "Daemon periodic checks"            [_thread_blocked, id=10164, stack(0x0000006d1cd00000,0x0000006d1ce00000) (1024K)]
  0x0000025fcd632780 JavaThread "Daemon"                            [_thread_blocked, id=7364, stack(0x0000006d1ce00000,0x0000006d1cf00000) (1024K)]
  0x0000026013971f00 JavaThread "Handler for socket connection from /127.0.0.1:49874 to /127.0.0.1:49875"        [_thread_in_native, id=11736, stack(0x0000006d1cf00000,0x0000006d1d000000) (1024K)]
  0x0000026013972570 JavaThread "Cancel handler"                    [_thread_blocked, id=12236, stack(0x0000006d1d000000,0x0000006d1d100000) (1024K)]
  0x000002601474a580 JavaThread "Daemon worker"                     [_thread_blocked, id=896, stack(0x0000006d1d100000,0x0000006d1d200000) (1024K)]
  0x000002601474d370 JavaThread "Asynchronous log dispatcher for DefaultDaemonConnection: socket connection from /127.0.0.1:49874 to /127.0.0.1:49875"        [_thread_blocked, id=4240, stack(0x0000006d1d200000,0x0000006d1d300000) (1024K)]
  0x000002601474b2a0 JavaThread "Stdin handler"                     [_thread_blocked, id=1848, stack(0x0000006d1d300000,0x0000006d1d400000) (1024K)]
  0x0000026014749ef0 JavaThread "Daemon client event forwarder"        [_thread_blocked, id=6660, stack(0x0000006d1d400000,0x0000006d1d500000) (1024K)]
  0x000002601474c650 JavaThread "Cache worker for journal cache (C:\Users\Toshiba\.gradle\caches\journal-1)"        [_thread_blocked, id=10332, stack(0x0000006d1d500000,0x0000006d1d600000) (1024K)]
  0x000002601474cce0 JavaThread "File lock request listener"        [_thread_in_native, id=4504, stack(0x0000006d1d600000,0x0000006d1d700000) (1024K)]
  0x000002601474ac10 JavaThread "Cache worker for file hash cache (C:\Users\Toshiba\.gradle\caches\8.10.2\fileHashes)"        [_thread_blocked, id=1976, stack(0x0000006d1d700000,0x0000006d1d800000) (1024K)]
  0x000002601474bfc0 JavaThread "Cache worker for file hash cache (E:\STUDY A\8th Semester\SMD\21K-4556_Software-For-Mobile-Devices\flutter_infinite_list\android\.gradle\8.10.2\fileHashes)"        [_thread_blocked, id=424, stack(0x0000006d1d800000,0x0000006d1d900000) (1024K)]
  0x0000026014f695a0 JavaThread "Cache worker for Build Output Cleanup Cache (E:\STUDY A\8th Semester\SMD\21K-4556_Software-For-Mobile-Devices\flutter_infinite_list\android\.gradle\buildOutputCleanup)"        [_thread_blocked, id=8196, stack(0x0000006d1d900000,0x0000006d1da00000) (1024K)]
  0x0000026014f6ca20 JavaThread "File watcher server"        daemon [_thread_in_native, id=13072, stack(0x0000006d1db00000,0x0000006d1dc00000) (1024K)]
  0x0000026014f674d0 JavaThread "File watcher consumer"      daemon [_thread_blocked, id=9564, stack(0x0000006d1dc00000,0x0000006d1dd00000) (1024K)]
  0x0000026014f6bd00 JavaThread "jar transforms"                    [_thread_blocked, id=11408, stack(0x0000006d1dd00000,0x0000006d1de00000) (1024K)]
  0x0000026014f6e460 JavaThread "jar transforms Thread 2"           [_thread_blocked, id=5036, stack(0x0000006d1de00000,0x0000006d1df00000) (1024K)]
  0x0000026014f6a2c0 JavaThread "jar transforms Thread 3"           [_thread_blocked, id=10884, stack(0x0000006d1df00000,0x0000006d1e000000) (1024K)]
  0x0000026014f6d0b0 JavaThread "Cache worker for checksums cache (E:\STUDY A\8th Semester\SMD\21K-4556_Software-For-Mobile-Devices\flutter_infinite_list\android\.gradle\8.10.2\checksums)"        [_thread_blocked, id=10528, stack(0x0000006d1e000000,0x0000006d1e100000) (1024K)]
  0x0000026014f681f0 JavaThread "Cache worker for file content cache (C:\Users\Toshiba\.gradle\caches\8.10.2\fileContent)"        [_thread_blocked, id=11740, stack(0x0000006d1e100000,0x0000006d1e200000) (1024K)]
  0x0000026014f6d740 JavaThread "Cache worker for cache directory md-rule (C:\Users\Toshiba\.gradle\caches\8.10.2\md-rule)"        [_thread_blocked, id=12196, stack(0x0000006d1e200000,0x0000006d1e300000) (1024K)]
  0x0000026014f68f10 JavaThread "Cache worker for cache directory md-supplier (C:\Users\Toshiba\.gradle\caches\8.10.2\md-supplier)"        [_thread_blocked, id=8500, stack(0x0000006d1e300000,0x0000006d1e400000) (1024K)]
  0x0000026014f68880 JavaThread "jar transforms Thread 4"           [_thread_blocked, id=9064, stack(0x0000006d1e400000,0x0000006d1e500000) (1024K)]
  0x0000026014f6afe0 JavaThread "Cache worker for Build Output Cleanup Cache (E:\flutter\packages\flutter_tools\gradle\.gradle\buildOutputCleanup)"        [_thread_blocked, id=10300, stack(0x0000006d1da00000,0x0000006d1db00000) (1024K)]
  0x000002601503a090 JavaThread "Unconstrained build operations"        [_thread_blocked, id=5708, stack(0x0000006d1e500000,0x0000006d1e600000) (1024K)]
  0x000002601503adb0 JavaThread "Unconstrained build operations Thread 2"        [_thread_blocked, id=11704, stack(0x0000006d1e600000,0x0000006d1e700000) (1024K)]
  0x00000260150344b0 JavaThread "Unconstrained build operations Thread 3"        [_thread_blocked, id=7556, stack(0x0000006d1e700000,0x0000006d1e800000) (1024K)]
  0x0000026015038ce0 JavaThread "Unconstrained build operations Thread 4"        [_thread_blocked, id=10684, stack(0x0000006d1e800000,0x0000006d1e900000) (1024K)]
  0x0000026015037fc0 JavaThread "Unconstrained build operations Thread 5"        [_thread_blocked, id=4864, stack(0x0000006d1e900000,0x0000006d1ea00000) (1024K)]
  0x0000026015037930 JavaThread "Unconstrained build operations Thread 6"        [_thread_blocked, id=9096, stack(0x0000006d1ea00000,0x0000006d1eb00000) (1024K)]
  0x0000026015036580 JavaThread "Unconstrained build operations Thread 7"        [_thread_blocked, id=11708, stack(0x0000006d1eb00000,0x0000006d1ec00000) (1024K)]
  0x0000026015038650 JavaThread "Unconstrained build operations Thread 8"        [_thread_blocked, id=11696, stack(0x0000006d1ec00000,0x0000006d1ed00000) (1024K)]
  0x0000026015039370 JavaThread "Unconstrained build operations Thread 9"        [_thread_blocked, id=10200, stack(0x0000006d1ed00000,0x0000006d1ee00000) (1024K)]
  0x000002601503a720 JavaThread "Memory manager"                    [_thread_blocked, id=9656, stack(0x0000006d1ee00000,0x0000006d1ef00000) (1024K)]
  0x000002601503bad0 JavaThread "build event listener"              [_thread_blocked, id=7816, stack(0x0000006d1ef00000,0x0000006d1f000000) (1024K)]
  0x000002601721ffc0 JavaThread "included builds"                   [_thread_blocked, id=3600, stack(0x0000006d1b400000,0x0000006d1b500000) (1024K)]
  0x0000026017220650 JavaThread "Execution worker"                  [_thread_blocked, id=7020, stack(0x0000006d1f000000,0x0000006d1f100000) (1024K)]
  0x000002601721ec10 JavaThread "Execution worker Thread 2"         [_thread_blocked, id=3104, stack(0x0000006d1f100000,0x0000006d1f200000) (1024K)]
  0x0000026017220ce0 JavaThread "Execution worker Thread 3"         [_thread_blocked, id=11544, stack(0x0000006d1f200000,0x0000006d1f300000) (1024K)]
  0x000002601721e580 JavaThread "Cache worker for execution history cache (E:\flutter\packages\flutter_tools\gradle\.gradle\8.10.2\executionHistory)"        [_thread_blocked, id=4488, stack(0x0000006d1f300000,0x0000006d1f400000) (1024K)]
  0x0000026017221370 JavaThread "Unconstrained build operations Thread 10"        [_thread_blocked, id=11412, stack(0x0000006d1f400000,0x0000006d1f500000) (1024K)]
  0x000002601721def0 JavaThread "Unconstrained build operations Thread 11"        [_thread_blocked, id=13296, stack(0x0000006d1f500000,0x0000006d1f600000) (1024K)]
  0x000002601721f2a0 JavaThread "Unconstrained build operations Thread 12"        [_thread_blocked, id=4768, stack(0x0000006d1f600000,0x0000006d1f700000) (1024K)]
  0x000002601721f930 JavaThread "Unconstrained build operations Thread 13"        [_thread_blocked, id=10224, stack(0x0000006d1f700000,0x0000006d1f800000) (1024K)]
  0x0000026016a69780 JavaThread "Unconstrained build operations Thread 14"        [_thread_blocked, id=7992, stack(0x0000006d1f800000,0x0000006d1f900000) (1024K)]
  0x0000026016a6ab30 JavaThread "Unconstrained build operations Thread 15"        [_thread_blocked, id=9760, stack(0x0000006d1f900000,0x0000006d1fa00000) (1024K)]
Total: 59

Other Threads:
=>0x0000025fcd2b6f20 VMThread "VM Thread"                           [id=13136, stack(0x0000006d1bd00000,0x0000006d1be00000) (1024K)]
  0x0000025fcd2a1620 WatcherThread "VM Periodic Task Thread"        [id=11764, stack(0x0000006d1bc00000,0x0000006d1bd00000) (1024K)]
  0x0000025f98946400 WorkerThread "GC Thread#0"                     [id=10624, stack(0x0000006d1b700000,0x0000006d1b800000) (1024K)]
  0x0000025fcd6022d0 WorkerThread "GC Thread#1"                     [id=10408, stack(0x0000006d1c800000,0x0000006d1c900000) (1024K)]
  0x0000025fcd736a90 WorkerThread "GC Thread#2"                     [id=2928, stack(0x0000006d1c900000,0x0000006d1ca00000) (1024K)]
  0x0000026013902790 WorkerThread "GC Thread#3"                     [id=11564, stack(0x0000006d1ca00000,0x0000006d1cb00000) (1024K)]
  0x0000025f98958310 ConcurrentGCThread "G1 Main Marker"            [id=10976, stack(0x0000006d1b800000,0x0000006d1b900000) (1024K)]
  0x0000025f98959540 WorkerThread "G1 Conc#0"                       [id=7664, stack(0x0000006d1b900000,0x0000006d1ba00000) (1024K)]
  0x0000025fcd16c180 ConcurrentGCThread "G1 Refine#0"               [id=7344, stack(0x0000006d1ba00000,0x0000006d1bb00000) (1024K)]
  0x0000025fcd16c9b0 ConcurrentGCThread "G1 Service"                [id=5024, stack(0x0000006d1bb00000,0x0000006d1bc00000) (1024K)]
Total: 10

Threads with active compile tasks:
Total: 0

VM state: at safepoint (normal execution)

VM Mutex/Monitor currently owned by a thread:  ([mutex/lock_event])
[0x00007ffd0635cb80] Threads_lock - owner thread: 0x0000025fcd2b6f20
[0x00007ffd0635cc80] Heap_lock - owner thread: 0x000002601721f930

Heap address: 0x0000000600000000, size: 8192 MB, Compressed Oops mode: Zero based, Oop shift amount: 3

CDS archive(s) mapped at: [0x0000025fce000000-0x0000025fcec60000-0x0000025fcec60000), size 12976128, SharedBaseAddress: 0x0000025fce000000, ArchiveRelocationMode: 1.
Compressed class space mapped at: 0x0000025fcf000000-0x000002600f000000, reserved size: 1073741824
Narrow klass base: 0x0000025fce000000, Narrow klass shift: 0, Narrow klass range: 0x41000000

GC Precious Log:
 CardTable entry size: 512
 Card Set container configuration: InlinePtr #cards 4 size 8 Array Of Cards #cards 32 size 80 Howl #buckets 8 coarsen threshold 7372 Howl Bitmap #cards 1024 size 144 coarsen threshold 921 Card regions per heap region 1 cards per card region 8192
 CPUs: 4 total, 4 available
 Memory: 4005M
 Large Page Support: Disabled
 NUMA Support: Disabled
 Compressed Oops: Enabled (Zero based)
 Heap Region Size: 4M
 Heap Min Capacity: 8M
 Heap Initial Capacity: 64M
 Heap Max Capacity: 8G
 Pre-touch: Disabled
 Parallel Workers: 4
 Concurrent Workers: 1
 Concurrent Refinement Workers: 4
 Periodic GC: Disabled

Heap:
 garbage-first heap   total reserved 8388608K, committed 1126400K, used 142022K [0x0000000600000000, 0x0000000800000000)
  region size 4096K, 2 young (8192K), 2 survivors (8192K)
 Metaspace       used 76327K, committed 78464K, reserved 1179648K
  class space    used 11012K, committed 12032K, reserved 1048576K

Heap Regions: E=young(eden), S=young(survivor), O=old, HS=humongous(starts), HC=humongous(continues), CS=collection set, F=free, TAMS=top-at-mark-start, PB=parsable bottom
|   0|0x0000000600000000, 0x0000000600400000, 0x0000000600400000|100%|HS|  |TAMS 0x0000000600000000| PB 0x0000000600000000| Complete |  0
|   1|0x0000000600400000, 0x0000000600800000, 0x0000000600800000|100%| O|  |TAMS 0x0000000600400000| PB 0x0000000600400000| Untracked |  0
|   2|0x0000000600800000, 0x0000000600c00000, 0x0000000600c00000|100%| O|  |TAMS 0x0000000600800000| PB 0x0000000600800000| Untracked |  0
|   3|0x0000000600c00000, 0x0000000601000000, 0x0000000601000000|100%| O|  |TAMS 0x0000000600c00000| PB 0x0000000600c00000| Untracked |  0
|   4|0x0000000601000000, 0x0000000601400000, 0x0000000601400000|100%| O|  |TAMS 0x0000000601000000| PB 0x0000000601000000| Untracked |  0
|   5|0x0000000601400000, 0x0000000601800000, 0x0000000601800000|100%| O|  |TAMS 0x0000000601400000| PB 0x0000000601400000| Untracked |  0
|   6|0x0000000601800000, 0x0000000601c00000, 0x0000000601c00000|100%| O|  |TAMS 0x0000000601800000| PB 0x0000000601800000| Untracked |  0
|   7|0x0000000601c00000, 0x0000000602000000, 0x0000000602000000|100%| O|  |TAMS 0x0000000601c00000| PB 0x0000000601c00000| Untracked |  0
|   8|0x0000000602000000, 0x0000000602400000, 0x0000000602400000|100%| O|  |TAMS 0x0000000602000000| PB 0x0000000602000000| Untracked |  0
|   9|0x0000000602400000, 0x0000000602800000, 0x0000000602800000|100%| O|  |TAMS 0x0000000602400000| PB 0x0000000602400000| Untracked |  0
|  10|0x0000000602800000, 0x0000000602c00000, 0x0000000602c00000|100%| O|  |TAMS 0x0000000602800000| PB 0x0000000602800000| Untracked |  0
|  11|0x0000000602c00000, 0x0000000603000000, 0x0000000603000000|100%| O|  |TAMS 0x0000000602c00000| PB 0x0000000602c00000| Untracked |  0
|  12|0x0000000603000000, 0x0000000603400000, 0x0000000603400000|100%|HS|  |TAMS 0x0000000603000000| PB 0x0000000603000000| Complete |  0
|  13|0x0000000603400000, 0x0000000603800000, 0x0000000603800000|100%|HS|  |TAMS 0x0000000603400000| PB 0x0000000603400000| Complete |  0
|  14|0x0000000603800000, 0x0000000603c00000, 0x0000000603c00000|100%| O|  |TAMS 0x0000000603800000| PB 0x0000000603800000| Untracked |  0
|  15|0x0000000603c00000, 0x0000000604000000, 0x0000000604000000|100%| O|  |TAMS 0x0000000603c00000| PB 0x0000000603c00000| Untracked |  0
|  16|0x0000000604000000, 0x0000000604400000, 0x0000000604400000|100%|HS|  |TAMS 0x0000000604000000| PB 0x0000000604000000| Complete |  0
|  17|0x0000000604400000, 0x0000000604800000, 0x0000000604800000|100%|HC|  |TAMS 0x0000000604400000| PB 0x0000000604400000| Complete |  0
|  18|0x0000000604800000, 0x0000000604c00000, 0x0000000604c00000|100%| O|  |TAMS 0x0000000604800000| PB 0x0000000604800000| Untracked |  0
|  19|0x0000000604c00000, 0x0000000605000000, 0x0000000605000000|100%| O|  |TAMS 0x0000000604c00000| PB 0x0000000604c00000| Untracked |  0
|  20|0x0000000605000000, 0x0000000605400000, 0x0000000605400000|100%| O|  |TAMS 0x0000000605000000| PB 0x0000000605000000| Untracked |  0
|  21|0x0000000605400000, 0x0000000605800000, 0x0000000605800000|100%| O|  |TAMS 0x0000000605400000| PB 0x0000000605400000| Untracked |  0
|  22|0x0000000605800000, 0x0000000605c00000, 0x0000000605c00000|100%| O|  |TAMS 0x0000000605800000| PB 0x0000000605800000| Untracked |  0
|  23|0x0000000605c00000, 0x0000000606000000, 0x0000000606000000|100%| O|  |TAMS 0x0000000605c00000| PB 0x0000000605c00000| Untracked |  0
|  24|0x0000000606000000, 0x0000000606400000, 0x0000000606400000|100%| O|  |TAMS 0x0000000606000000| PB 0x0000000606000000| Untracked |  0
|  25|0x0000000606400000, 0x0000000606800000, 0x0000000606800000|100%| O|  |TAMS 0x0000000606400000| PB 0x0000000606400000| Untracked |  0
|  26|0x0000000606800000, 0x0000000606c00000, 0x0000000606c00000|100%| O|  |TAMS 0x0000000606800000| PB 0x0000000606800000| Untracked |  0
|  27|0x0000000606c00000, 0x0000000607000000, 0x0000000607000000|100%| O|  |TAMS 0x0000000606c00000| PB 0x0000000606c00000| Untracked |  0
|  28|0x0000000607000000, 0x0000000607400000, 0x0000000607400000|100%| O|  |TAMS 0x0000000607000000| PB 0x0000000607000000| Untracked |  0
|  29|0x0000000607400000, 0x0000000607800000, 0x0000000607800000|100%| O|  |TAMS 0x0000000607400000| PB 0x0000000607400000| Untracked |  0
|  30|0x0000000607800000, 0x0000000607c00000, 0x0000000607c00000|100%| O|  |TAMS 0x0000000607800000| PB 0x0000000607800000| Untracked |  0
|  31|0x0000000607c00000, 0x0000000608000000, 0x0000000608000000|100%| O|  |TAMS 0x0000000607c00000| PB 0x0000000607c00000| Untracked |  0
|  32|0x0000000608000000, 0x0000000608400000, 0x0000000608400000|100%| O|  |TAMS 0x0000000608000000| PB 0x0000000608000000| Untracked |  0
|  33|0x0000000608400000, 0x00000006085e6e60, 0x0000000608800000| 47%| O|  |TAMS 0x0000000608400000| PB 0x0000000608400000| Untracked |  0
|  34|0x0000000608800000, 0x0000000608800000, 0x0000000608c00000|  0%| F|  |TAMS 0x0000000608800000| PB 0x0000000608800000| Untracked |  0
|  35|0x0000000608c00000, 0x0000000608c00000, 0x0000000609000000|  0%| F|  |TAMS 0x0000000608c00000| PB 0x0000000608c00000| Untracked |  0
|  36|0x0000000609000000, 0x0000000609000000, 0x0000000609400000|  0%| F|  |TAMS 0x0000000609000000| PB 0x0000000609000000| Untracked |  0
|  37|0x0000000609400000, 0x0000000609400000, 0x0000000609800000|  0%| F|  |TAMS 0x0000000609400000| PB 0x0000000609400000| Untracked |  0
|  38|0x0000000609800000, 0x0000000609800000, 0x0000000609c00000|  0%| F|  |TAMS 0x0000000609800000| PB 0x0000000609800000| Untracked |  0
|  39|0x0000000609c00000, 0x0000000609c00000, 0x000000060a000000|  0%| F|  |TAMS 0x0000000609c00000| PB 0x0000000609c00000| Untracked |  0
|  40|0x000000060a000000, 0x000000060a000000, 0x000000060a400000|  0%| F|  |TAMS 0x000000060a000000| PB 0x000000060a000000| Untracked |  0
|  41|0x000000060a400000, 0x000000060a400000, 0x000000060a800000|  0%| F|  |TAMS 0x000000060a400000| PB 0x000000060a400000| Untracked |  0
|  42|0x000000060a800000, 0x000000060a800000, 0x000000060ac00000|  0%| F|  |TAMS 0x000000060a800000| PB 0x000000060a800000| Untracked |  0
|  43|0x000000060ac00000, 0x000000060ac00000, 0x000000060b000000|  0%| F|  |TAMS 0x000000060ac00000| PB 0x000000060ac00000| Untracked |  0
|  44|0x000000060b000000, 0x000000060b000000, 0x000000060b400000|  0%| F|  |TAMS 0x000000060b000000| PB 0x000000060b000000| Untracked |  0
|  45|0x000000060b400000, 0x000000060b400000, 0x000000060b800000|  0%| F|  |TAMS 0x000000060b400000| PB 0x000000060b400000| Untracked |  0
|  46|0x000000060b800000, 0x000000060b800000, 0x000000060bc00000|  0%| F|  |TAMS 0x000000060b800000| PB 0x000000060b800000| Untracked |  0
|  47|0x000000060bc00000, 0x000000060bc00000, 0x000000060c000000|  0%| F|  |TAMS 0x000000060bc00000| PB 0x000000060bc00000| Untracked |  0
|  48|0x000000060c000000, 0x000000060c000000, 0x000000060c400000|  0%| F|  |TAMS 0x000000060c000000| PB 0x000000060c000000| Untracked |  0
|  49|0x000000060c400000, 0x000000060c400000, 0x000000060c800000|  0%| F|  |TAMS 0x000000060c400000| PB 0x000000060c400000| Untracked |  0
|  50|0x000000060c800000, 0x000000060c800000, 0x000000060cc00000|  0%| F|  |TAMS 0x000000060c800000| PB 0x000000060c800000| Untracked |  0
|  51|0x000000060cc00000, 0x000000060cc00000, 0x000000060d000000|  0%| F|  |TAMS 0x000000060cc00000| PB 0x000000060cc00000| Untracked |  0
|  52|0x000000060d000000, 0x000000060d000000, 0x000000060d400000|  0%| F|  |TAMS 0x000000060d000000| PB 0x000000060d000000| Untracked |  0
|  53|0x000000060d400000, 0x000000060d400000, 0x000000060d800000|  0%| F|  |TAMS 0x000000060d400000| PB 0x000000060d400000| Untracked |  0
|  54|0x000000060d800000, 0x000000060d800000, 0x000000060dc00000|  0%| F|  |TAMS 0x000000060d800000| PB 0x000000060d800000| Untracked |  0
|  55|0x000000060dc00000, 0x000000060dc00000, 0x000000060e000000|  0%| F|  |TAMS 0x000000060dc00000| PB 0x000000060dc00000| Untracked |  0
|  56|0x000000060e000000, 0x000000060e000000, 0x000000060e400000|  0%| F|  |TAMS 0x000000060e000000| PB 0x000000060e000000| Untracked |  0
|  57|0x000000060e400000, 0x000000060e400000, 0x000000060e800000|  0%| F|  |TAMS 0x000000060e400000| PB 0x000000060e400000| Untracked |  0
|  58|0x000000060e800000, 0x000000060e800000, 0x000000060ec00000|  0%| F|  |TAMS 0x000000060e800000| PB 0x000000060e800000| Untracked |  0
|  59|0x000000060ec00000, 0x000000060ec00000, 0x000000060f000000|  0%| F|  |TAMS 0x000000060ec00000| PB 0x000000060ec00000| Untracked |  0
|  60|0x000000060f000000, 0x000000060f000000, 0x000000060f400000|  0%| F|  |TAMS 0x000000060f000000| PB 0x000000060f000000| Untracked |  0
|  61|0x000000060f400000, 0x000000060f400000, 0x000000060f800000|  0%| F|  |TAMS 0x000000060f400000| PB 0x000000060f400000| Untracked |  0
|  62|0x000000060f800000, 0x000000060f800000, 0x000000060fc00000|  0%| F|  |TAMS 0x000000060f800000| PB 0x000000060f800000| Untracked |  0
|  63|0x000000060fc00000, 0x000000060fc00000, 0x0000000610000000|  0%| F|  |TAMS 0x000000060fc00000| PB 0x000000060fc00000| Untracked |  0
|  64|0x0000000610000000, 0x0000000610000000, 0x0000000610400000|  0%| F|  |TAMS 0x0000000610000000| PB 0x0000000610000000| Untracked |  0
|  65|0x0000000610400000, 0x0000000610400000, 0x0000000610800000|  0%| F|  |TAMS 0x0000000610400000| PB 0x0000000610400000| Untracked |  0
|  66|0x0000000610800000, 0x0000000610800000, 0x0000000610c00000|  0%| F|  |TAMS 0x0000000610800000| PB 0x0000000610800000| Untracked |  0
|  67|0x0000000610c00000, 0x0000000610c00000, 0x0000000611000000|  0%| F|  |TAMS 0x0000000610c00000| PB 0x0000000610c00000| Untracked |  0
|  68|0x0000000611000000, 0x0000000611000000, 0x0000000611400000|  0%| F|  |TAMS 0x0000000611000000| PB 0x0000000611000000| Untracked |  0
|  69|0x0000000611400000, 0x0000000611400000, 0x0000000611800000|  0%| F|  |TAMS 0x0000000611400000| PB 0x0000000611400000| Untracked |  0
|  70|0x0000000611800000, 0x0000000611800000, 0x0000000611c00000|  0%| F|  |TAMS 0x0000000611800000| PB 0x0000000611800000| Untracked |  0
|  71|0x0000000611c00000, 0x0000000611c00000, 0x0000000612000000|  0%| F|  |TAMS 0x0000000611c00000| PB 0x0000000611c00000| Untracked |  0
|  72|0x0000000612000000, 0x0000000612000000, 0x0000000612400000|  0%| F|  |TAMS 0x0000000612000000| PB 0x0000000612000000| Untracked |  0
|  73|0x0000000612400000, 0x0000000612400000, 0x0000000612800000|  0%| F|  |TAMS 0x0000000612400000| PB 0x0000000612400000| Untracked |  0
|  74|0x0000000612800000, 0x0000000612800000, 0x0000000612c00000|  0%| F|  |TAMS 0x0000000612800000| PB 0x0000000612800000| Untracked |  0
|  75|0x0000000612c00000, 0x0000000612c00000, 0x0000000613000000|  0%| F|  |TAMS 0x0000000612c00000| PB 0x0000000612c00000| Untracked |  0
|  76|0x0000000613000000, 0x0000000613000000, 0x0000000613400000|  0%| F|  |TAMS 0x0000000613000000| PB 0x0000000613000000| Untracked |  0
|  77|0x0000000613400000, 0x0000000613400000, 0x0000000613800000|  0%| F|  |TAMS 0x0000000613400000| PB 0x0000000613400000| Untracked |  0
|  78|0x0000000613800000, 0x0000000613800000, 0x0000000613c00000|  0%| F|  |TAMS 0x0000000613800000| PB 0x0000000613800000| Untracked |  0
|  79|0x0000000613c00000, 0x0000000613c00000, 0x0000000614000000|  0%| F|  |TAMS 0x0000000613c00000| PB 0x0000000613c00000| Untracked |  0
|  80|0x0000000614000000, 0x0000000614000000, 0x0000000614400000|  0%| F|  |TAMS 0x0000000614000000| PB 0x0000000614000000| Untracked |  0
|  81|0x0000000614400000, 0x0000000614400000, 0x0000000614800000|  0%| F|  |TAMS 0x0000000614400000| PB 0x0000000614400000| Untracked |  0
|  82|0x0000000614800000, 0x0000000614800000, 0x0000000614c00000|  0%| F|  |TAMS 0x0000000614800000| PB 0x0000000614800000| Untracked |  0
|  83|0x0000000614c00000, 0x0000000614c00000, 0x0000000615000000|  0%| F|  |TAMS 0x0000000614c00000| PB 0x0000000614c00000| Untracked |  0
|  84|0x0000000615000000, 0x0000000615000000, 0x0000000615400000|  0%| F|  |TAMS 0x0000000615000000| PB 0x0000000615000000| Untracked |  0
|  85|0x0000000615400000, 0x0000000615400000, 0x0000000615800000|  0%| F|  |TAMS 0x0000000615400000| PB 0x0000000615400000| Untracked |  0
|  86|0x0000000615800000, 0x0000000615800000, 0x0000000615c00000|  0%| F|  |TAMS 0x0000000615800000| PB 0x0000000615800000| Untracked |  0
|  87|0x0000000615c00000, 0x0000000615c00000, 0x0000000616000000|  0%| F|  |TAMS 0x0000000615c00000| PB 0x0000000615c00000| Untracked |  0
|  88|0x0000000616000000, 0x0000000616000000, 0x0000000616400000|  0%| F|  |TAMS 0x0000000616000000| PB 0x0000000616000000| Untracked |  0
|  89|0x0000000616400000, 0x0000000616400000, 0x0000000616800000|  0%| F|  |TAMS 0x0000000616400000| PB 0x0000000616400000| Untracked |  0
|  90|0x0000000616800000, 0x0000000616800000, 0x0000000616c00000|  0%| F|  |TAMS 0x0000000616800000| PB 0x0000000616800000| Untracked |  0
|  91|0x0000000616c00000, 0x0000000616c00000, 0x0000000617000000|  0%| F|  |TAMS 0x0000000616c00000| PB 0x0000000616c00000| Untracked |  0
|  92|0x0000000617000000, 0x0000000617000000, 0x0000000617400000|  0%| F|  |TAMS 0x0000000617000000| PB 0x0000000617000000| Untracked |  0
|  93|0x0000000617400000, 0x0000000617400000, 0x0000000617800000|  0%| F|  |TAMS 0x0000000617400000| PB 0x0000000617400000| Untracked |  0
|  94|0x0000000617800000, 0x0000000617800000, 0x0000000617c00000|  0%| F|  |TAMS 0x0000000617800000| PB 0x0000000617800000| Untracked |  0
|  95|0x0000000617c00000, 0x0000000617c00000, 0x0000000618000000|  0%| F|  |TAMS 0x0000000617c00000| PB 0x0000000617c00000| Untracked |  0
|  96|0x0000000618000000, 0x0000000618000000, 0x0000000618400000|  0%| F|  |TAMS 0x0000000618000000| PB 0x0000000618000000| Untracked |  0
|  97|0x0000000618400000, 0x0000000618400000, 0x0000000618800000|  0%| F|  |TAMS 0x0000000618400000| PB 0x0000000618400000| Untracked |  0
|  98|0x0000000618800000, 0x0000000618800000, 0x0000000618c00000|  0%| F|  |TAMS 0x0000000618800000| PB 0x0000000618800000| Untracked |  0
|  99|0x0000000618c00000, 0x0000000618c00000, 0x0000000619000000|  0%| F|  |TAMS 0x0000000618c00000| PB 0x0000000618c00000| Untracked |  0
| 100|0x0000000619000000, 0x0000000619000000, 0x0000000619400000|  0%| F|  |TAMS 0x0000000619000000| PB 0x0000000619000000| Untracked |  0
| 101|0x0000000619400000, 0x0000000619400000, 0x0000000619800000|  0%| F|  |TAMS 0x0000000619400000| PB 0x0000000619400000| Untracked |  0
| 102|0x0000000619800000, 0x0000000619800000, 0x0000000619c00000|  0%| F|  |TAMS 0x0000000619800000| PB 0x0000000619800000| Untracked |  0
| 103|0x0000000619c00000, 0x0000000619c00000, 0x000000061a000000|  0%| F|  |TAMS 0x0000000619c00000| PB 0x0000000619c00000| Untracked |  0
| 104|0x000000061a000000, 0x000000061a000000, 0x000000061a400000|  0%| F|  |TAMS 0x000000061a000000| PB 0x000000061a000000| Untracked |  0
| 105|0x000000061a400000, 0x000000061a400000, 0x000000061a800000|  0%| F|  |TAMS 0x000000061a400000| PB 0x000000061a400000| Untracked |  0
| 106|0x000000061a800000, 0x000000061a800000, 0x000000061ac00000|  0%| F|  |TAMS 0x000000061a800000| PB 0x000000061a800000| Untracked |  0
| 107|0x000000061ac00000, 0x000000061ac00000, 0x000000061b000000|  0%| F|  |TAMS 0x000000061ac00000| PB 0x000000061ac00000| Untracked |  0
| 108|0x000000061b000000, 0x000000061b000000, 0x000000061b400000|  0%| F|  |TAMS 0x000000061b000000| PB 0x000000061b000000| Untracked |  0
| 109|0x000000061b400000, 0x000000061b400000, 0x000000061b800000|  0%| F|  |TAMS 0x000000061b400000| PB 0x000000061b400000| Untracked |  0
| 110|0x000000061b800000, 0x000000061b800000, 0x000000061bc00000|  0%| F|  |TAMS 0x000000061b800000| PB 0x000000061b800000| Untracked |  0
| 111|0x000000061bc00000, 0x000000061bc00000, 0x000000061c000000|  0%| F|  |TAMS 0x000000061bc00000| PB 0x000000061bc00000| Untracked |  0
| 112|0x000000061c000000, 0x000000061c000000, 0x000000061c400000|  0%| F|  |TAMS 0x000000061c000000| PB 0x000000061c000000| Untracked |  0
| 113|0x000000061c400000, 0x000000061c400000, 0x000000061c800000|  0%| F|  |TAMS 0x000000061c400000| PB 0x000000061c400000| Untracked |  0
| 114|0x000000061c800000, 0x000000061c800000, 0x000000061cc00000|  0%| F|  |TAMS 0x000000061c800000| PB 0x000000061c800000| Untracked |  0
| 115|0x000000061cc00000, 0x000000061cc00000, 0x000000061d000000|  0%| F|  |TAMS 0x000000061cc00000| PB 0x000000061cc00000| Untracked |  0
| 116|0x000000061d000000, 0x000000061d000000, 0x000000061d400000|  0%| F|  |TAMS 0x000000061d000000| PB 0x000000061d000000| Untracked |  0
| 117|0x000000061d400000, 0x000000061d400000, 0x000000061d800000|  0%| F|  |TAMS 0x000000061d400000| PB 0x000000061d400000| Untracked |  0
| 118|0x000000061d800000, 0x000000061d800000, 0x000000061dc00000|  0%| F|  |TAMS 0x000000061d800000| PB 0x000000061d800000| Untracked |  0
| 119|0x000000061dc00000, 0x000000061dc00000, 0x000000061e000000|  0%| F|  |TAMS 0x000000061dc00000| PB 0x000000061dc00000| Untracked |  0
| 120|0x000000061e000000, 0x000000061e000000, 0x000000061e400000|  0%| F|  |TAMS 0x000000061e000000| PB 0x000000061e000000| Untracked |  0
| 121|0x000000061e400000, 0x000000061e400000, 0x000000061e800000|  0%| F|  |TAMS 0x000000061e400000| PB 0x000000061e400000| Untracked |  0
| 122|0x000000061e800000, 0x000000061e800000, 0x000000061ec00000|  0%| F|  |TAMS 0x000000061e800000| PB 0x000000061e800000| Untracked |  0
| 123|0x000000061ec00000, 0x000000061ec00000, 0x000000061f000000|  0%| F|  |TAMS 0x000000061ec00000| PB 0x000000061ec00000| Untracked |  0
| 124|0x000000061f000000, 0x000000061f000000, 0x000000061f400000|  0%| F|  |TAMS 0x000000061f000000| PB 0x000000061f000000| Untracked |  0
| 125|0x000000061f400000, 0x000000061f400000, 0x000000061f800000|  0%| F|  |TAMS 0x000000061f400000| PB 0x000000061f400000| Untracked |  0
| 126|0x000000061f800000, 0x000000061f800000, 0x000000061fc00000|  0%| F|  |TAMS 0x000000061f800000| PB 0x000000061f800000| Untracked |  0
| 127|0x000000061fc00000, 0x000000061fc00000, 0x0000000620000000|  0%| F|  |TAMS 0x000000061fc00000| PB 0x000000061fc00000| Untracked |  0
| 128|0x0000000620000000, 0x0000000620000000, 0x0000000620400000|  0%| F|  |TAMS 0x0000000620000000| PB 0x0000000620000000| Untracked |  0
| 129|0x0000000620400000, 0x0000000620400000, 0x0000000620800000|  0%| F|  |TAMS 0x0000000620400000| PB 0x0000000620400000| Untracked |  0
| 130|0x0000000620800000, 0x0000000620800000, 0x0000000620c00000|  0%| F|  |TAMS 0x0000000620800000| PB 0x0000000620800000| Untracked |  0
| 131|0x0000000620c00000, 0x0000000620c00000, 0x0000000621000000|  0%| F|  |TAMS 0x0000000620c00000| PB 0x0000000620c00000| Untracked |  0
| 132|0x0000000621000000, 0x0000000621000000, 0x0000000621400000|  0%| F|  |TAMS 0x0000000621000000| PB 0x0000000621000000| Untracked |  0
| 133|0x0000000621400000, 0x0000000621400000, 0x0000000621800000|  0%| F|  |TAMS 0x0000000621400000| PB 0x0000000621400000| Untracked |  0
| 134|0x0000000621800000, 0x0000000621800000, 0x0000000621c00000|  0%| F|  |TAMS 0x0000000621800000| PB 0x0000000621800000| Untracked |  0
| 135|0x0000000621c00000, 0x0000000621c00000, 0x0000000622000000|  0%| F|  |TAMS 0x0000000621c00000| PB 0x0000000621c00000| Untracked |  0
| 136|0x0000000622000000, 0x0000000622000000, 0x0000000622400000|  0%| F|  |TAMS 0x0000000622000000| PB 0x0000000622000000| Untracked |  0
| 137|0x0000000622400000, 0x0000000622400000, 0x0000000622800000|  0%| F|  |TAMS 0x0000000622400000| PB 0x0000000622400000| Untracked |  0
| 138|0x0000000622800000, 0x0000000622800000, 0x0000000622c00000|  0%| F|  |TAMS 0x0000000622800000| PB 0x0000000622800000| Untracked |  0
| 139|0x0000000622c00000, 0x0000000622c00000, 0x0000000623000000|  0%| F|  |TAMS 0x0000000622c00000| PB 0x0000000622c00000| Untracked |  0
| 140|0x0000000623000000, 0x0000000623000000, 0x0000000623400000|  0%| F|  |TAMS 0x0000000623000000| PB 0x0000000623000000| Untracked |  0
| 141|0x0000000623400000, 0x0000000623400000, 0x0000000623800000|  0%| F|  |TAMS 0x0000000623400000| PB 0x0000000623400000| Untracked |  0
| 142|0x0000000623800000, 0x0000000623800000, 0x0000000623c00000|  0%| F|  |TAMS 0x0000000623800000| PB 0x0000000623800000| Untracked |  0
| 143|0x0000000623c00000, 0x0000000623c00000, 0x0000000624000000|  0%| F|  |TAMS 0x0000000623c00000| PB 0x0000000623c00000| Untracked |  0
| 144|0x0000000624000000, 0x0000000624000000, 0x0000000624400000|  0%| F|  |TAMS 0x0000000624000000| PB 0x0000000624000000| Untracked |  0
| 145|0x0000000624400000, 0x0000000624400000, 0x0000000624800000|  0%| F|  |TAMS 0x0000000624400000| PB 0x0000000624400000| Untracked |  0
| 146|0x0000000624800000, 0x0000000624800000, 0x0000000624c00000|  0%| F|  |TAMS 0x0000000624800000| PB 0x0000000624800000| Untracked |  0
| 147|0x0000000624c00000, 0x0000000624c00000, 0x0000000625000000|  0%| F|  |TAMS 0x0000000624c00000| PB 0x0000000624c00000| Untracked |  0
| 148|0x0000000625000000, 0x0000000625000000, 0x0000000625400000|  0%| F|  |TAMS 0x0000000625000000| PB 0x0000000625000000| Untracked |  0
| 149|0x0000000625400000, 0x0000000625400000, 0x0000000625800000|  0%| F|  |TAMS 0x0000000625400000| PB 0x0000000625400000| Untracked |  0
| 150|0x0000000625800000, 0x0000000625800000, 0x0000000625c00000|  0%| F|  |TAMS 0x0000000625800000| PB 0x0000000625800000| Untracked |  0
| 151|0x0000000625c00000, 0x0000000625c00000, 0x0000000626000000|  0%| F|  |TAMS 0x0000000625c00000| PB 0x0000000625c00000| Untracked |  0
| 152|0x0000000626000000, 0x0000000626000000, 0x0000000626400000|  0%| F|  |TAMS 0x0000000626000000| PB 0x0000000626000000| Untracked |  0
| 153|0x0000000626400000, 0x0000000626400000, 0x0000000626800000|  0%| F|  |TAMS 0x0000000626400000| PB 0x0000000626400000| Untracked |  0
| 154|0x0000000626800000, 0x0000000626800000, 0x0000000626c00000|  0%| F|  |TAMS 0x0000000626800000| PB 0x0000000626800000| Untracked |  0
| 155|0x0000000626c00000, 0x0000000626c00000, 0x0000000627000000|  0%| F|  |TAMS 0x0000000626c00000| PB 0x0000000626c00000| Untracked |  0
| 156|0x0000000627000000, 0x0000000627000000, 0x0000000627400000|  0%| F|  |TAMS 0x0000000627000000| PB 0x0000000627000000| Untracked |  0
| 157|0x0000000627400000, 0x0000000627400000, 0x0000000627800000|  0%| F|  |TAMS 0x0000000627400000| PB 0x0000000627400000| Untracked |  0
| 158|0x0000000627800000, 0x0000000627800000, 0x0000000627c00000|  0%| F|  |TAMS 0x0000000627800000| PB 0x0000000627800000| Untracked |  0
| 159|0x0000000627c00000, 0x0000000627c00000, 0x0000000628000000|  0%| F|  |TAMS 0x0000000627c00000| PB 0x0000000627c00000| Untracked |  0
| 160|0x0000000628000000, 0x0000000628000000, 0x0000000628400000|  0%| F|  |TAMS 0x0000000628000000| PB 0x0000000628000000| Untracked |  0
| 161|0x0000000628400000, 0x0000000628400000, 0x0000000628800000|  0%| F|  |TAMS 0x0000000628400000| PB 0x0000000628400000| Untracked |  0
| 162|0x0000000628800000, 0x0000000628800000, 0x0000000628c00000|  0%| F|  |TAMS 0x0000000628800000| PB 0x0000000628800000| Untracked |  0
| 163|0x0000000628c00000, 0x0000000628c00000, 0x0000000629000000|  0%| F|  |TAMS 0x0000000628c00000| PB 0x0000000628c00000| Untracked |  0
| 164|0x0000000629000000, 0x0000000629000000, 0x0000000629400000|  0%| F|  |TAMS 0x0000000629000000| PB 0x0000000629000000| Untracked |  0
| 165|0x0000000629400000, 0x0000000629400000, 0x0000000629800000|  0%| F|  |TAMS 0x0000000629400000| PB 0x0000000629400000| Untracked |  0
| 166|0x0000000629800000, 0x0000000629800000, 0x0000000629c00000|  0%| F|  |TAMS 0x0000000629800000| PB 0x0000000629800000| Untracked |  0
| 167|0x0000000629c00000, 0x0000000629c00000, 0x000000062a000000|  0%| F|  |TAMS 0x0000000629c00000| PB 0x0000000629c00000| Untracked |  0
| 168|0x000000062a000000, 0x000000062a000000, 0x000000062a400000|  0%| F|  |TAMS 0x000000062a000000| PB 0x000000062a000000| Untracked |  0
| 169|0x000000062a400000, 0x000000062a400000, 0x000000062a800000|  0%| F|  |TAMS 0x000000062a400000| PB 0x000000062a400000| Untracked |  0
| 170|0x000000062a800000, 0x000000062a800000, 0x000000062ac00000|  0%| F|  |TAMS 0x000000062a800000| PB 0x000000062a800000| Untracked |  0
| 171|0x000000062ac00000, 0x000000062ac00000, 0x000000062b000000|  0%| F|  |TAMS 0x000000062ac00000| PB 0x000000062ac00000| Untracked |  0
| 172|0x000000062b000000, 0x000000062b000000, 0x000000062b400000|  0%| F|  |TAMS 0x000000062b000000| PB 0x000000062b000000| Untracked |  0
| 173|0x000000062b400000, 0x000000062b400000, 0x000000062b800000|  0%| F|  |TAMS 0x000000062b400000| PB 0x000000062b400000| Untracked |  0
| 174|0x000000062b800000, 0x000000062b800000, 0x000000062bc00000|  0%| F|  |TAMS 0x000000062b800000| PB 0x000000062b800000| Untracked |  0
| 175|0x000000062bc00000, 0x000000062bc00000, 0x000000062c000000|  0%| F|  |TAMS 0x000000062bc00000| PB 0x000000062bc00000| Untracked |  0
| 176|0x000000062c000000, 0x000000062c000000, 0x000000062c400000|  0%| F|  |TAMS 0x000000062c000000| PB 0x000000062c000000| Untracked |  0
| 177|0x000000062c400000, 0x000000062c400000, 0x000000062c800000|  0%| F|  |TAMS 0x000000062c400000| PB 0x000000062c400000| Untracked |  0
| 178|0x000000062c800000, 0x000000062c800000, 0x000000062cc00000|  0%| F|  |TAMS 0x000000062c800000| PB 0x000000062c800000| Untracked |  0
| 179|0x000000062cc00000, 0x000000062cc00000, 0x000000062d000000|  0%| F|  |TAMS 0x000000062cc00000| PB 0x000000062cc00000| Untracked |  0
| 180|0x000000062d000000, 0x000000062d000000, 0x000000062d400000|  0%| F|  |TAMS 0x000000062d000000| PB 0x000000062d000000| Untracked |  0
| 181|0x000000062d400000, 0x000000062d400000, 0x000000062d800000|  0%| F|  |TAMS 0x000000062d400000| PB 0x000000062d400000| Untracked |  0
| 182|0x000000062d800000, 0x000000062d800000, 0x000000062dc00000|  0%| F|  |TAMS 0x000000062d800000| PB 0x000000062d800000| Untracked |  0
| 183|0x000000062dc00000, 0x000000062dc00000, 0x000000062e000000|  0%| F|  |TAMS 0x000000062dc00000| PB 0x000000062dc00000| Untracked |  0
| 184|0x000000062e000000, 0x000000062e000000, 0x000000062e400000|  0%| F|  |TAMS 0x000000062e000000| PB 0x000000062e000000| Untracked |  0
| 185|0x000000062e400000, 0x000000062e400000, 0x000000062e800000|  0%| F|  |TAMS 0x000000062e400000| PB 0x000000062e400000| Untracked |  0
| 186|0x000000062e800000, 0x000000062e800000, 0x000000062ec00000|  0%| F|  |TAMS 0x000000062e800000| PB 0x000000062e800000| Untracked |  0
| 187|0x000000062ec00000, 0x000000062ec00000, 0x000000062f000000|  0%| F|  |TAMS 0x000000062ec00000| PB 0x000000062ec00000| Untracked |  0
| 188|0x000000062f000000, 0x000000062f000000, 0x000000062f400000|  0%| F|  |TAMS 0x000000062f000000| PB 0x000000062f000000| Untracked |  0
| 189|0x000000062f400000, 0x000000062f400000, 0x000000062f800000|  0%| F|  |TAMS 0x000000062f400000| PB 0x000000062f400000| Untracked |  0
| 190|0x000000062f800000, 0x000000062f800000, 0x000000062fc00000|  0%| F|  |TAMS 0x000000062f800000| PB 0x000000062f800000| Untracked |  0
| 191|0x000000062fc00000, 0x000000062fc00000, 0x0000000630000000|  0%| F|  |TAMS 0x000000062fc00000| PB 0x000000062fc00000| Untracked |  0
| 192|0x0000000630000000, 0x0000000630000000, 0x0000000630400000|  0%| F|  |TAMS 0x0000000630000000| PB 0x0000000630000000| Untracked |  0
| 193|0x0000000630400000, 0x0000000630400000, 0x0000000630800000|  0%| F|  |TAMS 0x0000000630400000| PB 0x0000000630400000| Untracked |  0
| 194|0x0000000630800000, 0x0000000630800000, 0x0000000630c00000|  0%| F|  |TAMS 0x0000000630800000| PB 0x0000000630800000| Untracked |  0
| 195|0x0000000630c00000, 0x0000000630c00000, 0x0000000631000000|  0%| F|  |TAMS 0x0000000630c00000| PB 0x0000000630c00000| Untracked |  0
| 196|0x0000000631000000, 0x0000000631000000, 0x0000000631400000|  0%| F|  |TAMS 0x0000000631000000| PB 0x0000000631000000| Untracked |  0
| 197|0x0000000631400000, 0x0000000631400000, 0x0000000631800000|  0%| F|  |TAMS 0x0000000631400000| PB 0x0000000631400000| Untracked |  0
| 198|0x0000000631800000, 0x0000000631800000, 0x0000000631c00000|  0%| F|  |TAMS 0x0000000631800000| PB 0x0000000631800000| Untracked |  0
| 199|0x0000000631c00000, 0x0000000631c00000, 0x0000000632000000|  0%| F|  |TAMS 0x0000000631c00000| PB 0x0000000631c00000| Untracked |  0
| 200|0x0000000632000000, 0x0000000632000000, 0x0000000632400000|  0%| F|  |TAMS 0x0000000632000000| PB 0x0000000632000000| Untracked |  0
| 201|0x0000000632400000, 0x0000000632400000, 0x0000000632800000|  0%| F|  |TAMS 0x0000000632400000| PB 0x0000000632400000| Untracked |  0
| 202|0x0000000632800000, 0x0000000632800000, 0x0000000632c00000|  0%| F|  |TAMS 0x0000000632800000| PB 0x0000000632800000| Untracked |  0
| 203|0x0000000632c00000, 0x0000000632c00000, 0x0000000633000000|  0%| F|  |TAMS 0x0000000632c00000| PB 0x0000000632c00000| Untracked |  0
| 204|0x0000000633000000, 0x0000000633000000, 0x0000000633400000|  0%| F|  |TAMS 0x0000000633000000| PB 0x0000000633000000| Untracked |  0
| 205|0x0000000633400000, 0x0000000633400000, 0x0000000633800000|  0%| F|  |TAMS 0x0000000633400000| PB 0x0000000633400000| Untracked |  0
| 206|0x0000000633800000, 0x0000000633800000, 0x0000000633c00000|  0%| F|  |TAMS 0x0000000633800000| PB 0x0000000633800000| Untracked |  0
| 207|0x0000000633c00000, 0x0000000633c00000, 0x0000000634000000|  0%| F|  |TAMS 0x0000000633c00000| PB 0x0000000633c00000| Untracked |  0
| 208|0x0000000634000000, 0x0000000634000000, 0x0000000634400000|  0%| F|  |TAMS 0x0000000634000000| PB 0x0000000634000000| Untracked |  0
| 209|0x0000000634400000, 0x0000000634400000, 0x0000000634800000|  0%| F|  |TAMS 0x0000000634400000| PB 0x0000000634400000| Untracked |  0
| 210|0x0000000634800000, 0x0000000634800000, 0x0000000634c00000|  0%| F|  |TAMS 0x0000000634800000| PB 0x0000000634800000| Untracked |  0
| 211|0x0000000634c00000, 0x0000000634c00000, 0x0000000635000000|  0%| F|  |TAMS 0x0000000634c00000| PB 0x0000000634c00000| Untracked |  0
| 212|0x0000000635000000, 0x0000000635000000, 0x0000000635400000|  0%| F|  |TAMS 0x0000000635000000| PB 0x0000000635000000| Untracked |  0
| 213|0x0000000635400000, 0x0000000635400000, 0x0000000635800000|  0%| F|  |TAMS 0x0000000635400000| PB 0x0000000635400000| Untracked |  0
| 214|0x0000000635800000, 0x0000000635800000, 0x0000000635c00000|  0%| F|  |TAMS 0x0000000635800000| PB 0x0000000635800000| Untracked |  0
| 215|0x0000000635c00000, 0x0000000635c00000, 0x0000000636000000|  0%| F|  |TAMS 0x0000000635c00000| PB 0x0000000635c00000| Untracked |  0
| 216|0x0000000636000000, 0x0000000636000000, 0x0000000636400000|  0%| F|  |TAMS 0x0000000636000000| PB 0x0000000636000000| Untracked |  0
| 217|0x0000000636400000, 0x0000000636400000, 0x0000000636800000|  0%| F|  |TAMS 0x0000000636400000| PB 0x0000000636400000| Untracked |  0
| 218|0x0000000636800000, 0x0000000636800000, 0x0000000636c00000|  0%| F|  |TAMS 0x0000000636800000| PB 0x0000000636800000| Untracked |  0
| 219|0x0000000636c00000, 0x0000000636c00000, 0x0000000637000000|  0%| F|  |TAMS 0x0000000636c00000| PB 0x0000000636c00000| Untracked |  0
| 220|0x0000000637000000, 0x0000000637000000, 0x0000000637400000|  0%| F|  |TAMS 0x0000000637000000| PB 0x0000000637000000| Untracked |  0
| 221|0x0000000637400000, 0x0000000637400000, 0x0000000637800000|  0%| F|  |TAMS 0x0000000637400000| PB 0x0000000637400000| Untracked |  0
| 222|0x0000000637800000, 0x0000000637800000, 0x0000000637c00000|  0%| F|  |TAMS 0x0000000637800000| PB 0x0000000637800000| Untracked |  0
| 223|0x0000000637c00000, 0x0000000637c00000, 0x0000000638000000|  0%| F|  |TAMS 0x0000000637c00000| PB 0x0000000637c00000| Untracked |  0
| 224|0x0000000638000000, 0x0000000638000000, 0x0000000638400000|  0%| F|  |TAMS 0x0000000638000000| PB 0x0000000638000000| Untracked |  0
| 225|0x0000000638400000, 0x0000000638400000, 0x0000000638800000|  0%| F|  |TAMS 0x0000000638400000| PB 0x0000000638400000| Untracked |  0
| 226|0x0000000638800000, 0x0000000638800000, 0x0000000638c00000|  0%| F|  |TAMS 0x0000000638800000| PB 0x0000000638800000| Untracked |  0
| 227|0x0000000638c00000, 0x0000000638c00000, 0x0000000639000000|  0%| F|  |TAMS 0x0000000638c00000| PB 0x0000000638c00000| Untracked |  0
| 228|0x0000000639000000, 0x0000000639000000, 0x0000000639400000|  0%| F|  |TAMS 0x0000000639000000| PB 0x0000000639000000| Untracked |  0
| 229|0x0000000639400000, 0x0000000639400000, 0x0000000639800000|  0%| F|  |TAMS 0x0000000639400000| PB 0x0000000639400000| Untracked |  0
| 230|0x0000000639800000, 0x0000000639800000, 0x0000000639c00000|  0%| F|  |TAMS 0x0000000639800000| PB 0x0000000639800000| Untracked |  0
| 231|0x0000000639c00000, 0x0000000639c00000, 0x000000063a000000|  0%| F|  |TAMS 0x0000000639c00000| PB 0x0000000639c00000| Untracked |  0
| 232|0x000000063a000000, 0x000000063a000000, 0x000000063a400000|  0%| F|  |TAMS 0x000000063a000000| PB 0x000000063a000000| Untracked |  0
| 233|0x000000063a400000, 0x000000063a400000, 0x000000063a800000|  0%| F|  |TAMS 0x000000063a400000| PB 0x000000063a400000| Untracked |  0
| 234|0x000000063a800000, 0x000000063a800000, 0x000000063ac00000|  0%| F|  |TAMS 0x000000063a800000| PB 0x000000063a800000| Untracked |  0
| 235|0x000000063ac00000, 0x000000063ac00000, 0x000000063b000000|  0%| F|  |TAMS 0x000000063ac00000| PB 0x000000063ac00000| Untracked |  0
| 236|0x000000063b000000, 0x000000063b000000, 0x000000063b400000|  0%| F|  |TAMS 0x000000063b000000| PB 0x000000063b000000| Untracked |  0
| 237|0x000000063b400000, 0x000000063b400000, 0x000000063b800000|  0%| F|  |TAMS 0x000000063b400000| PB 0x000000063b400000| Untracked |  0
| 238|0x000000063b800000, 0x000000063b800000, 0x000000063bc00000|  0%| F|  |TAMS 0x000000063b800000| PB 0x000000063b800000| Untracked |  0
| 239|0x000000063bc00000, 0x000000063bc00000, 0x000000063c000000|  0%| F|  |TAMS 0x000000063bc00000| PB 0x000000063bc00000| Untracked |  0
| 240|0x000000063c000000, 0x000000063c000000, 0x000000063c400000|  0%| F|  |TAMS 0x000000063c000000| PB 0x000000063c000000| Untracked |  0
| 241|0x000000063c400000, 0x000000063c400000, 0x000000063c800000|  0%| F|  |TAMS 0x000000063c400000| PB 0x000000063c400000| Untracked |  0
| 242|0x000000063c800000, 0x000000063c800000, 0x000000063cc00000|  0%| F|  |TAMS 0x000000063c800000| PB 0x000000063c800000| Untracked |  0
| 243|0x000000063cc00000, 0x000000063cc00000, 0x000000063d000000|  0%| F|  |TAMS 0x000000063cc00000| PB 0x000000063cc00000| Untracked |  0
| 244|0x000000063d000000, 0x000000063d000000, 0x000000063d400000|  0%| F|  |TAMS 0x000000063d000000| PB 0x000000063d000000| Untracked |  0
| 245|0x000000063d400000, 0x000000063d400000, 0x000000063d800000|  0%| F|  |TAMS 0x000000063d400000| PB 0x000000063d400000| Untracked |  0
| 246|0x000000063d800000, 0x000000063d800000, 0x000000063dc00000|  0%| F|  |TAMS 0x000000063d800000| PB 0x000000063d800000| Untracked |  0
| 247|0x000000063dc00000, 0x000000063dc00000, 0x000000063e000000|  0%| F|  |TAMS 0x000000063dc00000| PB 0x000000063dc00000| Untracked |  0
| 248|0x000000063e000000, 0x000000063e000000, 0x000000063e400000|  0%| F|  |TAMS 0x000000063e000000| PB 0x000000063e000000| Untracked |  0
| 249|0x000000063e400000, 0x000000063e400000, 0x000000063e800000|  0%| F|  |TAMS 0x000000063e400000| PB 0x000000063e400000| Untracked |  0
| 250|0x000000063e800000, 0x000000063e800000, 0x000000063ec00000|  0%| F|  |TAMS 0x000000063e800000| PB 0x000000063e800000| Untracked |  0
| 251|0x000000063ec00000, 0x000000063ec00000, 0x000000063f000000|  0%| F|  |TAMS 0x000000063ec00000| PB 0x000000063ec00000| Untracked |  0
| 252|0x000000063f000000, 0x000000063f000000, 0x000000063f400000|  0%| F|  |TAMS 0x000000063f000000| PB 0x000000063f000000| Untracked |  0
| 253|0x000000063f400000, 0x000000063f400000, 0x000000063f800000|  0%| F|  |TAMS 0x000000063f400000| PB 0x000000063f400000| Untracked |  0
| 254|0x000000063f800000, 0x000000063f800000, 0x000000063fc00000|  0%| F|  |TAMS 0x000000063f800000| PB 0x000000063f800000| Untracked |  0
| 255|0x000000063fc00000, 0x000000063fc00000, 0x0000000640000000|  0%| F|  |TAMS 0x000000063fc00000| PB 0x000000063fc00000| Untracked |  0
| 256|0x0000000640000000, 0x0000000640000000, 0x0000000640400000|  0%| F|  |TAMS 0x0000000640000000| PB 0x0000000640000000| Untracked |  0
| 257|0x0000000640400000, 0x0000000640400000, 0x0000000640800000|  0%| F|  |TAMS 0x0000000640400000| PB 0x0000000640400000| Untracked |  0
| 258|0x0000000640800000, 0x0000000640800000, 0x0000000640c00000|  0%| F|  |TAMS 0x0000000640800000| PB 0x0000000640800000| Untracked |  0
| 259|0x0000000640c00000, 0x0000000640c00000, 0x0000000641000000|  0%| F|  |TAMS 0x0000000640c00000| PB 0x0000000640c00000| Untracked |  0
| 260|0x0000000641000000, 0x00000006410cabc0, 0x0000000641400000| 19%| S|CS|TAMS 0x0000000641000000| PB 0x0000000641000000| Complete |  0
| 261|0x0000000641400000, 0x0000000641800000, 0x0000000641800000|100%| S|CS|TAMS 0x0000000641400000| PB 0x0000000641400000| Complete |  0
| 262|0x0000000641800000, 0x0000000641800000, 0x0000000641c00000|  0%| F|  |TAMS 0x0000000641800000| PB 0x0000000641800000| Untracked |  0
| 263|0x0000000641c00000, 0x0000000641c00000, 0x0000000642000000|  0%| F|  |TAMS 0x0000000641c00000| PB 0x0000000641c00000| Untracked |  0
| 264|0x0000000642000000, 0x0000000642000000, 0x0000000642400000|  0%| F|  |TAMS 0x0000000642000000| PB 0x0000000642000000| Untracked |  0
| 265|0x0000000642400000, 0x0000000642400000, 0x0000000642800000|  0%| F|  |TAMS 0x0000000642400000| PB 0x0000000642400000| Untracked |  0
| 266|0x0000000642800000, 0x0000000642800000, 0x0000000642c00000|  0%| F|  |TAMS 0x0000000642800000| PB 0x0000000642800000| Untracked |  0
| 267|0x0000000642c00000, 0x0000000642c00000, 0x0000000643000000|  0%| F|  |TAMS 0x0000000642c00000| PB 0x0000000642c00000| Untracked |  0
| 268|0x0000000643000000, 0x0000000643000000, 0x0000000643400000|  0%| F|  |TAMS 0x0000000643000000| PB 0x0000000643000000| Untracked |  0
| 269|0x0000000643400000, 0x0000000643400000, 0x0000000643800000|  0%| F|  |TAMS 0x0000000643400000| PB 0x0000000643400000| Untracked |  0
| 270|0x0000000643800000, 0x0000000643800000, 0x0000000643c00000|  0%| F|  |TAMS 0x0000000643800000| PB 0x0000000643800000| Untracked |  0
| 271|0x0000000643c00000, 0x0000000643c00000, 0x0000000644000000|  0%| F|  |TAMS 0x0000000643c00000| PB 0x0000000643c00000| Untracked |  0
| 272|0x0000000644000000, 0x0000000644000000, 0x0000000644400000|  0%| F|  |TAMS 0x0000000644000000| PB 0x0000000644000000| Untracked |  0
| 273|0x0000000644400000, 0x0000000644400000, 0x0000000644800000|  0%| F|  |TAMS 0x0000000644400000| PB 0x0000000644400000| Untracked |  0
|2047|0x00000007ffc00000, 0x00000007ffc00000, 0x0000000800000000|  0%| F|  |TAMS 0x00000007ffc00000| PB 0x00000007ffc00000| Untracked |  0

Card table byte_map: [0x0000025fc1d20000,0x0000025fc2d20000] _byte_map_base: 0x0000025fbed20000

Marking Bits: (CMBitMap*) 0x0000025f98947a30
 Bits: [0x0000025fc2d20000, 0x0000025fcad20000)

Polling page: 0x0000025f966c0000

Metaspace:

Usage:
  Non-class:     63.78 MB used.
      Class:     10.75 MB used.
       Both:     74.54 MB used.

Virtual space:
  Non-class space:      128.00 MB reserved,      64.88 MB ( 51%) committed,  2 nodes.
      Class space:        1.00 GB reserved,      11.75 MB (  1%) committed,  1 nodes.
             Both:        1.12 GB reserved,      76.62 MB (  7%) committed. 

Chunk freelists:
   Non-Class:  14.41 MB
       Class:  4.14 MB
        Both:  18.55 MB

MaxMetaspaceSize: 4.00 GB
CompressedClassSpaceSize: 1.00 GB
Initial GC threshold: 21.00 MB
Current GC threshold: 127.19 MB
CDS: on
 - commit_granule_bytes: 65536.
 - commit_granule_words: 8192.
 - virtual_space_node_default_size: 8388608.
 - enlarge_chunks_in_place: 1.
 - use_allocation_guard: 0.


Internal statistics:

num_allocs_failed_limit: 9.
num_arena_births: 3720.
num_arena_deaths: 0.
num_vsnodes_births: 3.
num_vsnodes_deaths: 0.
num_space_committed: 1226.
num_space_uncommitted: 0.
num_chunks_returned_to_freelist: 9.
num_chunks_taken_from_freelist: 7065.
num_chunk_merges: 3.
num_chunk_splits: 4629.
num_chunks_enlarged: 2967.
num_inconsistent_stats: 0.

CodeHeap 'non-profiled nmethods': size=259264Kb used=6568Kb max_used=6568Kb free=252696Kb
 bounds [0x0000025fb0ed0000, 0x0000025fb1540000, 0x0000025fc0c00000]
CodeHeap 'profiled nmethods': size=259264Kb used=18965Kb max_used=18965Kb free=240298Kb
 bounds [0x0000025fa0c00000, 0x0000025fa1e90000, 0x0000025fb0930000]
CodeHeap 'non-nmethods': size=5760Kb used=2846Kb max_used=2919Kb free=2913Kb
 bounds [0x0000025fb0930000, 0x0000025fb0c20000, 0x0000025fb0ed0000]
 total_blobs=10225 nmethods=9275 adapters=854
 compilation: enabled
              stopped_count=0, restarted_count=0
 full_count=0

Compilation events (20 events):
Event: 95.993 Thread 0x0000025fcd2db750 11297       4       java.util.TimSort::mergeHi (732 bytes)
Event: 96.009 Thread 0x0000025fcd30b820 11299       3       java.util.TimSort::ensureCapacity (77 bytes)
Event: 96.010 Thread 0x0000025fcd30b820 nmethod 11299 0x0000025fa1e86a90 code [0x0000025fa1e86c80, 0x0000025fa1e87228]
Event: 96.554 Thread 0x0000025fcd2db750 nmethod 11297 0x0000025fb152dd10 code [0x0000025fb152dfe0, 0x0000025fb1530718]
Event: 96.555 Thread 0x0000025fcd2db750 11300       4       java.util.Collections::reverse (125 bytes)
Event: 96.901 Thread 0x0000025fcd2db750 nmethod 11300 0x0000025fb1531610 code [0x0000025fb15317e0, 0x0000025fb1531e98]
Event: 96.901 Thread 0x0000025fcd2db750 11295       4       java.util.Collections::swap (25 bytes)
Event: 96.907 Thread 0x0000025fcd2db750 nmethod 11295 0x0000025fb1532310 code [0x0000025fb15324e0, 0x0000025fb15329c0]
Event: 96.907 Thread 0x0000025fcd2db750 11296       4       org.jetbrains.org.objectweb.asm.SymbolTable::addConstant (330 bytes)
Event: 97.189 Thread 0x0000025fcd30b820 11301       3       java.util.HashMap$Values::spliterator (16 bytes)
Event: 97.346 Thread 0x0000025fcd30b820 nmethod 11301 0x0000025fa1e87490 code [0x0000025fa1e87640, 0x0000025fa1e87808]
Event: 97.702 Thread 0x0000025fcd2db750 nmethod 11296 0x0000025fb1532d10 code [0x0000025fb1533000, 0x0000025fb1534070]
Event: 98.000 Thread 0x0000025fcd2db750 11303       4       org.jetbrains.kotlin.incremental.classpathDiff.BasicClassInfo$Companion::compute (179 bytes)
Event: 98.228 Thread 0x0000025fcd2db750 nmethod 11303 0x0000025fb1534990 code [0x0000025fb1534d40, 0x0000025fb15374a0]
Event: 98.228 Thread 0x0000025fcd2db750 11304       4       org.jetbrains.kotlin.incremental.classpathDiff.BasicClassInfo::<init> (145 bytes)
Event: 98.235 Thread 0x0000025fcd2db750 nmethod 11304 0x0000025fb1538d10 code [0x0000025fb1538ea0, 0x0000025fb1539318]
Event: 98.389 Thread 0x0000025fcd2db750 11305       4       org.jetbrains.kotlin.resolve.jvm.JvmClassName::equals (39 bytes)
Event: 98.392 Thread 0x0000025fcd2db750 nmethod 11305 0x0000025fb1539490 code [0x0000025fb1539620, 0x0000025fb1539888]
Event: 98.415 Thread 0x0000025fcd2db750 11306   !   4       java.util.concurrent.locks.AbstractQueuedSynchronizer::tryInitializeHead (66 bytes)
Event: 98.427 Thread 0x0000025fcd2db750 nmethod 11306 0x0000025fb1539a10 code [0x0000025fb1539ba0, 0x0000025fb1539ea8]

GC Heap History (20 events):
Event: 73.748 GC heap after
{Heap after GC invocations=58 (full 0):
 garbage-first heap   total reserved 8388608K, committed 606208K, used 126323K [0x0000000600000000, 0x0000000800000000)
  region size 4096K, 2 young (8192K), 2 survivors (8192K)
 Metaspace       used 76103K, committed 78272K, reserved 1179648K
  class space    used 10987K, committed 12032K, reserved 1048576K
}
Event: 79.033 GC heap before
{Heap before GC invocations=58 (full 0):
 garbage-first heap   total reserved 8388608K, committed 606208K, used 474483K [0x0000000600000000, 0x0000000800000000)
  region size 4096K, 88 young (360448K), 2 survivors (8192K)
 Metaspace       used 76260K, committed 78400K, reserved 1179648K
  class space    used 11010K, committed 12032K, reserved 1048576K
}
Event: 79.122 GC heap after
{Heap after GC invocations=59 (full 0):
 garbage-first heap   total reserved 8388608K, committed 606208K, used 129763K [0x0000000600000000, 0x0000000800000000)
  region size 4096K, 3 young (12288K), 3 survivors (12288K)
 Metaspace       used 76260K, committed 78400K, reserved 1179648K
  class space    used 11010K, committed 12032K, reserved 1048576K
}
Event: 82.996 GC heap before
{Heap before GC invocations=59 (full 0):
 garbage-first heap   total reserved 8388608K, committed 606208K, used 477923K [0x0000000600000000, 0x0000000800000000)
  region size 4096K, 88 young (360448K), 3 survivors (12288K)
 Metaspace       used 76313K, committed 78464K, reserved 1179648K
  class space    used 11011K, committed 12032K, reserved 1048576K
}
Event: 83.500 GC heap after
{Heap after GC invocations=60 (full 0):
 garbage-first heap   total reserved 8388608K, committed 606208K, used 133987K [0x0000000600000000, 0x0000000800000000)
  region size 4096K, 4 young (16384K), 4 survivors (16384K)
 Metaspace       used 76313K, committed 78464K, reserved 1179648K
  class space    used 11011K, committed 12032K, reserved 1048576K
}
Event: 83.845 GC heap before
{Heap before GC invocations=60 (full 0):
 garbage-first heap   total reserved 8388608K, committed 606208K, used 146275K [0x0000000600000000, 0x0000000800000000)
  region size 4096K, 7 young (28672K), 4 survivors (16384K)
 Metaspace       used 76313K, committed 78464K, reserved 1179648K
  class space    used 11011K, committed 12032K, reserved 1048576K
}
Event: 83.902 GC heap after
{Heap after GC invocations=61 (full 0):
 garbage-first heap   total reserved 8388608K, committed 606208K, used 135021K [0x0000000600000000, 0x0000000800000000)
  region size 4096K, 1 young (4096K), 1 survivors (4096K)
 Metaspace       used 76313K, committed 78464K, reserved 1179648K
  class space    used 11011K, committed 12032K, reserved 1048576K
}
Event: 88.697 GC heap before
{Heap before GC invocations=61 (full 0):
 garbage-first heap   total reserved 8388608K, committed 606208K, used 487277K [0x0000000600000000, 0x0000000800000000)
  region size 4096K, 88 young (360448K), 1 survivors (4096K)
 Metaspace       used 76321K, committed 78464K, reserved 1179648K
  class space    used 11011K, committed 12032K, reserved 1048576K
}
Event: 90.832 GC heap after
{Heap after GC invocations=62 (full 0):
 garbage-first heap   total reserved 8388608K, committed 1126400K, used 137004K [0x0000000600000000, 0x0000000800000000)
  region size 4096K, 2 young (8192K), 2 survivors (8192K)
 Metaspace       used 76321K, committed 78464K, reserved 1179648K
  class space    used 11011K, committed 12032K, reserved 1048576K
}
Event: 95.754 GC heap before
{Heap before GC invocations=62 (full 0):
 garbage-first heap   total reserved 8388608K, committed 1126400K, used 182060K [0x0000000600000000, 0x0000000800000000)
  region size 4096K, 13 young (53248K), 2 survivors (8192K)
 Metaspace       used 76327K, committed 78464K, reserved 1179648K
  class space    used 11012K, committed 12032K, reserved 1048576K
}
Event: 95.768 GC heap after
{Heap after GC invocations=63 (full 0):
 garbage-first heap   total reserved 8388608K, committed 1126400K, used 137976K [0x0000000600000000, 0x0000000800000000)
  region size 4096K, 2 young (8192K), 2 survivors (8192K)
 Metaspace       used 76327K, committed 78464K, reserved 1179648K
  class space    used 11012K, committed 12032K, reserved 1048576K
}
Event: 95.895 GC heap before
{Heap before GC invocations=63 (full 0):
 garbage-first heap   total reserved 8388608K, committed 1126400K, used 183032K [0x0000000600000000, 0x0000000800000000)
  region size 4096K, 13 young (53248K), 2 survivors (8192K)
 Metaspace       used 76327K, committed 78464K, reserved 1179648K
  class space    used 11012K, committed 12032K, reserved 1048576K
}
Event: 95.917 GC heap after
{Heap after GC invocations=64 (full 0):
 garbage-first heap   total reserved 8388608K, committed 1126400K, used 138788K [0x0000000600000000, 0x0000000800000000)
  region size 4096K, 1 young (4096K), 1 survivors (4096K)
 Metaspace       used 76327K, committed 78464K, reserved 1179648K
  class space    used 11012K, committed 12032K, reserved 1048576K
}
Event: 96.062 GC heap before
{Heap before GC invocations=64 (full 0):
 garbage-first heap   total reserved 8388608K, committed 1126400K, used 187940K [0x0000000600000000, 0x0000000800000000)
  region size 4096K, 13 young (53248K), 1 survivors (4096K)
 Metaspace       used 76327K, committed 78464K, reserved 1179648K
  class space    used 11012K, committed 12032K, reserved 1048576K
}
Event: 96.067 GC heap after
{Heap after GC invocations=65 (full 0):
 garbage-first heap   total reserved 8388608K, committed 1126400K, used 139048K [0x0000000600000000, 0x0000000800000000)
  region size 4096K, 1 young (4096K), 1 survivors (4096K)
 Metaspace       used 76327K, committed 78464K, reserved 1179648K
  class space    used 11012K, committed 12032K, reserved 1048576K
}
Event: 98.436 GC heap before
{Heap before GC invocations=65 (full 0):
 garbage-first heap   total reserved 8388608K, committed 1126400K, used 188200K [0x0000000600000000, 0x0000000800000000)
  region size 4096K, 13 young (53248K), 1 survivors (4096K)
 Metaspace       used 76327K, committed 78464K, reserved 1179648K
  class space    used 11012K, committed 12032K, reserved 1048576K
}
Event: 98.442 GC heap after
{Heap after GC invocations=66 (full 0):
 garbage-first heap   total reserved 8388608K, committed 1126400K, used 140106K [0x0000000600000000, 0x0000000800000000)
  region size 4096K, 1 young (4096K), 1 survivors (4096K)
 Metaspace       used 76327K, committed 78464K, reserved 1179648K
  class space    used 11012K, committed 12032K, reserved 1048576K
}
Event: 98.554 GC heap before
{Heap before GC invocations=66 (full 0):
 garbage-first heap   total reserved 8388608K, committed 1126400K, used 189258K [0x0000000600000000, 0x0000000800000000)
  region size 4096K, 13 young (53248K), 1 survivors (4096K)
 Metaspace       used 76327K, committed 78464K, reserved 1179648K
  class space    used 11012K, committed 12032K, reserved 1048576K
}
Event: 98.561 GC heap after
{Heap after GC invocations=67 (full 0):
 garbage-first heap   total reserved 8388608K, committed 1126400K, used 140900K [0x0000000600000000, 0x0000000800000000)
  region size 4096K, 1 young (4096K), 1 survivors (4096K)
 Metaspace       used 76327K, committed 78464K, reserved 1179648K
  class space    used 11012K, committed 12032K, reserved 1048576K
}
Event: 98.684 GC heap before
{Heap before GC invocations=67 (full 0):
 garbage-first heap   total reserved 8388608K, committed 1126400K, used 190052K [0x0000000600000000, 0x0000000800000000)
  region size 4096K, 13 young (53248K), 1 survivors (4096K)
 Metaspace       used 76327K, committed 78464K, reserved 1179648K
  class space    used 11012K, committed 12032K, reserved 1048576K
}

Dll operation events (15 events):
Event: 0.082 Loaded shared library E:\Program Files\Java\jdk-22\bin\java.dll
Event: 3.232 Loaded shared library E:\Program Files\Java\jdk-22\bin\jsvml.dll
Event: 3.450 Loaded shared library E:\Program Files\Java\jdk-22\bin\zip.dll
Event: 3.462 Loaded shared library E:\Program Files\Java\jdk-22\bin\instrument.dll
Event: 3.469 Loaded shared library E:\Program Files\Java\jdk-22\bin\net.dll
Event: 3.472 Loaded shared library E:\Program Files\Java\jdk-22\bin\nio.dll
Event: 3.479 Loaded shared library E:\Program Files\Java\jdk-22\bin\zip.dll
Event: 5.244 Loaded shared library E:\Program Files\Java\jdk-22\bin\jimage.dll
Event: 6.402 Loaded shared library E:\Program Files\Java\jdk-22\bin\verify.dll
Event: 7.479 Loaded shared library C:\Users\Toshiba\.gradle\native\c067742578af261105cb4f569cf0c3c89f3d7b1fecec35dd04571415982c5e48\windows-amd64\native-platform.dll
Event: 7.578 Loaded shared library C:\Users\Toshiba\.gradle\native\100fb08df4bc3b14c8652ba06237920a3bd2aa13389f12d3474272988ae205f9\windows-amd64\native-platform-file-events.dll
Event: 15.035 Loaded shared library E:\Program Files\Java\jdk-22\bin\management.dll
Event: 15.042 Loaded shared library E:\Program Files\Java\jdk-22\bin\management_ext.dll
Event: 15.728 Loaded shared library E:\Program Files\Java\jdk-22\bin\extnet.dll
Event: 16.216 Loaded shared library E:\Program Files\Java\jdk-22\bin\sunmscapi.dll

Deoptimization events (20 events):
Event: 85.668 Thread 0x000002601721f930 Uncommon trap: trap_request=0xffffff45 fr.pc=0x0000025fb13f5efc relative=0x00000000000006bc
Event: 85.668 Thread 0x000002601721f930 Uncommon trap: reason=unstable_if action=reinterpret pc=0x0000025fb13f5efc method=org.jetbrains.kotlin.load.kotlin.header.ReadKotlinClassHeaderAnnotationVisitor.shouldHaveData()Z @ 27 c2
Event: 85.668 Thread 0x000002601721f930 DEOPT PACKING pc=0x0000025fb13f5efc sp=0x0000006d1f7fb230
Event: 85.668 Thread 0x000002601721f930 DEOPT UNPACKING pc=0x0000025fb09846a2 sp=0x0000006d1f7fb000 mode 2
Event: 85.668 Thread 0x000002601721f930 Uncommon trap: trap_request=0xffffff45 fr.pc=0x0000025fb13f52cc relative=0x000000000000042c
Event: 85.668 Thread 0x000002601721f930 Uncommon trap: reason=unstable_if action=reinterpret pc=0x0000025fb13f52cc method=org.jetbrains.kotlin.incremental.classpathDiff.BasicClassInfo.<init>(Lorg/jetbrains/kotlin/name/ClassId;Lorg/jetbrains/kotlin/load/kotlin/header/KotlinClassHeader;Ljava/util
Event: 85.668 Thread 0x000002601721f930 DEOPT PACKING pc=0x0000025fb13f52cc sp=0x0000006d1f7fb130
Event: 85.668 Thread 0x000002601721f930 DEOPT UNPACKING pc=0x0000025fb09846a2 sp=0x0000006d1f7fb108 mode 2
Event: 85.670 Thread 0x000002601721f930 Uncommon trap: trap_request=0xffffffc6 fr.pc=0x0000025fb13b212c relative=0x000000000000154c
Event: 85.670 Thread 0x000002601721f930 Uncommon trap: reason=bimorphic_or_optimized_type_check action=maybe_recompile pc=0x0000025fb13b212c method=org.jetbrains.org.objectweb.asm.ClassReader.readElementValue(Lorg/jetbrains/org/objectweb/asm/AnnotationVisitor;ILjava/lang/String;[C)I @ 485 c2
Event: 85.670 Thread 0x000002601721f930 DEOPT PACKING pc=0x0000025fb13b212c sp=0x0000006d1f7fadb0
Event: 85.671 Thread 0x000002601721f930 DEOPT UNPACKING pc=0x0000025fb09846a2 sp=0x0000006d1f7fad20 mode 2
Event: 87.233 Thread 0x000002601721f930 Uncommon trap: trap_request=0xffffffbe fr.pc=0x0000025fb14d99a0 relative=0x000000000000bbc0
Event: 87.233 Thread 0x000002601721f930 Uncommon trap: reason=profile_predicate action=maybe_recompile pc=0x0000025fb14d99a0 method=org.jetbrains.org.objectweb.asm.ClassReader.accept(Lorg/jetbrains/org/objectweb/asm/ClassVisitor;[Lorg/jetbrains/org/objectweb/asm/Attribute;I)V @ 878 c2
Event: 87.233 Thread 0x000002601721f930 DEOPT PACKING pc=0x0000025fb14d99a0 sp=0x0000006d1f7faf90
Event: 87.233 Thread 0x000002601721f930 DEOPT UNPACKING pc=0x0000025fb09846a2 sp=0x0000006d1f7fafe8 mode 2
Event: 87.236 Thread 0x000002601721f930 Uncommon trap: trap_request=0xffffffbe fr.pc=0x0000025fb14d99a0 relative=0x000000000000bbc0
Event: 87.236 Thread 0x000002601721f930 Uncommon trap: reason=profile_predicate action=maybe_recompile pc=0x0000025fb14d99a0 method=org.jetbrains.org.objectweb.asm.ClassReader.accept(Lorg/jetbrains/org/objectweb/asm/ClassVisitor;[Lorg/jetbrains/org/objectweb/asm/Attribute;I)V @ 878 c2
Event: 87.236 Thread 0x000002601721f930 DEOPT PACKING pc=0x0000025fb14d99a0 sp=0x0000006d1f7faf90
Event: 87.236 Thread 0x000002601721f930 DEOPT UNPACKING pc=0x0000025fb09846a2 sp=0x0000006d1f7fafe8 mode 2

Classes loaded (20 events):
Event: 63.730 Loading class java/util/TreeMap$TreeMapSpliterator done
Event: 63.730 Loading class java/util/TreeMap$KeySpliterator done
Event: 63.891 Loading class java/util/stream/ReferencePipeline$4
Event: 63.891 Loading class java/util/stream/ReferencePipeline$4 done
Event: 63.892 Loading class java/util/stream/ReduceOps$6
Event: 63.892 Loading class java/util/stream/ReduceOps$6 done
Event: 63.893 Loading class java/util/stream/ReduceOps$5ReducingSink
Event: 63.893 Loading class java/util/stream/ReduceOps$5ReducingSink done
Event: 63.893 Loading class java/util/stream/ReferencePipeline$4$1
Event: 63.893 Loading class java/util/stream/ReferencePipeline$4$1 done
Event: 64.341 Loading class java/util/zip/ZipFile$ZipEntryIterator
Event: 64.341 Loading class java/util/zip/ZipFile$ZipEntryIterator done
Event: 65.124 Loading class java/io/UTFDataFormatException
Event: 65.124 Loading class java/io/UTFDataFormatException done
Event: 76.779 Loading class java/nio/file/StandardCopyOption
Event: 77.073 Loading class java/nio/file/StandardCopyOption done
Event: 77.205 Loading class sun/nio/fs/WindowsFileCopy
Event: 77.229 Loading class sun/nio/fs/WindowsFileCopy done
Event: 95.651 Loading class java/time/Instant$1
Event: 95.660 Loading class java/time/Instant$1 done

Classes unloaded (0 events):
No events

Classes redefined (0 events):
No events

Internal exceptions (20 events):
Event: 61.043 Thread 0x0000026014749ef0 Exception <a 'java/lang/NoSuchMethodError'{0x00000007ffdb7260}: static Lorg/gradle/internal/build/event/types/DefaultPluginApplicationResult;.<clinit>()V> (0x00000007ffdb7260) 
thrown [s\open\src\hotspot\share\prims\jni.cpp, line 1111]
Event: 61.044 Thread 0x0000026014749ef0 Exception <a 'java/lang/NoSuchMethodError'{0x00000007ffdbf830}: static Lorg/gradle/internal/build/event/types/DefaultBinaryPluginIdentifier;.<clinit>()V> (0x00000007ffdbf830) 
thrown [s\open\src\hotspot\share\prims\jni.cpp, line 1111]
Event: 61.050 Thread 0x0000026014749ef0 Exception <a 'java/lang/NoSuchMethodError'{0x00000007ffdd0b48}: static Lorg/gradle/internal/build/event/types/DefaultScriptPluginIdentifier;.<clinit>()V> (0x00000007ffdd0b48) 
thrown [s\open\src\hotspot\share\prims\jni.cpp, line 1111]
Event: 61.390 Thread 0x000002601474a580 Exception <a 'java/lang/NoSuchMethodError'{0x00000007fffa6588}: 'void java.lang.invoke.DirectMethodHandle$Holder.invokeStatic(java.lang.Object, java.lang.Object, java.lang.Object, java.lang.Object, java.lang.Object, java.lang.Object, java.lang.Object, java.lang.Object)'> (0x00000007fffa6588) 
thrown [s\open\src\hotspot\share\interpreter\linkResolver.cpp, line 774]
Event: 63.340 Thread 0x000002601474a580 Exception <a 'java/lang/NoSuchMethodError'{0x00000006067ef470}: 'java.lang.Object java.lang.invoke.DirectMethodHandle$Holder.newInvokeSpecial(java.lang.Object, java.lang.Object, java.lang.Object, java.lang.Object, java.lang.Object, java.lang.Object, int)'> (0x00000006067ef470) 
thrown [s\open\src\hotspot\share\interpreter\linkResolver.cpp, line 774]
Event: 63.340 Thread 0x000002601474a580 Exception <a 'java/lang/NoSuchMethodError'{0x00000006067f4bb8}: 'java.lang.Object java.lang.invoke.DirectMethodHandle$Holder.invokeSpecial(java.lang.Object, java.lang.Object, java.lang.Object, java.lang.Object, java.lang.Object, java.lang.Object, java.lang.Object, int)'> (0x00000006067f4bb8) 
thrown [s\open\src\hotspot\share\interpreter\linkResolver.cpp, line 774]
Event: 63.340 Thread 0x000002601474a580 Exception <a 'java/lang/NoSuchMethodError'{0x00000006067f9c88}: 'java.lang.Object java.lang.invoke.Invokers$Holder.linkToTargetMethod(java.lang.Object, java.lang.Object, java.lang.Object, java.lang.Object, java.lang.Object, int, java.lang.Object)'> (0x00000006067f9c88) 
thrown [s\open\src\hotspot\share\interpreter\linkResolver.cpp, line 774]
Event: 63.581 Thread 0x000002601721ffc0 Implicit null exception at 0x0000025fb1229833 to 0x0000025fb12299f0
Event: 63.587 Thread 0x000002601721ffc0 Exception <a 'java/lang/NoSuchMethodError'{0x00000006058386f0}: 'java.lang.Object java.lang.invoke.DirectMethodHandle$Holder.newInvokeSpecial(java.lang.Object, java.lang.Object, int, java.lang.Object, java.lang.Object)'> (0x00000006058386f0) 
thrown [s\open\src\hotspot\share\interpreter\linkResolver.cpp, line 774]
Event: 63.714 Thread 0x000002601721ffc0 Exception <a 'java/lang/NoSuchMethodError'{0x0000000605a8b358}: 'java.lang.Object java.lang.invoke.DirectMethodHandle$Holder.invokeVirtual(java.lang.Object, java.lang.Object, java.lang.Object, java.lang.Object, java.lang.Object, java.lang.Object, java.lang.Object, java.lang.Object, java.lang.Object, java.lang.Object, java.lang.Object, java.lang.Object, java.lang.Object, java.lang.Object, java.lang.Object, java.lang.Object, java.lang.Object, java.lang.Object, java.lang.Object)'> (0x0000000605a8b358) 
thrown
Event: 63.736 Thread 0x0000026014749ef0 Exception <a 'java/lang/NoSuchMethodError'{0x0000000605b6a9f8}: static Lorg/gradle/internal/build/event/types/DefaultTaskStartedProgressEvent;.<clinit>()V> (0x0000000605b6a9f8) 
thrown [s\open\src\hotspot\share\prims\jni.cpp, line 1111]
Event: 63.736 Thread 0x0000026014749ef0 Exception <a 'java/lang/NoSuchMethodError'{0x0000000605b722a0}: static Lorg/gradle/internal/build/event/types/DefaultTaskDescriptor;.<clinit>()V> (0x0000000605b722a0) 
thrown [s\open\src\hotspot\share\prims\jni.cpp, line 1111]
Event: 63.836 Thread 0x0000026014749ef0 Exception <a 'java/lang/NoSuchMethodError'{0x00000007ffda9030}: static Lorg/gradle/internal/build/event/types/DefaultTaskFinishedProgressEvent;.<clinit>()V> (0x00000007ffda9030) 
thrown [s\open\src\hotspot\share\prims\jni.cpp, line 1111]
Event: 63.837 Thread 0x0000026014749ef0 Exception <a 'java/lang/NoSuchMethodError'{0x00000007ffdb6248}: static Lorg/gradle/internal/build/event/types/DefaultTaskSuccessResult;.<clinit>()V> (0x00000007ffdb6248) 
thrown [s\open\src\hotspot\share\prims\jni.cpp, line 1111]
Event: 63.837 Thread 0x0000026014749ef0 Exception <a 'java/lang/NoSuchMethodError'{0x00000007ffdc8020}: static Lorg/gradle/internal/build/event/types/AbstractTaskResult;.<clinit>()V> (0x00000007ffdc8020) 
thrown [s\open\src\hotspot\share\prims\jni.cpp, line 1111]
Event: 63.839 Thread 0x0000026014749ef0 Exception <a 'java/lang/NoSuchMethodError'{0x00000007ffdd73d0}: static [Ljava/lang/Object;.<clinit>()V> (0x00000007ffdd73d0) 
thrown [s\open\src\hotspot\share\prims\jni.cpp, line 1111]
Event: 63.847 Thread 0x000002601721ffc0 Exception <a 'java/lang/NoSuchMethodError'{0x00000007ffe2ad68}: 'void java.lang.invoke.DirectMethodHandle$Holder.invokeSpecial(java.lang.Object, java.lang.Object, java.lang.Object, java.lang.Object, int, java.lang.Object, java.lang.Object)'> (0x00000007ffe2ad68) 
thrown [s\open\src\hotspot\share\interpreter\linkResolver.cpp, line 774]
Event: 63.930 Thread 0x000002601721ffc0 Exception <a 'java/lang/NoSuchMethodError'{0x0000000606c2e878}: 'int java.lang.invoke.DirectMethodHandle$Holder.invokeSpecial(java.lang.Object, java.lang.Object, java.lang.Object, java.lang.Object, java.lang.Object)'> (0x0000000606c2e878) 
thrown [s\open\src\hotspot\share\interpreter\linkResolver.cpp, line 774]
Event: 64.014 Thread 0x000002601721ffc0 Exception <a 'java/lang/IncompatibleClassChangeError'{0x0000000606dd7798}: Found class java.lang.Object, but interface was expected> (0x0000000606dd7798) 
thrown [s\open\src\hotspot\share\interpreter\linkResolver.cpp, line 841]
Event: 64.357 Thread 0x0000026016a6ab30 Implicit null exception at 0x0000025fb11156ef to 0x0000025fb11162a4

ZGC Phase Switch (0 events):
No events

VM Operations (20 events):
Event: 84.912 Executing VM operation: Cleanup done
Event: 85.916 Executing VM operation: Cleanup
Event: 85.917 Executing VM operation: Cleanup done
Event: 86.920 Executing VM operation: Cleanup
Event: 86.920 Executing VM operation: Cleanup done
Event: 87.924 Executing VM operation: Cleanup
Event: 87.925 Executing VM operation: Cleanup done
Event: 88.683 Executing VM operation: G1CollectForAllocation (G1 Evacuation Pause)
Event: 90.832 Executing VM operation: G1CollectForAllocation (G1 Evacuation Pause) done
Event: 95.754 Executing VM operation: G1CollectForAllocation (G1 Evacuation Pause)
Event: 95.768 Executing VM operation: G1CollectForAllocation (G1 Evacuation Pause) done
Event: 95.895 Executing VM operation: G1CollectForAllocation (G1 Evacuation Pause)
Event: 95.917 Executing VM operation: G1CollectForAllocation (G1 Evacuation Pause) done
Event: 96.062 Executing VM operation: G1CollectForAllocation (G1 Evacuation Pause)
Event: 96.067 Executing VM operation: G1CollectForAllocation (G1 Evacuation Pause) done
Event: 98.436 Executing VM operation: G1CollectForAllocation (G1 Evacuation Pause)
Event: 98.442 Executing VM operation: G1CollectForAllocation (G1 Evacuation Pause) done
Event: 98.554 Executing VM operation: G1CollectForAllocation (G1 Evacuation Pause)
Event: 98.561 Executing VM operation: G1CollectForAllocation (G1 Evacuation Pause) done
Event: 98.684 Executing VM operation: G1CollectForAllocation (G1 Evacuation Pause)

Memory protections (0 events):
No events

Nmethod flushes (20 events):
Event: 71.989 Thread 0x0000025fcd2b6f20 flushing  nmethod 0x0000025fa1afbe90
Event: 71.989 Thread 0x0000025fcd2b6f20 flushing  nmethod 0x0000025fa1b14290
Event: 71.989 Thread 0x0000025fcd2b6f20 flushing  nmethod 0x0000025fa1b18610
Event: 71.989 Thread 0x0000025fcd2b6f20 flushing  nmethod 0x0000025fa1b19a90
Event: 71.989 Thread 0x0000025fcd2b6f20 flushing  nmethod 0x0000025fa1b1a290
Event: 71.989 Thread 0x0000025fcd2b6f20 flushing  nmethod 0x0000025fa1b24610
Event: 71.989 Thread 0x0000025fcd2b6f20 flushing  nmethod 0x0000025fa1b25010
Event: 71.989 Thread 0x0000025fcd2b6f20 flushing  nmethod 0x0000025fa1b58810
Event: 71.989 Thread 0x0000025fcd2b6f20 flushing  nmethod 0x0000025fa1b5fe90
Event: 71.989 Thread 0x0000025fcd2b6f20 flushing  nmethod 0x0000025fa1b60410
Event: 71.989 Thread 0x0000025fcd2b6f20 flushing  nmethod 0x0000025fa1b9f290
Event: 71.989 Thread 0x0000025fcd2b6f20 flushing  nmethod 0x0000025fa1b9f990
Event: 71.989 Thread 0x0000025fcd2b6f20 flushing  nmethod 0x0000025fa1ba2d10
Event: 71.989 Thread 0x0000025fcd2b6f20 flushing  nmethod 0x0000025fa1bd1510
Event: 71.989 Thread 0x0000025fcd2b6f20 flushing  nmethod 0x0000025fa1bd1c90
Event: 71.989 Thread 0x0000025fcd2b6f20 flushing  nmethod 0x0000025fa1bd2290
Event: 71.989 Thread 0x0000025fcd2b6f20 flushing  nmethod 0x0000025fa1ca7c90
Event: 71.989 Thread 0x0000025fcd2b6f20 flushing  nmethod 0x0000025fa1cb1b90
Event: 71.989 Thread 0x0000025fcd2b6f20 flushing  nmethod 0x0000025fa1cb2210
Event: 71.989 Thread 0x0000025fcd2b6f20 flushing  nmethod 0x0000025fa1cb3510

Events (20 events):
Event: 36.996 Thread 0x000002601474a580 Thread added: 0x00000260150344b0
Event: 37.143 Thread 0x000002601474a580 Thread added: 0x0000026015038ce0
Event: 37.145 Thread 0x000002601474a580 Thread added: 0x0000026015037fc0
Event: 37.147 Thread 0x000002601474a580 Thread added: 0x0000026015037930
Event: 37.598 Thread 0x000002601474a580 Thread added: 0x0000026015036580
Event: 37.601 Thread 0x000002601474a580 Thread added: 0x0000026015038650
Event: 37.603 Thread 0x000002601474a580 Thread added: 0x0000026015039370
Event: 42.239 Thread 0x000002601474a580 Thread added: 0x000002601503a720
Event: 44.283 Thread 0x000002601474a580 Thread added: 0x000002601503bad0
Event: 63.568 Thread 0x000002601474a580 Thread added: 0x000002601721ffc0
Event: 63.591 Thread 0x000002601721ffc0 Thread added: 0x0000026017220650
Event: 63.591 Thread 0x000002601721ffc0 Thread added: 0x000002601721ec10
Event: 63.591 Thread 0x000002601721ffc0 Thread added: 0x0000026017220ce0
Event: 63.674 Thread 0x000002601721ffc0 Thread added: 0x000002601721e580
Event: 64.116 Thread 0x000002601721ffc0 Thread added: 0x0000026017221370
Event: 64.117 Thread 0x000002601721ffc0 Thread added: 0x000002601721def0
Event: 64.117 Thread 0x000002601721ffc0 Thread added: 0x000002601721f2a0
Event: 64.140 Thread 0x000002601721ffc0 Thread added: 0x000002601721f930
Event: 64.141 Thread 0x000002601721ffc0 Thread added: 0x0000026016a69780
Event: 64.142 Thread 0x000002601721ffc0 Thread added: 0x0000026016a6ab30


Dynamic libraries:
0x00007ff635d70000 - 0x00007ff635d80000 	E:\Program Files\Java\jdk-22\bin\java.exe
0x00007ffd5e110000 - 0x00007ffd5e305000 	C:\Windows\SYSTEM32\ntdll.dll
0x00007ffd5daa0000 - 0x00007ffd5db5e000 	C:\Windows\System32\KERNEL32.DLL
0x00007ffd5ba20000 - 0x00007ffd5bce9000 	C:\Windows\System32\KERNELBASE.dll
0x00007ffd5b890000 - 0x00007ffd5b990000 	C:\Windows\System32\ucrtbase.dll
0x00007ffd57650000 - 0x00007ffd57667000 	E:\Program Files\Java\jdk-22\bin\jli.dll
0x00007ffd5c810000 - 0x00007ffd5c9b1000 	C:\Windows\System32\USER32.dll
0x00007ffd5b830000 - 0x00007ffd5b852000 	C:\Windows\System32\win32u.dll
0x00007ffd5d540000 - 0x00007ffd5d56b000 	C:\Windows\System32\GDI32.dll
0x00007ffd5c000000 - 0x00007ffd5c10b000 	C:\Windows\System32\gdi32full.dll
0x00007ffd5bf60000 - 0x00007ffd5bffd000 	C:\Windows\System32\msvcp_win.dll
0x00007ffd56ca0000 - 0x00007ffd56cbb000 	E:\Program Files\Java\jdk-22\bin\VCRUNTIME140.dll
0x00007ffd4c100000 - 0x00007ffd4c39a000 	C:\Windows\WinSxS\amd64_microsoft.windows.common-controls_6595b64144ccf1df_6.0.19041.1110_none_60b5254171f9507e\COMCTL32.dll
0x00007ffd5c470000 - 0x00007ffd5c50e000 	C:\Windows\System32\msvcrt.dll
0x00007ffd5c270000 - 0x00007ffd5c2a0000 	C:\Windows\System32\IMM32.DLL
0x00007ffd56c90000 - 0x00007ffd56c9c000 	E:\Program Files\Java\jdk-22\bin\vcruntime140_1.dll
0x00007ffd477c0000 - 0x00007ffd4784e000 	E:\Program Files\Java\jdk-22\bin\msvcp140.dll
0x00007ffd056f0000 - 0x00007ffd06439000 	E:\Program Files\Java\jdk-22\bin\server\jvm.dll
0x00007ffd5c2a0000 - 0x00007ffd5c34c000 	C:\Windows\System32\ADVAPI32.dll
0x00007ffd5c770000 - 0x00007ffd5c80b000 	C:\Windows\System32\sechost.dll
0x00007ffd5d570000 - 0x00007ffd5d69a000 	C:\Windows\System32\RPCRT4.dll
0x00007ffd5d290000 - 0x00007ffd5d2fb000 	C:\Windows\System32\WS2_32.dll
0x00007ffd5adf0000 - 0x00007ffd5ae3b000 	C:\Windows\SYSTEM32\POWRPROF.dll
0x00007ffd40100000 - 0x00007ffd40127000 	C:\Windows\SYSTEM32\WINMM.dll
0x00007ffd4dc80000 - 0x00007ffd4dc8a000 	C:\Windows\SYSTEM32\VERSION.dll
0x00007ffd5ac60000 - 0x00007ffd5ac72000 	C:\Windows\SYSTEM32\UMPDC.dll
0x00007ffd59730000 - 0x00007ffd59742000 	C:\Windows\SYSTEM32\kernel.appcore.dll
0x00007ffd559d0000 - 0x00007ffd559da000 	E:\Program Files\Java\jdk-22\bin\jimage.dll
0x00007ffd4a620000 - 0x00007ffd4a804000 	C:\Windows\SYSTEM32\DBGHELP.DLL
0x00007ffd48e00000 - 0x00007ffd48e2c000 	C:\Windows\SYSTEM32\dbgcore.DLL
0x00007ffd5b990000 - 0x00007ffd5ba13000 	C:\Windows\System32\bcryptPrimitives.dll
0x00007ffd4d870000 - 0x00007ffd4d87f000 	E:\Program Files\Java\jdk-22\bin\instrument.dll
0x00007ffd48890000 - 0x00007ffd488ae000 	E:\Program Files\Java\jdk-22\bin\java.dll
0x00007ffd5ca20000 - 0x00007ffd5d15f000 	C:\Windows\System32\SHELL32.dll
0x00007ffd5d410000 - 0x00007ffd5d53a000 	C:\Windows\System32\ole32.dll
0x00007ffd5d720000 - 0x00007ffd5da75000 	C:\Windows\System32\combase.dll
0x00007ffd59930000 - 0x00007ffd5a0c0000 	C:\Windows\SYSTEM32\windows.storage.dll
0x00007ffd5b280000 - 0x00007ffd5b2ac000 	C:\Windows\SYSTEM32\Wldp.dll
0x00007ffd5c160000 - 0x00007ffd5c20d000 	C:\Windows\System32\SHCORE.dll
0x00007ffd5c9c0000 - 0x00007ffd5ca15000 	C:\Windows\System32\shlwapi.dll
0x00007ffd5b770000 - 0x00007ffd5b78f000 	C:\Windows\SYSTEM32\profapi.dll
0x00007ffd45230000 - 0x00007ffd45307000 	E:\Program Files\Java\jdk-22\bin\jsvml.dll
0x00007ffd47780000 - 0x00007ffd47797000 	E:\Program Files\Java\jdk-22\bin\zip.dll
0x00007ffd487a0000 - 0x00007ffd487b0000 	E:\Program Files\Java\jdk-22\bin\net.dll
0x00007ffd5afe0000 - 0x00007ffd5b04a000 	C:\Windows\system32\mswsock.dll
0x00007ffd45ff0000 - 0x00007ffd46006000 	E:\Program Files\Java\jdk-22\bin\nio.dll
0x00007ffd47890000 - 0x00007ffd478a0000 	E:\Program Files\Java\jdk-22\bin\verify.dll
0x00007ffd45fb0000 - 0x00007ffd45fd7000 	C:\Users\Toshiba\.gradle\native\c067742578af261105cb4f569cf0c3c89f3d7b1fecec35dd04571415982c5e48\windows-amd64\native-platform.dll
0x00007ffd0a360000 - 0x00007ffd0a4a4000 	C:\Users\Toshiba\.gradle\native\100fb08df4bc3b14c8652ba06237920a3bd2aa13389f12d3474272988ae205f9\windows-amd64\native-platform-file-events.dll
0x00007ffd57740000 - 0x00007ffd5774a000 	E:\Program Files\Java\jdk-22\bin\management.dll
0x00007ffd57730000 - 0x00007ffd5773b000 	E:\Program Files\Java\jdk-22\bin\management_ext.dll
0x00007ffd5db60000 - 0x00007ffd5db68000 	C:\Windows\System32\PSAPI.DLL
0x00007ffd5b1d0000 - 0x00007ffd5b1e8000 	C:\Windows\SYSTEM32\CRYPTSP.dll
0x00007ffd5a8f0000 - 0x00007ffd5a924000 	C:\Windows\system32\rsaenh.dll
0x00007ffd5b860000 - 0x00007ffd5b887000 	C:\Windows\System32\bcrypt.dll
0x00007ffd5b730000 - 0x00007ffd5b75e000 	C:\Windows\SYSTEM32\USERENV.dll
0x00007ffd5b1f0000 - 0x00007ffd5b1fc000 	C:\Windows\SYSTEM32\CRYPTBASE.dll
0x00007ffd5ac80000 - 0x00007ffd5acbb000 	C:\Windows\SYSTEM32\IPHLPAPI.DLL
0x00007ffd5c510000 - 0x00007ffd5c518000 	C:\Windows\System32\NSI.dll
0x00007ffd57720000 - 0x00007ffd57729000 	E:\Program Files\Java\jdk-22\bin\extnet.dll
0x00007ffd478e0000 - 0x00007ffd478ee000 	E:\Program Files\Java\jdk-22\bin\sunmscapi.dll
0x00007ffd5bda0000 - 0x00007ffd5bef6000 	C:\Windows\System32\CRYPT32.dll
0x00007ffd5b2f0000 - 0x00007ffd5b317000 	C:\Windows\SYSTEM32\ncrypt.dll
0x00007ffd5b2b0000 - 0x00007ffd5b2eb000 	C:\Windows\SYSTEM32\NTASN1.dll
0x00007ffd44e30000 - 0x00007ffd44e37000 	C:\Windows\system32\wshunix.dll
0x00007ffd55930000 - 0x00007ffd55947000 	C:\Windows\system32\napinsp.dll
0x00007ffd4c0e0000 - 0x00007ffd4c0fb000 	C:\Windows\system32\pnrpnsp.dll
0x00007ffd54100000 - 0x00007ffd54115000 	C:\Windows\system32\wshbth.dll
0x00007ffd575b0000 - 0x00007ffd575cd000 	C:\Windows\system32\NLAapi.dll
0x00007ffd5acd0000 - 0x00007ffd5ad9c000 	C:\Windows\SYSTEM32\DNSAPI.dll
0x00007ffd47870000 - 0x00007ffd47882000 	C:\Windows\System32\winrnr.dll
0x00007ffd4cb30000 - 0x00007ffd4cb3a000 	C:\Windows\System32\rasadhlp.dll
0x00007ffd4cb90000 - 0x00007ffd4cc0f000 	C:\Windows\System32\fwpuclnt.dll

dbghelp: loaded successfully - version: 4.0.5 - missing functions: none
symbol engine: initialized successfully - sym options: 0x614 - pdb path: .;E:\Program Files\Java\jdk-22\bin;C:\Windows\SYSTEM32;C:\Windows\WinSxS\amd64_microsoft.windows.common-controls_6595b64144ccf1df_6.0.19041.1110_none_60b5254171f9507e;E:\Program Files\Java\jdk-22\bin\server;C:\Users\Toshiba\.gradle\native\c067742578af261105cb4f569cf0c3c89f3d7b1fecec35dd04571415982c5e48\windows-amd64;C:\Users\Toshiba\.gradle\native\100fb08df4bc3b14c8652ba06237920a3bd2aa13389f12d3474272988ae205f9\windows-amd64

VM Arguments:
jvm_args: -XX:MaxMetaspaceSize=4G -XX:ReservedCodeCacheSize=512m -XX:+HeapDumpOnOutOfMemoryError --add-opens=java.base/java.util=ALL-UNNAMED --add-opens=java.base/java.lang=ALL-UNNAMED --add-opens=java.base/java.lang.invoke=ALL-UNNAMED --add-opens=java.prefs/java.util.prefs=ALL-UNNAMED --add-exports=jdk.compiler/com.sun.tools.javac.api=ALL-UNNAMED --add-exports=jdk.compiler/com.sun.tools.javac.util=ALL-UNNAMED --add-opens=java.base/java.nio.charset=ALL-UNNAMED --add-opens=java.base/java.net=ALL-UNNAMED --add-opens=java.base/java.util.concurrent.atomic=ALL-UNNAMED -Xmx8G -Dfile.encoding=utf8 -Duser.country=US -Duser.language=en -Duser.variant -javaagent:C:\Users\Toshiba\.gradle\wrapper\dists\gradle-8.10.2-all\7iv73wktx1xtkvlq19urqw1wm\gradle-8.10.2\lib\agents\gradle-instrumentation-agent-8.10.2.jar 
java_command: org.gradle.launcher.daemon.bootstrap.GradleDaemon 8.10.2
java_class_path (initial): C:\Users\Toshiba\.gradle\wrapper\dists\gradle-8.10.2-all\7iv73wktx1xtkvlq19urqw1wm\gradle-8.10.2\lib\gradle-daemon-main-8.10.2.jar
Launcher Type: SUN_STANDARD

[Global flags]
     intx CICompilerCount                          = 3                                         {product} {ergonomic}
     uint ConcGCThreads                            = 1                                         {product} {ergonomic}
     uint G1ConcRefinementThreads                  = 4                                         {product} {ergonomic}
   size_t G1HeapRegionSize                         = 4194304                                   {product} {ergonomic}
     bool HeapDumpOnOutOfMemoryError               = true                                   {manageable} {command line}
   size_t InitialHeapSize                          = 67108864                                  {product} {ergonomic}
   size_t MarkStackSize                            = 4194304                                   {product} {ergonomic}
   size_t MaxHeapSize                              = 8589934592                                {product} {command line}
   size_t MaxMetaspaceSize                         = 4294967296                                {product} {command line}
   size_t MaxNewSize                               = 5150605312                                {product} {ergonomic}
   size_t MinHeapDeltaBytes                        = 4194304                                   {product} {ergonomic}
   size_t MinHeapSize                              = 8388608                                   {product} {ergonomic}
    uintx NonNMethodCodeHeapSize                   = 5832780                                {pd product} {ergonomic}
    uintx NonProfiledCodeHeapSize                  = 265519066                              {pd product} {ergonomic}
    uintx ProfiledCodeHeapSize                     = 265519066                              {pd product} {ergonomic}
    uintx ReservedCodeCacheSize                    = 536870912                              {pd product} {command line}
     bool SegmentedCodeCache                       = true                                      {product} {ergonomic}
   size_t SoftMaxHeapSize                          = 8589934592                             {manageable} {ergonomic}
     bool UseCompressedOops                        = true                           {product lp64_product} {ergonomic}
     bool UseG1GC                                  = true                                      {product} {ergonomic}
     bool UseLargePagesIndividualAllocation        = false                                  {pd product} {ergonomic}

Logging:
Log output configuration:
 #0: stdout all=warning uptime,level,tags foldmultilines=false
 #1: stderr all=off uptime,level,tags foldmultilines=false

Environment Variables:
JAVA_HOME=E:\Program Files\Java\jdk-22
PATH=C:\Program Files\Common Files\Oracle\Java\javapath;C:\Windows\system32;C:\Windows;C:\Windows\System32\Wbem;C:\Windows\System32\WindowsPowerShell\v1.0\;C:\Windows\System32\OpenSSH\;E:\NodeJS\;E:\Git\Git\cmd;C:\Program Files\Microsoft SQL Server\Client SDK\ODBC\170\Tools\Binn\;C:\Program Files\dotnet\;C:\Program Files\Microsoft SQL Server\150\Tools\Binn\;E:\Windows Kits\10\Windows Performance Toolkit\;E:\Program Files\Python\Scripts\;E:\Program Files\Python\;C:\Users\Toshiba\AppData\Local\Microsoft\WindowsApps;C:\Users\Toshiba\AppData\Roaming\npm;E:\VisualStudioCode\Microsoft VS Code\bin;C:\Users\Toshiba\AppData\Local\GitHubDesktop\bin;E:\Program Files\Python\python.exe;E:\Program Files\Java\jdk-22\bin;E:\Program Files\IntelliJ IDEA Community Edition 2024.2.3\bin;;C:\Users\Toshiba\.dotnet\tools;E:\flutter\bin;
USERNAME=Toshiba
OS=Windows_NT
PROCESSOR_IDENTIFIER=Intel64 Family 6 Model 69 Stepping 1, GenuineIntel
TMP=C:\Users\Toshiba\AppData\Local\Temp
TEMP=C:\Users\Toshiba\AppData\Local\Temp




Periodic native trim disabled

---------------  S Y S T E M  ---------------

OS:
 Windows 10 , 64 bit Build 19041 (10.0.19041.1202)
OS uptime: 1 days 21:16 hours

CPU: total 4 (initial active 4) (2 cores per cpu, 2 threads per core) family 6 model 69 stepping 1 microcode 0x25, cx8, cmov, fxsr, ht, mmx, sse, sse2, sse3, ssse3, sse4.1, sse4.2, popcnt, lzcnt, tsc, tscinvbit, avx, avx2, aes, erms, clmul, bmi1, bmi2, fma, vzeroupper, clflush, rdtscp, f16c
Processor Information for all 4 processors :
  Max Mhz: 2601, Current Mhz: 2000, Mhz Limit: 1976

Memory: 4k page, system-wide physical 4005M (217M free)
TotalPageFile size 10443M (AvailPageFile size 44M)
current process WorkingSet (physical memory assigned to process): 501M, peak: 508M
current process commit charge ("private bytes"): 1382M, peak: 2482M

vm_info: Java HotSpot(TM) 64-Bit Server VM (22.0.2+9-70) for windows-amd64 JRE (22.0.2+9-70), built on 2024-06-04T16:52:23Z by "mach5one" with MS VC++ 17.6 (VS2022)

END.
